CREATE USER SA PASSWORD "" ADMIN
/*C1*/SET SCHEMA PUBLIC
CONNECT USER SA
CREATE TABLE controller_activation_dsg_customers_ale_services_ale (  time timestamp,  frontend double,  backend double,  appserver double,  controller double,  avgJob double)
INSERT INTO CONTROLLER_ACTIVATION_DSG_CUSTOMERS_ALE_SERVICES_ALE VALUES('2013-10-31 12:38:49.000000000',1.0E0,1.0E0,1.0E0,1.0E0,0.0E0)
INSERT INTO CONTROLLER_ACTIVATION_DSG_CUSTOMERS_ALE_SERVICES_ALE VALUES('2013-10-31 12:38:52.000000000',1.0E0,1.0E0,1.0E0,1.0E0,0.0E0)
INSERT INTO CONTROLLER_ACTIVATION_DSG_CUSTOMERS_ALE_SERVICES_ALE VALUES('2013-10-31 12:39:02.000000000',1.0E0,1.0E0,1.0E0,1.0E0,0.0E0)
INSERT INTO CONTROLLER_ACTIVATION_DSG_CUSTOMERS_ALE_SERVICES_ALE VALUES('2013-10-31 12:39:12.000000000',1.0E0,1.0E0,1.0E0,1.0E0,0.0E0)
INSERT INTO CONTROLLER_ACTIVATION_DSG_CUSTOMERS_ALE_SERVICES_ALE VALUES('2013-10-31 12:39:22.000000000',1.0E0,1.0E0,1.0E0,1.0E0,0.0E0)
INSERT INTO CONTROLLER_ACTIVATION_DSG_CUSTOMERS_ALE_SERVICES_ALE VALUES('2013-10-31 12:39:32.000000000',1.0E0,1.0E0,1.0E0,1.0E0,0.0E0)
INSERT INTO CONTROLLER_ACTIVATION_DSG_CUSTOMERS_ALE_SERVICES_ALE VALUES('2013-10-31 12:39:42.000000000',1.0E0,1.0E0,1.0E0,1.0E0,0.0E0)
INSERT INTO CONTROLLER_ACTIVATION_DSG_CUSTOMERS_ALE_SERVICES_ALE VALUES('2013-10-31 12:39:52.000000000',1.0E0,1.0E0,1.0E0,1.0E0,0.0E0)
INSERT INTO CONTROLLER_ACTIVATION_DSG_CUSTOMERS_ALE_SERVICES_ALE VALUES('2013-10-31 12:40:02.000000000',1.0E0,1.0E0,1.0E0,1.0E0,0.0E0)
INSERT INTO CONTROLLER_ACTIVATION_DSG_CUSTOMERS_ALE_SERVICES_ALE VALUES('2013-10-31 12:40:12.000000000',1.0E0,1.0E0,1.0E0,1.0E0,0.0E0)
INSERT INTO CONTROLLER_ACTIVATION_DSG_CUSTOMERS_ALE_SERVICES_ALE VALUES('2013-10-31 12:40:22.000000000',1.0E0,1.0E0,1.0E0,1.0E0,0.0E0)
INSERT INTO CONTROLLER_ACTIVATION_DSG_CUSTOMERS_ALE_SERVICES_ALE VALUES('2013-10-31 12:40:32.000000000',1.0E0,1.0E0,1.0E0,1.0E0,0.0E0)
INSERT INTO CONTROLLER_ACTIVATION_DSG_CUSTOMERS_ALE_SERVICES_ALE VALUES('2013-10-31 12:40:42.000000000',1.0E0,1.0E0,1.0E0,1.0E0,0.0E0)
INSERT INTO CONTROLLER_ACTIVATION_DSG_CUSTOMERS_ALE_SERVICES_ALE VALUES('2013-10-31 12:40:52.000000000',1.0E0,1.0E0,1.0E0,1.0E0,0.0E0)
INSERT INTO CONTROLLER_ACTIVATION_DSG_CUSTOMERS_ALE_SERVICES_ALE VALUES('2013-10-31 12:41:02.000000000',1.0E0,1.0E0,1.0E0,1.0E0,0.0E0)
INSERT INTO CONTROLLER_ACTIVATION_DSG_CUSTOMERS_ALE_SERVICES_ALE VALUES('2013-10-31 12:41:12.000000000',1.0E0,1.0E0,1.0E0,1.0E0,0.0E0)
INSERT INTO CONTROLLER_ACTIVATION_DSG_CUSTOMERS_ALE_SERVICES_ALE VALUES('2013-10-31 12:41:22.000000000',1.0E0,1.0E0,1.0E0,1.0E0,0.0E0)
INSERT INTO CONTROLLER_ACTIVATION_DSG_CUSTOMERS_ALE_SERVICES_ALE VALUES('2013-10-31 12:41:32.000000000',1.0E0,1.0E0,1.0E0,1.0E0,0.0E0)
INSERT INTO CONTROLLER_ACTIVATION_DSG_CUSTOMERS_ALE_SERVICES_ALE VALUES('2013-10-31 12:41:42.000000000',1.0E0,1.0E0,1.0E0,1.0E0,0.0E0)
INSERT INTO CONTROLLER_ACTIVATION_DSG_CUSTOMERS_ALE_SERVICES_ALE VALUES('2013-10-31 12:41:52.000000000',1.0E0,1.0E0,1.0E0,1.0E0,0.0E0)
INSERT INTO CONTROLLER_ACTIVATION_DSG_CUSTOMERS_ALE_SERVICES_ALE VALUES('2013-10-31 12:42:02.000000000',1.0E0,1.0E0,1.0E0,1.0E0,0.0E0)
INSERT INTO CONTROLLER_ACTIVATION_DSG_CUSTOMERS_ALE_SERVICES_ALE VALUES('2013-10-31 12:42:12.000000000',1.0E0,1.0E0,1.0E0,1.0E0,4.5E0)
INSERT INTO CONTROLLER_ACTIVATION_DSG_CUSTOMERS_ALE_SERVICES_ALE VALUES('2013-10-31 12:42:22.000000000',1.0E0,1.0E0,1.0E0,1.0E0,18.0E0)
INSERT INTO CONTROLLER_ACTIVATION_DSG_CUSTOMERS_ALE_SERVICES_ALE VALUES('2013-10-31 12:42:32.000000000',1.0E0,1.0E0,1.0E0,1.0E0,28.0E0)
INSERT INTO CONTROLLER_ACTIVATION_DSG_CUSTOMERS_ALE_SERVICES_ALE VALUES('2013-10-31 12:42:42.000000000',1.0E0,1.0E0,1.0E0,1.0E0,42.0E0)
INSERT INTO CONTROLLER_ACTIVATION_DSG_CUSTOMERS_ALE_SERVICES_ALE VALUES('2013-10-31 12:43:15.000000000',1.0E0,1.0E0,2.0E0,1.0E0,75.5E0)
INSERT INTO CONTROLLER_ACTIVATION_DSG_CUSTOMERS_ALE_SERVICES_ALE VALUES('2013-10-31 12:43:22.000000000',1.0E0,1.0E0,2.0E0,1.0E0,91.5E0)
INSERT INTO CONTROLLER_ACTIVATION_DSG_CUSTOMERS_ALE_SERVICES_ALE VALUES('2013-10-31 12:43:32.000000000',1.0E0,1.0E0,2.0E0,1.0E0,73.0E0)
INSERT INTO CONTROLLER_ACTIVATION_DSG_CUSTOMERS_ALE_SERVICES_ALE VALUES('2013-10-31 12:43:42.000000000',1.0E0,1.0E0,2.0E0,1.0E0,56.5E0)
INSERT INTO CONTROLLER_ACTIVATION_DSG_CUSTOMERS_ALE_SERVICES_ALE VALUES('2013-10-31 12:43:52.000000000',1.0E0,1.0E0,2.0E0,1.0E0,49.0E0)
INSERT INTO CONTROLLER_ACTIVATION_DSG_CUSTOMERS_ALE_SERVICES_ALE VALUES('2013-10-31 12:44:02.000000000',1.0E0,1.0E0,2.0E0,1.0E0,71.25E0)
INSERT INTO CONTROLLER_ACTIVATION_DSG_CUSTOMERS_ALE_SERVICES_ALE VALUES('2013-10-31 12:44:35.000000000',1.0E0,1.0E0,3.0E0,1.0E0,89.25E0)
INSERT INTO CONTROLLER_ACTIVATION_DSG_CUSTOMERS_ALE_SERVICES_ALE VALUES('2013-10-31 12:44:42.000000000',1.0E0,1.0E0,3.0E0,1.0E0,89.0E0)
INSERT INTO CONTROLLER_ACTIVATION_DSG_CUSTOMERS_ALE_SERVICES_ALE VALUES('2013-10-31 12:44:52.000000000',1.0E0,1.0E0,3.0E0,1.0E0,101.0E0)
INSERT INTO CONTROLLER_ACTIVATION_DSG_CUSTOMERS_ALE_SERVICES_ALE VALUES('2013-10-31 12:45:02.000000000',1.0E0,1.0E0,3.0E0,1.0E0,84.83333333333333E0)
INSERT INTO CONTROLLER_ACTIVATION_DSG_CUSTOMERS_ALE_SERVICES_ALE VALUES('2013-10-31 12:45:12.000000000',1.0E0,1.0E0,3.0E0,1.0E0,72.5E0)
INSERT INTO CONTROLLER_ACTIVATION_DSG_CUSTOMERS_ALE_SERVICES_ALE VALUES('2013-10-31 12:45:22.000000000',1.0E0,1.0E0,3.0E0,1.0E0,74.5E0)
INSERT INTO CONTROLLER_ACTIVATION_DSG_CUSTOMERS_ALE_SERVICES_ALE VALUES('2013-10-31 12:45:32.000000000',1.0E0,1.0E0,3.0E0,1.0E0,80.33333333333334E0)
INSERT INTO CONTROLLER_ACTIVATION_DSG_CUSTOMERS_ALE_SERVICES_ALE VALUES('2013-10-31 12:45:42.000000000',1.0E0,1.0E0,3.0E0,1.0E0,85.66666666666666E0)
INSERT INTO CONTROLLER_ACTIVATION_DSG_CUSTOMERS_ALE_SERVICES_ALE VALUES('2013-10-31 12:45:52.000000000',1.0E0,1.0E0,3.0E0,1.0E0,89.16666666666666E0)
INSERT INTO CONTROLLER_ACTIVATION_DSG_CUSTOMERS_ALE_SERVICES_ALE VALUES('2013-10-31 12:46:02.000000000',1.0E0,1.0E0,3.0E0,1.0E0,79.66666666666666E0)
INSERT INTO CONTROLLER_ACTIVATION_DSG_CUSTOMERS_ALE_SERVICES_ALE VALUES('2013-10-31 12:46:12.000000000',1.0E0,1.0E0,3.0E0,1.0E0,82.16666666666666E0)
INSERT INTO CONTROLLER_ACTIVATION_DSG_CUSTOMERS_ALE_SERVICES_ALE VALUES('2013-10-31 12:46:22.000000000',1.0E0,1.0E0,3.0E0,1.0E0,75.83333333333334E0)
INSERT INTO CONTROLLER_ACTIVATION_DSG_CUSTOMERS_ALE_SERVICES_ALE VALUES('2013-10-31 12:46:32.000000000',1.0E0,1.0E0,3.0E0,1.0E0,73.83333333333334E0)
INSERT INTO CONTROLLER_ACTIVATION_DSG_CUSTOMERS_ALE_SERVICES_ALE VALUES('2013-10-31 12:46:42.000000000',1.0E0,1.0E0,3.0E0,1.0E0,67.16666666666666E0)
INSERT INTO CONTROLLER_ACTIVATION_DSG_CUSTOMERS_ALE_SERVICES_ALE VALUES('2013-10-31 12:46:52.000000000',1.0E0,1.0E0,3.0E0,1.0E0,64.66666666666666E0)
INSERT INTO CONTROLLER_ACTIVATION_DSG_CUSTOMERS_ALE_SERVICES_ALE VALUES('2013-10-31 12:47:02.000000000',1.0E0,1.0E0,3.0E0,1.0E0,56.16666666666667E0)
INSERT INTO CONTROLLER_ACTIVATION_DSG_CUSTOMERS_ALE_SERVICES_ALE VALUES('2013-10-31 12:47:12.000000000',1.0E0,1.0E0,3.0E0,1.0E0,4.0E0)
INSERT INTO CONTROLLER_ACTIVATION_DSG_CUSTOMERS_ALE_SERVICES_ALE VALUES('2013-10-31 12:47:35.000000000',1.0E0,1.0E0,2.0E0,1.0E0,0.0E0)
INSERT INTO CONTROLLER_ACTIVATION_DSG_CUSTOMERS_ALE_SERVICES_ALE VALUES('2013-10-31 12:47:42.000000000',1.0E0,1.0E0,2.0E0,1.0E0,0.0E0)
INSERT INTO CONTROLLER_ACTIVATION_DSG_CUSTOMERS_ALE_SERVICES_ALE VALUES('2013-10-31 12:47:52.000000000',1.0E0,1.0E0,2.0E0,1.0E0,0.0E0)
INSERT INTO CONTROLLER_ACTIVATION_DSG_CUSTOMERS_ALE_SERVICES_ALE VALUES('2013-10-31 12:48:02.000000000',1.0E0,1.0E0,2.0E0,1.0E0,0.0E0)
INSERT INTO CONTROLLER_ACTIVATION_DSG_CUSTOMERS_ALE_SERVICES_ALE VALUES('2013-10-31 12:48:12.000000000',1.0E0,1.0E0,2.0E0,1.0E0,0.0E0)
INSERT INTO CONTROLLER_ACTIVATION_DSG_CUSTOMERS_ALE_SERVICES_ALE VALUES('2013-10-31 12:48:22.000000000',1.0E0,1.0E0,2.0E0,1.0E0,0.0E0)
INSERT INTO CONTROLLER_ACTIVATION_DSG_CUSTOMERS_ALE_SERVICES_ALE VALUES('2013-10-31 12:48:32.000000000',1.0E0,1.0E0,2.0E0,1.0E0,0.0E0)
INSERT INTO CONTROLLER_ACTIVATION_DSG_CUSTOMERS_ALE_SERVICES_ALE VALUES('2013-10-31 12:48:42.000000000',1.0E0,1.0E0,2.0E0,1.0E0,0.0E0)
INSERT INTO CONTROLLER_ACTIVATION_DSG_CUSTOMERS_ALE_SERVICES_ALE VALUES('2013-10-31 12:48:52.000000000',1.0E0,1.0E0,2.0E0,1.0E0,0.0E0)
INSERT INTO CONTROLLER_ACTIVATION_DSG_CUSTOMERS_ALE_SERVICES_ALE VALUES('2013-10-31 12:49:02.000000000',1.0E0,1.0E0,2.0E0,1.0E0,0.0E0)
INSERT INTO CONTROLLER_ACTIVATION_DSG_CUSTOMERS_ALE_SERVICES_ALE VALUES('2013-10-31 12:49:12.000000000',1.0E0,1.0E0,2.0E0,1.0E0,0.0E0)
INSERT INTO CONTROLLER_ACTIVATION_DSG_CUSTOMERS_ALE_SERVICES_ALE VALUES('2013-10-31 12:49:22.000000000',1.0E0,1.0E0,2.0E0,1.0E0,0.0E0)
INSERT INTO CONTROLLER_ACTIVATION_DSG_CUSTOMERS_ALE_SERVICES_ALE VALUES('2013-10-31 12:49:44.000000000',1.0E0,1.0E0,1.0E0,1.0E0,0.0E0)
INSERT INTO CONTROLLER_ACTIVATION_DSG_CUSTOMERS_ALE_SERVICES_ALE VALUES('2013-10-31 12:49:52.000000000',1.0E0,1.0E0,1.0E0,1.0E0,0.0E0)
INSERT INTO CONTROLLER_ACTIVATION_DSG_CUSTOMERS_ALE_SERVICES_ALE VALUES('2013-10-31 12:50:02.000000000',1.0E0,1.0E0,1.0E0,1.0E0,0.0E0)
INSERT INTO CONTROLLER_ACTIVATION_DSG_CUSTOMERS_ALE_SERVICES_ALE VALUES('2013-10-31 12:50:12.000000000',1.0E0,1.0E0,1.0E0,1.0E0,0.0E0)
INSERT INTO CONTROLLER_ACTIVATION_DSG_CUSTOMERS_ALE_SERVICES_ALE VALUES('2013-10-31 12:50:22.000000000',1.0E0,1.0E0,1.0E0,1.0E0,0.0E0)
INSERT INTO CONTROLLER_ACTIVATION_DSG_CUSTOMERS_ALE_SERVICES_ALE VALUES('2013-10-31 12:50:32.000000000',1.0E0,1.0E0,1.0E0,1.0E0,0.0E0)
INSERT INTO CONTROLLER_ACTIVATION_DSG_CUSTOMERS_ALE_SERVICES_ALE VALUES('2013-10-31 12:50:42.000000000',1.0E0,1.0E0,1.0E0,1.0E0,0.0E0)
INSERT INTO CONTROLLER_ACTIVATION_DSG_CUSTOMERS_ALE_SERVICES_ALE VALUES('2013-10-31 12:50:52.000000000',1.0E0,1.0E0,1.0E0,1.0E0,0.0E0)
INSERT INTO CONTROLLER_ACTIVATION_DSG_CUSTOMERS_ALE_SERVICES_ALE VALUES('2013-10-31 12:51:02.000000000',1.0E0,1.0E0,1.0E0,1.0E0,0.0E0)
INSERT INTO CONTROLLER_ACTIVATION_DSG_CUSTOMERS_ALE_SERVICES_ALE VALUES('2013-10-31 12:51:12.000000000',1.0E0,1.0E0,1.0E0,1.0E0,0.0E0)
INSERT INTO CONTROLLER_ACTIVATION_DSG_CUSTOMERS_ALE_SERVICES_ALE VALUES('2013-10-31 12:51:22.000000000',1.0E0,1.0E0,1.0E0,1.0E0,0.0E0)
INSERT INTO CONTROLLER_ACTIVATION_DSG_CUSTOMERS_ALE_SERVICES_ALE VALUES('2013-10-31 12:51:32.000000000',1.0E0,1.0E0,1.0E0,1.0E0,0.0E0)
INSERT INTO CONTROLLER_ACTIVATION_DSG_CUSTOMERS_ALE_SERVICES_ALE VALUES('2013-10-31 12:51:42.000000000',1.0E0,1.0E0,1.0E0,1.0E0,0.0E0)
INSERT INTO CONTROLLER_ACTIVATION_DSG_CUSTOMERS_ALE_SERVICES_ALE VALUES('2013-10-31 12:51:52.000000000',1.0E0,1.0E0,1.0E0,1.0E0,0.0E0)
INSERT INTO CONTROLLER_ACTIVATION_DSG_CUSTOMERS_ALE_SERVICES_ALE VALUES('2013-10-31 12:52:02.000000000',1.0E0,1.0E0,1.0E0,1.0E0,0.0E0)
INSERT INTO CONTROLLER_ACTIVATION_DSG_CUSTOMERS_ALE_SERVICES_ALE VALUES('2013-10-31 12:52:12.000000000',1.0E0,1.0E0,1.0E0,1.0E0,0.0E0)
INSERT INTO CONTROLLER_ACTIVATION_DSG_CUSTOMERS_ALE_SERVICES_ALE VALUES('2013-10-31 12:52:22.000000000',1.0E0,1.0E0,1.0E0,1.0E0,0.0E0)
INSERT INTO CONTROLLER_ACTIVATION_DSG_CUSTOMERS_ALE_SERVICES_ALE VALUES('2013-10-31 12:52:32.000000000',1.0E0,1.0E0,1.0E0,1.0E0,0.0E0)
INSERT INTO CONTROLLER_ACTIVATION_DSG_CUSTOMERS_ALE_SERVICES_ALE VALUES('2013-10-31 12:52:42.000000000',1.0E0,1.0E0,1.0E0,1.0E0,0.0E0)
INSERT INTO CONTROLLER_ACTIVATION_DSG_CUSTOMERS_ALE_SERVICES_ALE VALUES('2013-10-31 12:52:52.000000000',1.0E0,1.0E0,1.0E0,1.0E0,0.0E0)
INSERT INTO CONTROLLER_ACTIVATION_DSG_CUSTOMERS_ALE_SERVICES_ALE VALUES('2013-10-31 12:53:02.000000000',1.0E0,1.0E0,1.0E0,1.0E0,0.0E0)
INSERT INTO CONTROLLER_ACTIVATION_DSG_CUSTOMERS_ALE_SERVICES_ALE VALUES('2013-10-31 12:53:12.000000000',1.0E0,1.0E0,1.0E0,1.0E0,0.0E0)
INSERT INTO CONTROLLER_ACTIVATION_DSG_CUSTOMERS_ALE_SERVICES_ALE VALUES('2013-10-31 12:53:22.000000000',1.0E0,1.0E0,1.0E0,1.0E0,0.0E0)
INSERT INTO CONTROLLER_ACTIVATION_DSG_CUSTOMERS_ALE_SERVICES_ALE VALUES('2013-10-31 12:53:32.000000000',1.0E0,1.0E0,1.0E0,1.0E0,0.0E0)
INSERT INTO CONTROLLER_ACTIVATION_DSG_CUSTOMERS_ALE_SERVICES_ALE VALUES('2013-10-31 12:53:42.000000000',1.0E0,1.0E0,1.0E0,1.0E0,0.0E0)
INSERT INTO CONTROLLER_ACTIVATION_DSG_CUSTOMERS_ALE_SERVICES_ALE VALUES('2013-10-31 12:53:52.000000000',1.0E0,1.0E0,1.0E0,1.0E0,0.0E0)
INSERT INTO CONTROLLER_ACTIVATION_DSG_CUSTOMERS_ALE_SERVICES_ALE VALUES('2013-10-31 12:54:02.000000000',1.0E0,1.0E0,1.0E0,1.0E0,0.0E0)
INSERT INTO CONTROLLER_ACTIVATION_DSG_CUSTOMERS_ALE_SERVICES_ALE VALUES('2013-10-31 12:54:12.000000000',1.0E0,1.0E0,1.0E0,1.0E0,0.0E0)
INSERT INTO CONTROLLER_ACTIVATION_DSG_CUSTOMERS_ALE_SERVICES_ALE VALUES('2013-10-31 12:54:22.000000000',1.0E0,1.0E0,1.0E0,1.0E0,0.0E0)
CREATE TABLE controller_target_configuration_dsg_customers_ale_services_ale (  time timestamp,  frontend double,  backend double,  appserver double,  controller double)
INSERT INTO CONTROLLER_TARGET_CONFIGURATION_DSG_CUSTOMERS_ALE_SERVICES_ALE VALUES('2013-10-31 12:38:49.000000000',1.0E0,1.0E0,1.0E0,1.0E0)
INSERT INTO CONTROLLER_TARGET_CONFIGURATION_DSG_CUSTOMERS_ALE_SERVICES_ALE VALUES('2013-10-31 12:38:52.000000000',1.0E0,1.0E0,1.0E0,1.0E0)
INSERT INTO CONTROLLER_TARGET_CONFIGURATION_DSG_CUSTOMERS_ALE_SERVICES_ALE VALUES('2013-10-31 12:39:02.000000000',1.0E0,1.0E0,1.0E0,1.0E0)
INSERT INTO CONTROLLER_TARGET_CONFIGURATION_DSG_CUSTOMERS_ALE_SERVICES_ALE VALUES('2013-10-31 12:39:12.000000000',1.0E0,1.0E0,1.0E0,1.0E0)
INSERT INTO CONTROLLER_TARGET_CONFIGURATION_DSG_CUSTOMERS_ALE_SERVICES_ALE VALUES('2013-10-31 12:39:22.000000000',1.0E0,1.0E0,1.0E0,1.0E0)
INSERT INTO CONTROLLER_TARGET_CONFIGURATION_DSG_CUSTOMERS_ALE_SERVICES_ALE VALUES('2013-10-31 12:39:32.000000000',1.0E0,1.0E0,1.0E0,1.0E0)
INSERT INTO CONTROLLER_TARGET_CONFIGURATION_DSG_CUSTOMERS_ALE_SERVICES_ALE VALUES('2013-10-31 12:39:42.000000000',1.0E0,1.0E0,1.0E0,1.0E0)
INSERT INTO CONTROLLER_TARGET_CONFIGURATION_DSG_CUSTOMERS_ALE_SERVICES_ALE VALUES('2013-10-31 12:39:52.000000000',1.0E0,1.0E0,1.0E0,1.0E0)
INSERT INTO CONTROLLER_TARGET_CONFIGURATION_DSG_CUSTOMERS_ALE_SERVICES_ALE VALUES('2013-10-31 12:40:02.000000000',1.0E0,1.0E0,1.0E0,1.0E0)
INSERT INTO CONTROLLER_TARGET_CONFIGURATION_DSG_CUSTOMERS_ALE_SERVICES_ALE VALUES('2013-10-31 12:40:12.000000000',1.0E0,1.0E0,1.0E0,1.0E0)
INSERT INTO CONTROLLER_TARGET_CONFIGURATION_DSG_CUSTOMERS_ALE_SERVICES_ALE VALUES('2013-10-31 12:40:22.000000000',1.0E0,1.0E0,1.0E0,1.0E0)
INSERT INTO CONTROLLER_TARGET_CONFIGURATION_DSG_CUSTOMERS_ALE_SERVICES_ALE VALUES('2013-10-31 12:40:32.000000000',1.0E0,1.0E0,1.0E0,1.0E0)
INSERT INTO CONTROLLER_TARGET_CONFIGURATION_DSG_CUSTOMERS_ALE_SERVICES_ALE VALUES('2013-10-31 12:40:42.000000000',1.0E0,1.0E0,1.0E0,1.0E0)
INSERT INTO CONTROLLER_TARGET_CONFIGURATION_DSG_CUSTOMERS_ALE_SERVICES_ALE VALUES('2013-10-31 12:40:52.000000000',1.0E0,1.0E0,1.0E0,1.0E0)
INSERT INTO CONTROLLER_TARGET_CONFIGURATION_DSG_CUSTOMERS_ALE_SERVICES_ALE VALUES('2013-10-31 12:41:02.000000000',1.0E0,1.0E0,1.0E0,1.0E0)
INSERT INTO CONTROLLER_TARGET_CONFIGURATION_DSG_CUSTOMERS_ALE_SERVICES_ALE VALUES('2013-10-31 12:41:12.000000000',1.0E0,1.0E0,1.0E0,1.0E0)
INSERT INTO CONTROLLER_TARGET_CONFIGURATION_DSG_CUSTOMERS_ALE_SERVICES_ALE VALUES('2013-10-31 12:41:22.000000000',1.0E0,1.0E0,1.0E0,1.0E0)
INSERT INTO CONTROLLER_TARGET_CONFIGURATION_DSG_CUSTOMERS_ALE_SERVICES_ALE VALUES('2013-10-31 12:41:32.000000000',1.0E0,1.0E0,1.0E0,1.0E0)
INSERT INTO CONTROLLER_TARGET_CONFIGURATION_DSG_CUSTOMERS_ALE_SERVICES_ALE VALUES('2013-10-31 12:41:42.000000000',1.0E0,1.0E0,1.0E0,1.0E0)
INSERT INTO CONTROLLER_TARGET_CONFIGURATION_DSG_CUSTOMERS_ALE_SERVICES_ALE VALUES('2013-10-31 12:41:52.000000000',1.0E0,1.0E0,1.0E0,1.0E0)
INSERT INTO CONTROLLER_TARGET_CONFIGURATION_DSG_CUSTOMERS_ALE_SERVICES_ALE VALUES('2013-10-31 12:42:02.000000000',1.0E0,1.0E0,1.0E0,1.0E0)
INSERT INTO CONTROLLER_TARGET_CONFIGURATION_DSG_CUSTOMERS_ALE_SERVICES_ALE VALUES('2013-10-31 12:42:12.000000000',1.0E0,1.0E0,1.0E0,1.0E0)
INSERT INTO CONTROLLER_TARGET_CONFIGURATION_DSG_CUSTOMERS_ALE_SERVICES_ALE VALUES('2013-10-31 12:42:22.000000000',1.0E0,1.0E0,1.0E0,1.0E0)
INSERT INTO CONTROLLER_TARGET_CONFIGURATION_DSG_CUSTOMERS_ALE_SERVICES_ALE VALUES('2013-10-31 12:42:32.000000000',1.0E0,1.0E0,1.0E0,1.0E0)
INSERT INTO CONTROLLER_TARGET_CONFIGURATION_DSG_CUSTOMERS_ALE_SERVICES_ALE VALUES('2013-10-31 12:42:42.000000000',1.0E0,1.0E0,2.0E0,1.0E0)
INSERT INTO CONTROLLER_TARGET_CONFIGURATION_DSG_CUSTOMERS_ALE_SERVICES_ALE VALUES('2013-10-31 12:43:15.000000000',1.0E0,1.0E0,2.0E0,1.0E0)
INSERT INTO CONTROLLER_TARGET_CONFIGURATION_DSG_CUSTOMERS_ALE_SERVICES_ALE VALUES('2013-10-31 12:43:22.000000000',1.0E0,1.0E0,2.0E0,1.0E0)
INSERT INTO CONTROLLER_TARGET_CONFIGURATION_DSG_CUSTOMERS_ALE_SERVICES_ALE VALUES('2013-10-31 12:43:32.000000000',1.0E0,1.0E0,2.0E0,1.0E0)
INSERT INTO CONTROLLER_TARGET_CONFIGURATION_DSG_CUSTOMERS_ALE_SERVICES_ALE VALUES('2013-10-31 12:43:42.000000000',1.0E0,1.0E0,2.0E0,1.0E0)
INSERT INTO CONTROLLER_TARGET_CONFIGURATION_DSG_CUSTOMERS_ALE_SERVICES_ALE VALUES('2013-10-31 12:43:52.000000000',1.0E0,1.0E0,2.0E0,1.0E0)
INSERT INTO CONTROLLER_TARGET_CONFIGURATION_DSG_CUSTOMERS_ALE_SERVICES_ALE VALUES('2013-10-31 12:44:02.000000000',1.0E0,1.0E0,3.0E0,1.0E0)
INSERT INTO CONTROLLER_TARGET_CONFIGURATION_DSG_CUSTOMERS_ALE_SERVICES_ALE VALUES('2013-10-31 12:44:35.000000000',1.0E0,1.0E0,3.0E0,1.0E0)
INSERT INTO CONTROLLER_TARGET_CONFIGURATION_DSG_CUSTOMERS_ALE_SERVICES_ALE VALUES('2013-10-31 12:44:42.000000000',1.0E0,1.0E0,3.0E0,1.0E0)
INSERT INTO CONTROLLER_TARGET_CONFIGURATION_DSG_CUSTOMERS_ALE_SERVICES_ALE VALUES('2013-10-31 12:44:52.000000000',1.0E0,1.0E0,3.0E0,1.0E0)
INSERT INTO CONTROLLER_TARGET_CONFIGURATION_DSG_CUSTOMERS_ALE_SERVICES_ALE VALUES('2013-10-31 12:45:02.000000000',1.0E0,1.0E0,3.0E0,1.0E0)
INSERT INTO CONTROLLER_TARGET_CONFIGURATION_DSG_CUSTOMERS_ALE_SERVICES_ALE VALUES('2013-10-31 12:45:12.000000000',1.0E0,1.0E0,3.0E0,1.0E0)
INSERT INTO CONTROLLER_TARGET_CONFIGURATION_DSG_CUSTOMERS_ALE_SERVICES_ALE VALUES('2013-10-31 12:45:22.000000000',1.0E0,1.0E0,3.0E0,1.0E0)
INSERT INTO CONTROLLER_TARGET_CONFIGURATION_DSG_CUSTOMERS_ALE_SERVICES_ALE VALUES('2013-10-31 12:45:32.000000000',1.0E0,1.0E0,3.0E0,1.0E0)
INSERT INTO CONTROLLER_TARGET_CONFIGURATION_DSG_CUSTOMERS_ALE_SERVICES_ALE VALUES('2013-10-31 12:45:42.000000000',1.0E0,1.0E0,3.0E0,1.0E0)
INSERT INTO CONTROLLER_TARGET_CONFIGURATION_DSG_CUSTOMERS_ALE_SERVICES_ALE VALUES('2013-10-31 12:45:52.000000000',1.0E0,1.0E0,3.0E0,1.0E0)
INSERT INTO CONTROLLER_TARGET_CONFIGURATION_DSG_CUSTOMERS_ALE_SERVICES_ALE VALUES('2013-10-31 12:46:02.000000000',1.0E0,1.0E0,3.0E0,1.0E0)
INSERT INTO CONTROLLER_TARGET_CONFIGURATION_DSG_CUSTOMERS_ALE_SERVICES_ALE VALUES('2013-10-31 12:46:12.000000000',1.0E0,1.0E0,3.0E0,1.0E0)
INSERT INTO CONTROLLER_TARGET_CONFIGURATION_DSG_CUSTOMERS_ALE_SERVICES_ALE VALUES('2013-10-31 12:46:22.000000000',1.0E0,1.0E0,3.0E0,1.0E0)
INSERT INTO CONTROLLER_TARGET_CONFIGURATION_DSG_CUSTOMERS_ALE_SERVICES_ALE VALUES('2013-10-31 12:46:32.000000000',1.0E0,1.0E0,3.0E0,1.0E0)
INSERT INTO CONTROLLER_TARGET_CONFIGURATION_DSG_CUSTOMERS_ALE_SERVICES_ALE VALUES('2013-10-31 12:46:42.000000000',1.0E0,1.0E0,3.0E0,1.0E0)
INSERT INTO CONTROLLER_TARGET_CONFIGURATION_DSG_CUSTOMERS_ALE_SERVICES_ALE VALUES('2013-10-31 12:46:52.000000000',1.0E0,1.0E0,3.0E0,1.0E0)
INSERT INTO CONTROLLER_TARGET_CONFIGURATION_DSG_CUSTOMERS_ALE_SERVICES_ALE VALUES('2013-10-31 12:47:02.000000000',1.0E0,1.0E0,3.0E0,1.0E0)
INSERT INTO CONTROLLER_TARGET_CONFIGURATION_DSG_CUSTOMERS_ALE_SERVICES_ALE VALUES('2013-10-31 12:47:12.000000000',1.0E0,1.0E0,2.0E0,1.0E0)
INSERT INTO CONTROLLER_TARGET_CONFIGURATION_DSG_CUSTOMERS_ALE_SERVICES_ALE VALUES('2013-10-31 12:47:35.000000000',1.0E0,1.0E0,2.0E0,1.0E0)
INSERT INTO CONTROLLER_TARGET_CONFIGURATION_DSG_CUSTOMERS_ALE_SERVICES_ALE VALUES('2013-10-31 12:47:42.000000000',1.0E0,1.0E0,2.0E0,1.0E0)
INSERT INTO CONTROLLER_TARGET_CONFIGURATION_DSG_CUSTOMERS_ALE_SERVICES_ALE VALUES('2013-10-31 12:47:52.000000000',1.0E0,1.0E0,2.0E0,1.0E0)
INSERT INTO CONTROLLER_TARGET_CONFIGURATION_DSG_CUSTOMERS_ALE_SERVICES_ALE VALUES('2013-10-31 12:48:02.000000000',1.0E0,1.0E0,2.0E0,1.0E0)
INSERT INTO CONTROLLER_TARGET_CONFIGURATION_DSG_CUSTOMERS_ALE_SERVICES_ALE VALUES('2013-10-31 12:48:12.000000000',1.0E0,1.0E0,2.0E0,1.0E0)
INSERT INTO CONTROLLER_TARGET_CONFIGURATION_DSG_CUSTOMERS_ALE_SERVICES_ALE VALUES('2013-10-31 12:48:22.000000000',1.0E0,1.0E0,2.0E0,1.0E0)
INSERT INTO CONTROLLER_TARGET_CONFIGURATION_DSG_CUSTOMERS_ALE_SERVICES_ALE VALUES('2013-10-31 12:48:32.000000000',1.0E0,1.0E0,2.0E0,1.0E0)
INSERT INTO CONTROLLER_TARGET_CONFIGURATION_DSG_CUSTOMERS_ALE_SERVICES_ALE VALUES('2013-10-31 12:48:42.000000000',1.0E0,1.0E0,2.0E0,1.0E0)
INSERT INTO CONTROLLER_TARGET_CONFIGURATION_DSG_CUSTOMERS_ALE_SERVICES_ALE VALUES('2013-10-31 12:48:52.000000000',1.0E0,1.0E0,2.0E0,1.0E0)
INSERT INTO CONTROLLER_TARGET_CONFIGURATION_DSG_CUSTOMERS_ALE_SERVICES_ALE VALUES('2013-10-31 12:49:02.000000000',1.0E0,1.0E0,2.0E0,1.0E0)
INSERT INTO CONTROLLER_TARGET_CONFIGURATION_DSG_CUSTOMERS_ALE_SERVICES_ALE VALUES('2013-10-31 12:49:12.000000000',1.0E0,1.0E0,2.0E0,1.0E0)
INSERT INTO CONTROLLER_TARGET_CONFIGURATION_DSG_CUSTOMERS_ALE_SERVICES_ALE VALUES('2013-10-31 12:49:22.000000000',1.0E0,1.0E0,1.0E0,1.0E0)
INSERT INTO CONTROLLER_TARGET_CONFIGURATION_DSG_CUSTOMERS_ALE_SERVICES_ALE VALUES('2013-10-31 12:49:44.000000000',1.0E0,1.0E0,1.0E0,1.0E0)
INSERT INTO CONTROLLER_TARGET_CONFIGURATION_DSG_CUSTOMERS_ALE_SERVICES_ALE VALUES('2013-10-31 12:49:52.000000000',1.0E0,1.0E0,1.0E0,1.0E0)
INSERT INTO CONTROLLER_TARGET_CONFIGURATION_DSG_CUSTOMERS_ALE_SERVICES_ALE VALUES('2013-10-31 12:50:02.000000000',1.0E0,1.0E0,1.0E0,1.0E0)
INSERT INTO CONTROLLER_TARGET_CONFIGURATION_DSG_CUSTOMERS_ALE_SERVICES_ALE VALUES('2013-10-31 12:50:12.000000000',1.0E0,1.0E0,1.0E0,1.0E0)
INSERT INTO CONTROLLER_TARGET_CONFIGURATION_DSG_CUSTOMERS_ALE_SERVICES_ALE VALUES('2013-10-31 12:50:22.000000000',1.0E0,1.0E0,1.0E0,1.0E0)
INSERT INTO CONTROLLER_TARGET_CONFIGURATION_DSG_CUSTOMERS_ALE_SERVICES_ALE VALUES('2013-10-31 12:50:32.000000000',1.0E0,1.0E0,1.0E0,1.0E0)
INSERT INTO CONTROLLER_TARGET_CONFIGURATION_DSG_CUSTOMERS_ALE_SERVICES_ALE VALUES('2013-10-31 12:50:42.000000000',1.0E0,1.0E0,1.0E0,1.0E0)
INSERT INTO CONTROLLER_TARGET_CONFIGURATION_DSG_CUSTOMERS_ALE_SERVICES_ALE VALUES('2013-10-31 12:50:52.000000000',1.0E0,1.0E0,1.0E0,1.0E0)
INSERT INTO CONTROLLER_TARGET_CONFIGURATION_DSG_CUSTOMERS_ALE_SERVICES_ALE VALUES('2013-10-31 12:51:02.000000000',1.0E0,1.0E0,1.0E0,1.0E0)
INSERT INTO CONTROLLER_TARGET_CONFIGURATION_DSG_CUSTOMERS_ALE_SERVICES_ALE VALUES('2013-10-31 12:51:12.000000000',1.0E0,1.0E0,1.0E0,1.0E0)
INSERT INTO CONTROLLER_TARGET_CONFIGURATION_DSG_CUSTOMERS_ALE_SERVICES_ALE VALUES('2013-10-31 12:51:22.000000000',1.0E0,1.0E0,1.0E0,1.0E0)
INSERT INTO CONTROLLER_TARGET_CONFIGURATION_DSG_CUSTOMERS_ALE_SERVICES_ALE VALUES('2013-10-31 12:51:32.000000000',1.0E0,1.0E0,1.0E0,1.0E0)
INSERT INTO CONTROLLER_TARGET_CONFIGURATION_DSG_CUSTOMERS_ALE_SERVICES_ALE VALUES('2013-10-31 12:51:42.000000000',1.0E0,1.0E0,1.0E0,1.0E0)
INSERT INTO CONTROLLER_TARGET_CONFIGURATION_DSG_CUSTOMERS_ALE_SERVICES_ALE VALUES('2013-10-31 12:51:52.000000000',1.0E0,1.0E0,1.0E0,1.0E0)
INSERT INTO CONTROLLER_TARGET_CONFIGURATION_DSG_CUSTOMERS_ALE_SERVICES_ALE VALUES('2013-10-31 12:52:02.000000000',1.0E0,1.0E0,1.0E0,1.0E0)
INSERT INTO CONTROLLER_TARGET_CONFIGURATION_DSG_CUSTOMERS_ALE_SERVICES_ALE VALUES('2013-10-31 12:52:12.000000000',1.0E0,1.0E0,1.0E0,1.0E0)
INSERT INTO CONTROLLER_TARGET_CONFIGURATION_DSG_CUSTOMERS_ALE_SERVICES_ALE VALUES('2013-10-31 12:52:22.000000000',1.0E0,1.0E0,1.0E0,1.0E0)
INSERT INTO CONTROLLER_TARGET_CONFIGURATION_DSG_CUSTOMERS_ALE_SERVICES_ALE VALUES('2013-10-31 12:52:32.000000000',1.0E0,1.0E0,1.0E0,1.0E0)
INSERT INTO CONTROLLER_TARGET_CONFIGURATION_DSG_CUSTOMERS_ALE_SERVICES_ALE VALUES('2013-10-31 12:52:42.000000000',1.0E0,1.0E0,1.0E0,1.0E0)
INSERT INTO CONTROLLER_TARGET_CONFIGURATION_DSG_CUSTOMERS_ALE_SERVICES_ALE VALUES('2013-10-31 12:52:52.000000000',1.0E0,1.0E0,1.0E0,1.0E0)
INSERT INTO CONTROLLER_TARGET_CONFIGURATION_DSG_CUSTOMERS_ALE_SERVICES_ALE VALUES('2013-10-31 12:53:02.000000000',1.0E0,1.0E0,1.0E0,1.0E0)
INSERT INTO CONTROLLER_TARGET_CONFIGURATION_DSG_CUSTOMERS_ALE_SERVICES_ALE VALUES('2013-10-31 12:53:12.000000000',1.0E0,1.0E0,1.0E0,1.0E0)
INSERT INTO CONTROLLER_TARGET_CONFIGURATION_DSG_CUSTOMERS_ALE_SERVICES_ALE VALUES('2013-10-31 12:53:22.000000000',1.0E0,1.0E0,1.0E0,1.0E0)
INSERT INTO CONTROLLER_TARGET_CONFIGURATION_DSG_CUSTOMERS_ALE_SERVICES_ALE VALUES('2013-10-31 12:53:32.000000000',1.0E0,1.0E0,1.0E0,1.0E0)
INSERT INTO CONTROLLER_TARGET_CONFIGURATION_DSG_CUSTOMERS_ALE_SERVICES_ALE VALUES('2013-10-31 12:53:42.000000000',1.0E0,1.0E0,1.0E0,1.0E0)
INSERT INTO CONTROLLER_TARGET_CONFIGURATION_DSG_CUSTOMERS_ALE_SERVICES_ALE VALUES('2013-10-31 12:53:52.000000000',1.0E0,1.0E0,1.0E0,1.0E0)
INSERT INTO CONTROLLER_TARGET_CONFIGURATION_DSG_CUSTOMERS_ALE_SERVICES_ALE VALUES('2013-10-31 12:54:02.000000000',1.0E0,1.0E0,1.0E0,1.0E0)
INSERT INTO CONTROLLER_TARGET_CONFIGURATION_DSG_CUSTOMERS_ALE_SERVICES_ALE VALUES('2013-10-31 12:54:12.000000000',1.0E0,1.0E0,1.0E0,1.0E0)
INSERT INTO CONTROLLER_TARGET_CONFIGURATION_DSG_CUSTOMERS_ALE_SERVICES_ALE VALUES('2013-10-31 12:54:22.000000000',1.0E0,1.0E0,1.0E0,1.0E0)
DISCONNECT
