CREATE USER SA PASSWORD "" ADMIN
/*C1*/SET SCHEMA PUBLIC
CONNECT USER SA
CREATE TABLE controller_activation_dsg_customers_ale_services_ale (  time timestamp,  frontend double,  backend double,  appserver double,  controller double,  avgJob double)
INSERT INTO CONTROLLER_ACTIVATION_DSG_CUSTOMERS_ALE_SERVICES_ALE VALUES('2013-11-05 18:36:19.000000000',1.0E0,1.0E0,1.0E0,1.0E0,0.0E0)
INSERT INTO CONTROLLER_ACTIVATION_DSG_CUSTOMERS_ALE_SERVICES_ALE VALUES('2013-11-05 18:36:22.000000000',1.0E0,1.0E0,1.0E0,1.0E0,0.0E0)
INSERT INTO CONTROLLER_ACTIVATION_DSG_CUSTOMERS_ALE_SERVICES_ALE VALUES('2013-11-05 18:36:32.000000000',1.0E0,1.0E0,1.0E0,1.0E0,0.0E0)
INSERT INTO CONTROLLER_ACTIVATION_DSG_CUSTOMERS_ALE_SERVICES_ALE VALUES('2013-11-05 18:36:42.000000000',1.0E0,1.0E0,1.0E0,1.0E0,0.0E0)
INSERT INTO CONTROLLER_ACTIVATION_DSG_CUSTOMERS_ALE_SERVICES_ALE VALUES('2013-11-05 18:36:52.000000000',1.0E0,1.0E0,1.0E0,1.0E0,0.0E0)
INSERT INTO CONTROLLER_ACTIVATION_DSG_CUSTOMERS_ALE_SERVICES_ALE VALUES('2013-11-05 18:37:02.000000000',1.0E0,1.0E0,1.0E0,1.0E0,0.0E0)
INSERT INTO CONTROLLER_ACTIVATION_DSG_CUSTOMERS_ALE_SERVICES_ALE VALUES('2013-11-05 18:37:12.000000000',1.0E0,1.0E0,1.0E0,1.0E0,0.0E0)
INSERT INTO CONTROLLER_ACTIVATION_DSG_CUSTOMERS_ALE_SERVICES_ALE VALUES('2013-11-05 18:37:22.000000000',1.0E0,1.0E0,1.0E0,1.0E0,0.0E0)
INSERT INTO CONTROLLER_ACTIVATION_DSG_CUSTOMERS_ALE_SERVICES_ALE VALUES('2013-11-05 18:37:32.000000000',1.0E0,1.0E0,1.0E0,1.0E0,0.0E0)
INSERT INTO CONTROLLER_ACTIVATION_DSG_CUSTOMERS_ALE_SERVICES_ALE VALUES('2013-11-05 18:37:42.000000000',1.0E0,1.0E0,1.0E0,1.0E0,0.0E0)
INSERT INTO CONTROLLER_ACTIVATION_DSG_CUSTOMERS_ALE_SERVICES_ALE VALUES('2013-11-05 18:37:52.000000000',1.0E0,1.0E0,1.0E0,1.0E0,0.0E0)
INSERT INTO CONTROLLER_ACTIVATION_DSG_CUSTOMERS_ALE_SERVICES_ALE VALUES('2013-11-05 18:38:02.000000000',1.0E0,1.0E0,1.0E0,1.0E0,0.0E0)
INSERT INTO CONTROLLER_ACTIVATION_DSG_CUSTOMERS_ALE_SERVICES_ALE VALUES('2013-11-05 18:38:12.000000000',1.0E0,1.0E0,1.0E0,1.0E0,0.0E0)
INSERT INTO CONTROLLER_ACTIVATION_DSG_CUSTOMERS_ALE_SERVICES_ALE VALUES('2013-11-05 18:38:22.000000000',1.0E0,1.0E0,1.0E0,1.0E0,0.0E0)
INSERT INTO CONTROLLER_ACTIVATION_DSG_CUSTOMERS_ALE_SERVICES_ALE VALUES('2013-11-05 18:38:32.000000000',1.0E0,1.0E0,1.0E0,1.0E0,0.0E0)
INSERT INTO CONTROLLER_ACTIVATION_DSG_CUSTOMERS_ALE_SERVICES_ALE VALUES('2013-11-05 18:38:42.000000000',1.0E0,1.0E0,1.0E0,1.0E0,0.0E0)
INSERT INTO CONTROLLER_ACTIVATION_DSG_CUSTOMERS_ALE_SERVICES_ALE VALUES('2013-11-05 18:38:52.000000000',1.0E0,1.0E0,1.0E0,1.0E0,0.0E0)
INSERT INTO CONTROLLER_ACTIVATION_DSG_CUSTOMERS_ALE_SERVICES_ALE VALUES('2013-11-05 18:39:02.000000000',1.0E0,1.0E0,1.0E0,1.0E0,0.0E0)
INSERT INTO CONTROLLER_ACTIVATION_DSG_CUSTOMERS_ALE_SERVICES_ALE VALUES('2013-11-05 18:39:12.000000000',1.0E0,1.0E0,1.0E0,1.0E0,0.0E0)
INSERT INTO CONTROLLER_ACTIVATION_DSG_CUSTOMERS_ALE_SERVICES_ALE VALUES('2013-11-05 18:39:22.000000000',1.0E0,1.0E0,1.0E0,1.0E0,0.0E0)
INSERT INTO CONTROLLER_ACTIVATION_DSG_CUSTOMERS_ALE_SERVICES_ALE VALUES('2013-11-05 18:39:32.000000000',1.0E0,1.0E0,1.0E0,1.0E0,0.5E0)
INSERT INTO CONTROLLER_ACTIVATION_DSG_CUSTOMERS_ALE_SERVICES_ALE VALUES('2013-11-05 18:39:42.000000000',1.0E0,1.0E0,1.0E0,1.0E0,7.5E0)
INSERT INTO CONTROLLER_ACTIVATION_DSG_CUSTOMERS_ALE_SERVICES_ALE VALUES('2013-11-05 18:39:52.000000000',1.0E0,1.0E0,1.0E0,1.0E0,20.0E0)
INSERT INTO CONTROLLER_ACTIVATION_DSG_CUSTOMERS_ALE_SERVICES_ALE VALUES('2013-11-05 18:40:02.000000000',1.0E0,1.0E0,1.0E0,1.0E0,31.0E0)
INSERT INTO CONTROLLER_ACTIVATION_DSG_CUSTOMERS_ALE_SERVICES_ALE VALUES('2013-11-05 18:40:37.000000000',1.0E0,1.0E0,2.0E0,1.0E0,76.0E0)
INSERT INTO CONTROLLER_ACTIVATION_DSG_CUSTOMERS_ALE_SERVICES_ALE VALUES('2013-11-05 18:40:42.000000000',1.0E0,1.0E0,2.0E0,1.0E0,82.5E0)
INSERT INTO CONTROLLER_ACTIVATION_DSG_CUSTOMERS_ALE_SERVICES_ALE VALUES('2013-11-05 18:40:52.000000000',1.0E0,1.0E0,2.0E0,1.0E0,92.5E0)
INSERT INTO CONTROLLER_ACTIVATION_DSG_CUSTOMERS_ALE_SERVICES_ALE VALUES('2013-11-05 18:41:02.000000000',1.0E0,1.0E0,2.0E0,1.0E0,79.25E0)
INSERT INTO CONTROLLER_ACTIVATION_DSG_CUSTOMERS_ALE_SERVICES_ALE VALUES('2013-11-05 18:41:12.000000000',1.0E0,1.0E0,2.0E0,1.0E0,58.0E0)
INSERT INTO CONTROLLER_ACTIVATION_DSG_CUSTOMERS_ALE_SERVICES_ALE VALUES('2013-11-05 18:41:22.000000000',1.0E0,1.0E0,2.0E0,1.0E0,66.5E0)
INSERT INTO CONTROLLER_ACTIVATION_DSG_CUSTOMERS_ALE_SERVICES_ALE VALUES('2013-11-05 18:42:56.000000000',1.0E0,1.0E0,3.0E0,1.0E0,45.0E0)
INSERT INTO CONTROLLER_ACTIVATION_DSG_CUSTOMERS_ALE_SERVICES_ALE VALUES('2013-11-05 18:43:02.000000000',1.0E0,1.0E0,3.0E0,1.0E0,47.5E0)
INSERT INTO CONTROLLER_ACTIVATION_DSG_CUSTOMERS_ALE_SERVICES_ALE VALUES('2013-11-05 18:43:12.000000000',1.0E0,1.0E0,3.0E0,1.0E0,54.0E0)
INSERT INTO CONTROLLER_ACTIVATION_DSG_CUSTOMERS_ALE_SERVICES_ALE VALUES('2013-11-05 18:43:22.000000000',1.0E0,1.0E0,3.0E0,1.0E0,61.0E0)
INSERT INTO CONTROLLER_ACTIVATION_DSG_CUSTOMERS_ALE_SERVICES_ALE VALUES('2013-11-05 18:43:32.000000000',1.0E0,1.0E0,3.0E0,1.0E0,66.25E0)
INSERT INTO CONTROLLER_ACTIVATION_DSG_CUSTOMERS_ALE_SERVICES_ALE VALUES('2013-11-05 18:43:42.000000000',1.0E0,1.0E0,3.0E0,1.0E0,71.25E0)
INSERT INTO CONTROLLER_ACTIVATION_DSG_CUSTOMERS_ALE_SERVICES_ALE VALUES('2013-11-05 18:43:52.000000000',1.0E0,1.0E0,3.0E0,1.0E0,10.166666666666666E0)
INSERT INTO CONTROLLER_ACTIVATION_DSG_CUSTOMERS_ALE_SERVICES_ALE VALUES('2013-11-05 18:44:02.000000000',1.0E0,1.0E0,3.0E0,1.0E0,4.666666666666666E0)
INSERT INTO CONTROLLER_ACTIVATION_DSG_CUSTOMERS_ALE_SERVICES_ALE VALUES('2013-11-05 18:44:25.000000000',1.0E0,1.0E0,2.0E0,1.0E0,18.0E0)
INSERT INTO CONTROLLER_ACTIVATION_DSG_CUSTOMERS_ALE_SERVICES_ALE VALUES('2013-11-05 18:44:32.000000000',1.0E0,1.0E0,2.0E0,1.0E0,11.25E0)
INSERT INTO CONTROLLER_ACTIVATION_DSG_CUSTOMERS_ALE_SERVICES_ALE VALUES('2013-11-05 18:44:42.000000000',1.0E0,1.0E0,2.0E0,1.0E0,0.0E0)
INSERT INTO CONTROLLER_ACTIVATION_DSG_CUSTOMERS_ALE_SERVICES_ALE VALUES('2013-11-05 18:44:52.000000000',1.0E0,1.0E0,2.0E0,1.0E0,0.0E0)
INSERT INTO CONTROLLER_ACTIVATION_DSG_CUSTOMERS_ALE_SERVICES_ALE VALUES('2013-11-05 18:45:02.000000000',1.0E0,1.0E0,2.0E0,1.0E0,0.0E0)
INSERT INTO CONTROLLER_ACTIVATION_DSG_CUSTOMERS_ALE_SERVICES_ALE VALUES('2013-11-05 18:45:12.000000000',1.0E0,1.0E0,2.0E0,1.0E0,0.0E0)
INSERT INTO CONTROLLER_ACTIVATION_DSG_CUSTOMERS_ALE_SERVICES_ALE VALUES('2013-11-05 18:45:22.000000000',1.0E0,1.0E0,2.0E0,1.0E0,0.0E0)
INSERT INTO CONTROLLER_ACTIVATION_DSG_CUSTOMERS_ALE_SERVICES_ALE VALUES('2013-11-05 18:45:32.000000000',1.0E0,1.0E0,2.0E0,1.0E0,0.0E0)
INSERT INTO CONTROLLER_ACTIVATION_DSG_CUSTOMERS_ALE_SERVICES_ALE VALUES('2013-11-05 18:45:42.000000000',1.0E0,1.0E0,2.0E0,1.0E0,0.0E0)
INSERT INTO CONTROLLER_ACTIVATION_DSG_CUSTOMERS_ALE_SERVICES_ALE VALUES('2013-11-05 18:45:52.000000000',1.0E0,1.0E0,2.0E0,1.0E0,0.0E0)
INSERT INTO CONTROLLER_ACTIVATION_DSG_CUSTOMERS_ALE_SERVICES_ALE VALUES('2013-11-05 18:46:02.000000000',1.0E0,1.0E0,2.0E0,1.0E0,0.0E0)
INSERT INTO CONTROLLER_ACTIVATION_DSG_CUSTOMERS_ALE_SERVICES_ALE VALUES('2013-11-05 18:46:12.000000000',1.0E0,1.0E0,2.0E0,1.0E0,0.0E0)
INSERT INTO CONTROLLER_ACTIVATION_DSG_CUSTOMERS_ALE_SERVICES_ALE VALUES('2013-11-05 18:46:34.000000000',1.0E0,1.0E0,1.0E0,1.0E0,0.0E0)
INSERT INTO CONTROLLER_ACTIVATION_DSG_CUSTOMERS_ALE_SERVICES_ALE VALUES('2013-11-05 18:46:42.000000000',1.0E0,1.0E0,1.0E0,1.0E0,0.0E0)
INSERT INTO CONTROLLER_ACTIVATION_DSG_CUSTOMERS_ALE_SERVICES_ALE VALUES('2013-11-05 18:46:52.000000000',1.0E0,1.0E0,1.0E0,1.0E0,0.0E0)
INSERT INTO CONTROLLER_ACTIVATION_DSG_CUSTOMERS_ALE_SERVICES_ALE VALUES('2013-11-05 18:47:02.000000000',1.0E0,1.0E0,1.0E0,1.0E0,0.0E0)
INSERT INTO CONTROLLER_ACTIVATION_DSG_CUSTOMERS_ALE_SERVICES_ALE VALUES('2013-11-05 18:47:12.000000000',1.0E0,1.0E0,1.0E0,1.0E0,0.0E0)
INSERT INTO CONTROLLER_ACTIVATION_DSG_CUSTOMERS_ALE_SERVICES_ALE VALUES('2013-11-05 18:47:22.000000000',1.0E0,1.0E0,1.0E0,1.0E0,0.0E0)
INSERT INTO CONTROLLER_ACTIVATION_DSG_CUSTOMERS_ALE_SERVICES_ALE VALUES('2013-11-05 18:47:32.000000000',1.0E0,1.0E0,1.0E0,1.0E0,0.0E0)
INSERT INTO CONTROLLER_ACTIVATION_DSG_CUSTOMERS_ALE_SERVICES_ALE VALUES('2013-11-05 18:47:42.000000000',1.0E0,1.0E0,1.0E0,1.0E0,0.0E0)
INSERT INTO CONTROLLER_ACTIVATION_DSG_CUSTOMERS_ALE_SERVICES_ALE VALUES('2013-11-05 18:47:52.000000000',1.0E0,1.0E0,1.0E0,1.0E0,0.0E0)
INSERT INTO CONTROLLER_ACTIVATION_DSG_CUSTOMERS_ALE_SERVICES_ALE VALUES('2013-11-05 18:48:02.000000000',1.0E0,1.0E0,1.0E0,1.0E0,0.0E0)
INSERT INTO CONTROLLER_ACTIVATION_DSG_CUSTOMERS_ALE_SERVICES_ALE VALUES('2013-11-05 18:48:12.000000000',1.0E0,1.0E0,1.0E0,1.0E0,0.0E0)
INSERT INTO CONTROLLER_ACTIVATION_DSG_CUSTOMERS_ALE_SERVICES_ALE VALUES('2013-11-05 18:48:22.000000000',1.0E0,1.0E0,1.0E0,1.0E0,0.0E0)
INSERT INTO CONTROLLER_ACTIVATION_DSG_CUSTOMERS_ALE_SERVICES_ALE VALUES('2013-11-05 18:48:32.000000000',1.0E0,1.0E0,1.0E0,1.0E0,0.0E0)
INSERT INTO CONTROLLER_ACTIVATION_DSG_CUSTOMERS_ALE_SERVICES_ALE VALUES('2013-11-05 18:48:42.000000000',1.0E0,1.0E0,1.0E0,1.0E0,0.0E0)
INSERT INTO CONTROLLER_ACTIVATION_DSG_CUSTOMERS_ALE_SERVICES_ALE VALUES('2013-11-05 18:48:52.000000000',1.0E0,1.0E0,1.0E0,1.0E0,0.0E0)
INSERT INTO CONTROLLER_ACTIVATION_DSG_CUSTOMERS_ALE_SERVICES_ALE VALUES('2013-11-05 18:49:02.000000000',1.0E0,1.0E0,1.0E0,1.0E0,0.0E0)
INSERT INTO CONTROLLER_ACTIVATION_DSG_CUSTOMERS_ALE_SERVICES_ALE VALUES('2013-11-05 18:49:12.000000000',1.0E0,1.0E0,1.0E0,1.0E0,0.0E0)
INSERT INTO CONTROLLER_ACTIVATION_DSG_CUSTOMERS_ALE_SERVICES_ALE VALUES('2013-11-05 18:49:22.000000000',1.0E0,1.0E0,1.0E0,1.0E0,0.0E0)
INSERT INTO CONTROLLER_ACTIVATION_DSG_CUSTOMERS_ALE_SERVICES_ALE VALUES('2013-11-05 18:49:32.000000000',1.0E0,1.0E0,1.0E0,1.0E0,0.0E0)
INSERT INTO CONTROLLER_ACTIVATION_DSG_CUSTOMERS_ALE_SERVICES_ALE VALUES('2013-11-05 18:49:42.000000000',1.0E0,1.0E0,1.0E0,1.0E0,0.0E0)
INSERT INTO CONTROLLER_ACTIVATION_DSG_CUSTOMERS_ALE_SERVICES_ALE VALUES('2013-11-05 18:49:52.000000000',1.0E0,1.0E0,1.0E0,1.0E0,0.0E0)
INSERT INTO CONTROLLER_ACTIVATION_DSG_CUSTOMERS_ALE_SERVICES_ALE VALUES('2013-11-05 18:50:02.000000000',1.0E0,1.0E0,1.0E0,1.0E0,0.0E0)
INSERT INTO CONTROLLER_ACTIVATION_DSG_CUSTOMERS_ALE_SERVICES_ALE VALUES('2013-11-05 18:50:12.000000000',1.0E0,1.0E0,1.0E0,1.0E0,0.0E0)
INSERT INTO CONTROLLER_ACTIVATION_DSG_CUSTOMERS_ALE_SERVICES_ALE VALUES('2013-11-05 18:50:22.000000000',1.0E0,1.0E0,1.0E0,1.0E0,0.0E0)
INSERT INTO CONTROLLER_ACTIVATION_DSG_CUSTOMERS_ALE_SERVICES_ALE VALUES('2013-11-05 18:50:32.000000000',1.0E0,1.0E0,1.0E0,1.0E0,0.0E0)
INSERT INTO CONTROLLER_ACTIVATION_DSG_CUSTOMERS_ALE_SERVICES_ALE VALUES('2013-11-05 18:50:42.000000000',1.0E0,1.0E0,1.0E0,1.0E0,0.0E0)
INSERT INTO CONTROLLER_ACTIVATION_DSG_CUSTOMERS_ALE_SERVICES_ALE VALUES('2013-11-05 18:50:52.000000000',1.0E0,1.0E0,1.0E0,1.0E0,0.0E0)
INSERT INTO CONTROLLER_ACTIVATION_DSG_CUSTOMERS_ALE_SERVICES_ALE VALUES('2013-11-05 18:51:02.000000000',1.0E0,1.0E0,1.0E0,1.0E0,0.0E0)
INSERT INTO CONTROLLER_ACTIVATION_DSG_CUSTOMERS_ALE_SERVICES_ALE VALUES('2013-11-05 18:51:12.000000000',1.0E0,1.0E0,1.0E0,1.0E0,0.0E0)
INSERT INTO CONTROLLER_ACTIVATION_DSG_CUSTOMERS_ALE_SERVICES_ALE VALUES('2013-11-05 18:51:22.000000000',1.0E0,1.0E0,1.0E0,1.0E0,0.0E0)
INSERT INTO CONTROLLER_ACTIVATION_DSG_CUSTOMERS_ALE_SERVICES_ALE VALUES('2013-11-05 18:51:32.000000000',1.0E0,1.0E0,1.0E0,1.0E0,0.0E0)
INSERT INTO CONTROLLER_ACTIVATION_DSG_CUSTOMERS_ALE_SERVICES_ALE VALUES('2013-11-05 18:51:42.000000000',1.0E0,1.0E0,1.0E0,1.0E0,0.0E0)
CREATE TABLE controller_target_configuration_dsg_customers_ale_services_ale (  time timestamp,  frontend double,  backend double,  appserver double,  controller double)
INSERT INTO CONTROLLER_TARGET_CONFIGURATION_DSG_CUSTOMERS_ALE_SERVICES_ALE VALUES('2013-11-05 18:36:19.000000000',1.0E0,1.0E0,1.0E0,1.0E0)
INSERT INTO CONTROLLER_TARGET_CONFIGURATION_DSG_CUSTOMERS_ALE_SERVICES_ALE VALUES('2013-11-05 18:36:22.000000000',1.0E0,1.0E0,1.0E0,1.0E0)
INSERT INTO CONTROLLER_TARGET_CONFIGURATION_DSG_CUSTOMERS_ALE_SERVICES_ALE VALUES('2013-11-05 18:36:32.000000000',1.0E0,1.0E0,1.0E0,1.0E0)
INSERT INTO CONTROLLER_TARGET_CONFIGURATION_DSG_CUSTOMERS_ALE_SERVICES_ALE VALUES('2013-11-05 18:36:42.000000000',1.0E0,1.0E0,1.0E0,1.0E0)
INSERT INTO CONTROLLER_TARGET_CONFIGURATION_DSG_CUSTOMERS_ALE_SERVICES_ALE VALUES('2013-11-05 18:36:52.000000000',1.0E0,1.0E0,1.0E0,1.0E0)
INSERT INTO CONTROLLER_TARGET_CONFIGURATION_DSG_CUSTOMERS_ALE_SERVICES_ALE VALUES('2013-11-05 18:37:02.000000000',1.0E0,1.0E0,1.0E0,1.0E0)
INSERT INTO CONTROLLER_TARGET_CONFIGURATION_DSG_CUSTOMERS_ALE_SERVICES_ALE VALUES('2013-11-05 18:37:12.000000000',1.0E0,1.0E0,1.0E0,1.0E0)
INSERT INTO CONTROLLER_TARGET_CONFIGURATION_DSG_CUSTOMERS_ALE_SERVICES_ALE VALUES('2013-11-05 18:37:22.000000000',1.0E0,1.0E0,1.0E0,1.0E0)
INSERT INTO CONTROLLER_TARGET_CONFIGURATION_DSG_CUSTOMERS_ALE_SERVICES_ALE VALUES('2013-11-05 18:37:32.000000000',1.0E0,1.0E0,1.0E0,1.0E0)
INSERT INTO CONTROLLER_TARGET_CONFIGURATION_DSG_CUSTOMERS_ALE_SERVICES_ALE VALUES('2013-11-05 18:37:42.000000000',1.0E0,1.0E0,1.0E0,1.0E0)
INSERT INTO CONTROLLER_TARGET_CONFIGURATION_DSG_CUSTOMERS_ALE_SERVICES_ALE VALUES('2013-11-05 18:37:52.000000000',1.0E0,1.0E0,1.0E0,1.0E0)
INSERT INTO CONTROLLER_TARGET_CONFIGURATION_DSG_CUSTOMERS_ALE_SERVICES_ALE VALUES('2013-11-05 18:38:02.000000000',1.0E0,1.0E0,1.0E0,1.0E0)
INSERT INTO CONTROLLER_TARGET_CONFIGURATION_DSG_CUSTOMERS_ALE_SERVICES_ALE VALUES('2013-11-05 18:38:12.000000000',1.0E0,1.0E0,1.0E0,1.0E0)
INSERT INTO CONTROLLER_TARGET_CONFIGURATION_DSG_CUSTOMERS_ALE_SERVICES_ALE VALUES('2013-11-05 18:38:22.000000000',1.0E0,1.0E0,1.0E0,1.0E0)
INSERT INTO CONTROLLER_TARGET_CONFIGURATION_DSG_CUSTOMERS_ALE_SERVICES_ALE VALUES('2013-11-05 18:38:32.000000000',1.0E0,1.0E0,1.0E0,1.0E0)
INSERT INTO CONTROLLER_TARGET_CONFIGURATION_DSG_CUSTOMERS_ALE_SERVICES_ALE VALUES('2013-11-05 18:38:42.000000000',1.0E0,1.0E0,1.0E0,1.0E0)
INSERT INTO CONTROLLER_TARGET_CONFIGURATION_DSG_CUSTOMERS_ALE_SERVICES_ALE VALUES('2013-11-05 18:38:52.000000000',1.0E0,1.0E0,1.0E0,1.0E0)
INSERT INTO CONTROLLER_TARGET_CONFIGURATION_DSG_CUSTOMERS_ALE_SERVICES_ALE VALUES('2013-11-05 18:39:02.000000000',1.0E0,1.0E0,1.0E0,1.0E0)
INSERT INTO CONTROLLER_TARGET_CONFIGURATION_DSG_CUSTOMERS_ALE_SERVICES_ALE VALUES('2013-11-05 18:39:12.000000000',1.0E0,1.0E0,1.0E0,1.0E0)
INSERT INTO CONTROLLER_TARGET_CONFIGURATION_DSG_CUSTOMERS_ALE_SERVICES_ALE VALUES('2013-11-05 18:39:22.000000000',1.0E0,1.0E0,1.0E0,1.0E0)
INSERT INTO CONTROLLER_TARGET_CONFIGURATION_DSG_CUSTOMERS_ALE_SERVICES_ALE VALUES('2013-11-05 18:39:32.000000000',1.0E0,1.0E0,1.0E0,1.0E0)
INSERT INTO CONTROLLER_TARGET_CONFIGURATION_DSG_CUSTOMERS_ALE_SERVICES_ALE VALUES('2013-11-05 18:39:42.000000000',1.0E0,1.0E0,1.0E0,1.0E0)
INSERT INTO CONTROLLER_TARGET_CONFIGURATION_DSG_CUSTOMERS_ALE_SERVICES_ALE VALUES('2013-11-05 18:39:52.000000000',1.0E0,1.0E0,1.0E0,1.0E0)
INSERT INTO CONTROLLER_TARGET_CONFIGURATION_DSG_CUSTOMERS_ALE_SERVICES_ALE VALUES('2013-11-05 18:40:02.000000000',1.0E0,1.0E0,2.0E0,1.0E0)
INSERT INTO CONTROLLER_TARGET_CONFIGURATION_DSG_CUSTOMERS_ALE_SERVICES_ALE VALUES('2013-11-05 18:40:37.000000000',1.0E0,1.0E0,2.0E0,1.0E0)
INSERT INTO CONTROLLER_TARGET_CONFIGURATION_DSG_CUSTOMERS_ALE_SERVICES_ALE VALUES('2013-11-05 18:40:42.000000000',1.0E0,1.0E0,2.0E0,1.0E0)
INSERT INTO CONTROLLER_TARGET_CONFIGURATION_DSG_CUSTOMERS_ALE_SERVICES_ALE VALUES('2013-11-05 18:40:52.000000000',1.0E0,1.0E0,2.0E0,1.0E0)
INSERT INTO CONTROLLER_TARGET_CONFIGURATION_DSG_CUSTOMERS_ALE_SERVICES_ALE VALUES('2013-11-05 18:41:02.000000000',1.0E0,1.0E0,2.0E0,1.0E0)
INSERT INTO CONTROLLER_TARGET_CONFIGURATION_DSG_CUSTOMERS_ALE_SERVICES_ALE VALUES('2013-11-05 18:41:12.000000000',1.0E0,1.0E0,2.0E0,1.0E0)
INSERT INTO CONTROLLER_TARGET_CONFIGURATION_DSG_CUSTOMERS_ALE_SERVICES_ALE VALUES('2013-11-05 18:41:22.000000000',1.0E0,1.0E0,3.0E0,1.0E0)
INSERT INTO CONTROLLER_TARGET_CONFIGURATION_DSG_CUSTOMERS_ALE_SERVICES_ALE VALUES('2013-11-05 18:42:56.000000000',1.0E0,1.0E0,3.0E0,1.0E0)
INSERT INTO CONTROLLER_TARGET_CONFIGURATION_DSG_CUSTOMERS_ALE_SERVICES_ALE VALUES('2013-11-05 18:43:02.000000000',1.0E0,1.0E0,3.0E0,1.0E0)
INSERT INTO CONTROLLER_TARGET_CONFIGURATION_DSG_CUSTOMERS_ALE_SERVICES_ALE VALUES('2013-11-05 18:43:12.000000000',1.0E0,1.0E0,3.0E0,1.0E0)
INSERT INTO CONTROLLER_TARGET_CONFIGURATION_DSG_CUSTOMERS_ALE_SERVICES_ALE VALUES('2013-11-05 18:43:22.000000000',1.0E0,1.0E0,3.0E0,1.0E0)
INSERT INTO CONTROLLER_TARGET_CONFIGURATION_DSG_CUSTOMERS_ALE_SERVICES_ALE VALUES('2013-11-05 18:43:32.000000000',1.0E0,1.0E0,3.0E0,1.0E0)
INSERT INTO CONTROLLER_TARGET_CONFIGURATION_DSG_CUSTOMERS_ALE_SERVICES_ALE VALUES('2013-11-05 18:43:42.000000000',1.0E0,1.0E0,3.0E0,1.0E0)
INSERT INTO CONTROLLER_TARGET_CONFIGURATION_DSG_CUSTOMERS_ALE_SERVICES_ALE VALUES('2013-11-05 18:43:52.000000000',1.0E0,1.0E0,3.0E0,1.0E0)
INSERT INTO CONTROLLER_TARGET_CONFIGURATION_DSG_CUSTOMERS_ALE_SERVICES_ALE VALUES('2013-11-05 18:44:02.000000000',1.0E0,1.0E0,2.0E0,1.0E0)
INSERT INTO CONTROLLER_TARGET_CONFIGURATION_DSG_CUSTOMERS_ALE_SERVICES_ALE VALUES('2013-11-05 18:44:25.000000000',1.0E0,1.0E0,2.0E0,1.0E0)
INSERT INTO CONTROLLER_TARGET_CONFIGURATION_DSG_CUSTOMERS_ALE_SERVICES_ALE VALUES('2013-11-05 18:44:32.000000000',1.0E0,1.0E0,2.0E0,1.0E0)
INSERT INTO CONTROLLER_TARGET_CONFIGURATION_DSG_CUSTOMERS_ALE_SERVICES_ALE VALUES('2013-11-05 18:44:42.000000000',1.0E0,1.0E0,2.0E0,1.0E0)
INSERT INTO CONTROLLER_TARGET_CONFIGURATION_DSG_CUSTOMERS_ALE_SERVICES_ALE VALUES('2013-11-05 18:44:52.000000000',1.0E0,1.0E0,2.0E0,1.0E0)
INSERT INTO CONTROLLER_TARGET_CONFIGURATION_DSG_CUSTOMERS_ALE_SERVICES_ALE VALUES('2013-11-05 18:45:02.000000000',1.0E0,1.0E0,2.0E0,1.0E0)
INSERT INTO CONTROLLER_TARGET_CONFIGURATION_DSG_CUSTOMERS_ALE_SERVICES_ALE VALUES('2013-11-05 18:45:12.000000000',1.0E0,1.0E0,2.0E0,1.0E0)
INSERT INTO CONTROLLER_TARGET_CONFIGURATION_DSG_CUSTOMERS_ALE_SERVICES_ALE VALUES('2013-11-05 18:45:22.000000000',1.0E0,1.0E0,2.0E0,1.0E0)
INSERT INTO CONTROLLER_TARGET_CONFIGURATION_DSG_CUSTOMERS_ALE_SERVICES_ALE VALUES('2013-11-05 18:45:32.000000000',1.0E0,1.0E0,2.0E0,1.0E0)
INSERT INTO CONTROLLER_TARGET_CONFIGURATION_DSG_CUSTOMERS_ALE_SERVICES_ALE VALUES('2013-11-05 18:45:42.000000000',1.0E0,1.0E0,2.0E0,1.0E0)
INSERT INTO CONTROLLER_TARGET_CONFIGURATION_DSG_CUSTOMERS_ALE_SERVICES_ALE VALUES('2013-11-05 18:45:52.000000000',1.0E0,1.0E0,2.0E0,1.0E0)
INSERT INTO CONTROLLER_TARGET_CONFIGURATION_DSG_CUSTOMERS_ALE_SERVICES_ALE VALUES('2013-11-05 18:46:02.000000000',1.0E0,1.0E0,2.0E0,1.0E0)
INSERT INTO CONTROLLER_TARGET_CONFIGURATION_DSG_CUSTOMERS_ALE_SERVICES_ALE VALUES('2013-11-05 18:46:12.000000000',1.0E0,1.0E0,1.0E0,1.0E0)
INSERT INTO CONTROLLER_TARGET_CONFIGURATION_DSG_CUSTOMERS_ALE_SERVICES_ALE VALUES('2013-11-05 18:46:34.000000000',1.0E0,1.0E0,1.0E0,1.0E0)
INSERT INTO CONTROLLER_TARGET_CONFIGURATION_DSG_CUSTOMERS_ALE_SERVICES_ALE VALUES('2013-11-05 18:46:42.000000000',1.0E0,1.0E0,1.0E0,1.0E0)
INSERT INTO CONTROLLER_TARGET_CONFIGURATION_DSG_CUSTOMERS_ALE_SERVICES_ALE VALUES('2013-11-05 18:46:52.000000000',1.0E0,1.0E0,1.0E0,1.0E0)
INSERT INTO CONTROLLER_TARGET_CONFIGURATION_DSG_CUSTOMERS_ALE_SERVICES_ALE VALUES('2013-11-05 18:47:02.000000000',1.0E0,1.0E0,1.0E0,1.0E0)
INSERT INTO CONTROLLER_TARGET_CONFIGURATION_DSG_CUSTOMERS_ALE_SERVICES_ALE VALUES('2013-11-05 18:47:12.000000000',1.0E0,1.0E0,1.0E0,1.0E0)
INSERT INTO CONTROLLER_TARGET_CONFIGURATION_DSG_CUSTOMERS_ALE_SERVICES_ALE VALUES('2013-11-05 18:47:22.000000000',1.0E0,1.0E0,1.0E0,1.0E0)
INSERT INTO CONTROLLER_TARGET_CONFIGURATION_DSG_CUSTOMERS_ALE_SERVICES_ALE VALUES('2013-11-05 18:47:32.000000000',1.0E0,1.0E0,1.0E0,1.0E0)
INSERT INTO CONTROLLER_TARGET_CONFIGURATION_DSG_CUSTOMERS_ALE_SERVICES_ALE VALUES('2013-11-05 18:47:42.000000000',1.0E0,1.0E0,1.0E0,1.0E0)
INSERT INTO CONTROLLER_TARGET_CONFIGURATION_DSG_CUSTOMERS_ALE_SERVICES_ALE VALUES('2013-11-05 18:47:52.000000000',1.0E0,1.0E0,1.0E0,1.0E0)
INSERT INTO CONTROLLER_TARGET_CONFIGURATION_DSG_CUSTOMERS_ALE_SERVICES_ALE VALUES('2013-11-05 18:48:02.000000000',1.0E0,1.0E0,1.0E0,1.0E0)
INSERT INTO CONTROLLER_TARGET_CONFIGURATION_DSG_CUSTOMERS_ALE_SERVICES_ALE VALUES('2013-11-05 18:48:12.000000000',1.0E0,1.0E0,1.0E0,1.0E0)
INSERT INTO CONTROLLER_TARGET_CONFIGURATION_DSG_CUSTOMERS_ALE_SERVICES_ALE VALUES('2013-11-05 18:48:22.000000000',1.0E0,1.0E0,1.0E0,1.0E0)
INSERT INTO CONTROLLER_TARGET_CONFIGURATION_DSG_CUSTOMERS_ALE_SERVICES_ALE VALUES('2013-11-05 18:48:32.000000000',1.0E0,1.0E0,1.0E0,1.0E0)
INSERT INTO CONTROLLER_TARGET_CONFIGURATION_DSG_CUSTOMERS_ALE_SERVICES_ALE VALUES('2013-11-05 18:48:42.000000000',1.0E0,1.0E0,1.0E0,1.0E0)
INSERT INTO CONTROLLER_TARGET_CONFIGURATION_DSG_CUSTOMERS_ALE_SERVICES_ALE VALUES('2013-11-05 18:48:52.000000000',1.0E0,1.0E0,1.0E0,1.0E0)
INSERT INTO CONTROLLER_TARGET_CONFIGURATION_DSG_CUSTOMERS_ALE_SERVICES_ALE VALUES('2013-11-05 18:49:02.000000000',1.0E0,1.0E0,1.0E0,1.0E0)
INSERT INTO CONTROLLER_TARGET_CONFIGURATION_DSG_CUSTOMERS_ALE_SERVICES_ALE VALUES('2013-11-05 18:49:12.000000000',1.0E0,1.0E0,1.0E0,1.0E0)
INSERT INTO CONTROLLER_TARGET_CONFIGURATION_DSG_CUSTOMERS_ALE_SERVICES_ALE VALUES('2013-11-05 18:49:22.000000000',1.0E0,1.0E0,1.0E0,1.0E0)
INSERT INTO CONTROLLER_TARGET_CONFIGURATION_DSG_CUSTOMERS_ALE_SERVICES_ALE VALUES('2013-11-05 18:49:32.000000000',1.0E0,1.0E0,1.0E0,1.0E0)
INSERT INTO CONTROLLER_TARGET_CONFIGURATION_DSG_CUSTOMERS_ALE_SERVICES_ALE VALUES('2013-11-05 18:49:42.000000000',1.0E0,1.0E0,1.0E0,1.0E0)
INSERT INTO CONTROLLER_TARGET_CONFIGURATION_DSG_CUSTOMERS_ALE_SERVICES_ALE VALUES('2013-11-05 18:49:52.000000000',1.0E0,1.0E0,1.0E0,1.0E0)
INSERT INTO CONTROLLER_TARGET_CONFIGURATION_DSG_CUSTOMERS_ALE_SERVICES_ALE VALUES('2013-11-05 18:50:02.000000000',1.0E0,1.0E0,1.0E0,1.0E0)
INSERT INTO CONTROLLER_TARGET_CONFIGURATION_DSG_CUSTOMERS_ALE_SERVICES_ALE VALUES('2013-11-05 18:50:12.000000000',1.0E0,1.0E0,1.0E0,1.0E0)
INSERT INTO CONTROLLER_TARGET_CONFIGURATION_DSG_CUSTOMERS_ALE_SERVICES_ALE VALUES('2013-11-05 18:50:22.000000000',1.0E0,1.0E0,1.0E0,1.0E0)
INSERT INTO CONTROLLER_TARGET_CONFIGURATION_DSG_CUSTOMERS_ALE_SERVICES_ALE VALUES('2013-11-05 18:50:32.000000000',1.0E0,1.0E0,1.0E0,1.0E0)
INSERT INTO CONTROLLER_TARGET_CONFIGURATION_DSG_CUSTOMERS_ALE_SERVICES_ALE VALUES('2013-11-05 18:50:42.000000000',1.0E0,1.0E0,1.0E0,1.0E0)
INSERT INTO CONTROLLER_TARGET_CONFIGURATION_DSG_CUSTOMERS_ALE_SERVICES_ALE VALUES('2013-11-05 18:50:52.000000000',1.0E0,1.0E0,1.0E0,1.0E0)
INSERT INTO CONTROLLER_TARGET_CONFIGURATION_DSG_CUSTOMERS_ALE_SERVICES_ALE VALUES('2013-11-05 18:51:02.000000000',1.0E0,1.0E0,1.0E0,1.0E0)
INSERT INTO CONTROLLER_TARGET_CONFIGURATION_DSG_CUSTOMERS_ALE_SERVICES_ALE VALUES('2013-11-05 18:51:12.000000000',1.0E0,1.0E0,1.0E0,1.0E0)
INSERT INTO CONTROLLER_TARGET_CONFIGURATION_DSG_CUSTOMERS_ALE_SERVICES_ALE VALUES('2013-11-05 18:51:22.000000000',1.0E0,1.0E0,1.0E0,1.0E0)
INSERT INTO CONTROLLER_TARGET_CONFIGURATION_DSG_CUSTOMERS_ALE_SERVICES_ALE VALUES('2013-11-05 18:51:32.000000000',1.0E0,1.0E0,1.0E0,1.0E0)
INSERT INTO CONTROLLER_TARGET_CONFIGURATION_DSG_CUSTOMERS_ALE_SERVICES_ALE VALUES('2013-11-05 18:51:42.000000000',1.0E0,1.0E0,1.0E0,1.0E0)
DISCONNECT
