CREATE USER SA PASSWORD "" ADMIN
/*C1*/SET SCHEMA PUBLIC
CONNECT USER SA
CREATE TABLE configuration_dsg_customers_ale_services_ale (  id varchar(512),  time timestamp,  date datetime,  FQN varchar(512),  VEE varchar(512),  State varchar(512))
INSERT INTO CONFIGURATION_DSG_CUSTOMERS_ALE_SERVICES_ALE VALUES('f3cbe3a0-a137-4787-af78-fe4bf94a61fb','2013-11-05 18:25:54.000000000','2013-11-05 00:00:00.000000000','dsg.customers.ale.services.ale.vees.frontend.replicas.0','frontend','OS-RUNNING')
INSERT INTO CONFIGURATION_DSG_CUSTOMERS_ALE_SERVICES_ALE VALUES('f3cbe3a0-a137-4787-af78-fe4bf94a61fb','2013-11-05 18:25:54.000000000','2013-11-05 00:00:00.000000000','dsg.customers.ale.services.ale.vees.frontend.replicas.0','frontend','OS-RUNNING')
INSERT INTO CONFIGURATION_DSG_CUSTOMERS_ALE_SERVICES_ALE VALUES('f3cbe3a0-a137-4787-af78-fe4bf94a61fb','2013-11-05 18:25:54.000000000','2013-11-05 00:00:00.000000000','dsg.customers.ale.services.ale.vees.frontend.replicas.0','frontend','OS-RUNNING')
INSERT INTO CONFIGURATION_DSG_CUSTOMERS_ALE_SERVICES_ALE VALUES('f3cbe3a0-a137-4787-af78-fe4bf94a61fb','2013-11-05 18:25:54.000000000','2013-11-05 00:00:00.000000000','dsg.customers.ale.services.ale.vees.backend.replicas.0','backend','OS-RUNNING')
INSERT INTO CONFIGURATION_DSG_CUSTOMERS_ALE_SERVICES_ALE VALUES('f3cbe3a0-a137-4787-af78-fe4bf94a61fb','2013-11-05 18:25:54.000000000','2013-11-05 00:00:00.000000000','dsg.customers.ale.services.ale.vees.appserver.replicas.0','appserver','REGISTERED')
INSERT INTO CONFIGURATION_DSG_CUSTOMERS_ALE_SERVICES_ALE VALUES('f3cbe3a0-a137-4787-af78-fe4bf94a61fb','2013-11-05 18:25:54.000000000','2013-11-05 00:00:00.000000000','dsg.customers.ale.services.ale.vees.controller.replicas.0','controller','OS-RUNNING')
CREATE TABLE monitoring_dsg_customers_ale_services_ale (  time timestamp,  date datetime,  kpi_AvgCPU double,  kpi_CREATE_POLL_AvgRT double,  kpi_CREATE_POLL_AvgTX double,  kpi_CREATE_POLL_QL double,  kpi_CREATE_POLL_RC double,  kpi_CREATE_POLL_RD double,  kpi_DELETE_POLL_AvgRT double,  kpi_DELETE_POLL_AvgTX double,  kpi_DELETE_POLL_QL double,  kpi_DELETE_POLL_RC double,  kpi_DELETE_POLL_RD double,  kpi_GET_POLLS_AvgRT double,  kpi_GET_POLLS_AvgTX double,  kpi_GET_POLLS_QL double,  kpi_GET_POLLS_RC double,  kpi_GET_POLLS_RD double,  kpi_GET_POLL_AvgRT double,  kpi_GET_POLL_AvgTX double,  kpi_GET_POLL_QL double,  kpi_GET_POLL_RC double,  kpi_GET_POLL_RD double,  kpi_VOTE_AvgRT double,  kpi_VOTE_AvgTX double,  kpi_VOTE_QL double,  kpi_VOTE_RC double,  kpi_VOTE_RD double)
INSERT INTO MONITORING_DSG_CUSTOMERS_ALE_SERVICES_ALE VALUES('2013-11-05 18:22:09.000000000','2013-11-05 00:00:00.000000000',NULL,NULL,NULL,NULL,NULL,NULL,NULL,NULL,NULL,NULL,NULL,NULL,NULL,NULL,NULL,NULL,NULL,NULL,NULL,NULL,NULL,NULL,NULL,NULL,NULL,NULL)
INSERT INTO MONITORING_DSG_CUSTOMERS_ALE_SERVICES_ALE VALUES('2013-11-05 18:22:14.000000000','2013-11-05 00:00:00.000000000',NULL,NULL,NULL,NULL,NULL,NULL,NULL,NULL,NULL,NULL,NULL,NULL,NULL,NULL,NULL,NULL,NULL,NULL,NULL,NULL,NULL,NULL,NULL,NULL,NULL,NULL)
INSERT INTO MONITORING_DSG_CUSTOMERS_ALE_SERVICES_ALE VALUES('2013-11-05 18:22:19.000000000','2013-11-05 00:00:00.000000000',NULL,NULL,NULL,NULL,NULL,NULL,NULL,NULL,NULL,NULL,NULL,NULL,NULL,NULL,NULL,NULL,NULL,NULL,NULL,NULL,NULL,NULL,NULL,NULL,NULL,NULL)
INSERT INTO MONITORING_DSG_CUSTOMERS_ALE_SERVICES_ALE VALUES('2013-11-05 18:22:24.000000000','2013-11-05 00:00:00.000000000',NULL,NULL,NULL,NULL,NULL,NULL,NULL,NULL,NULL,NULL,NULL,NULL,NULL,NULL,NULL,NULL,NULL,NULL,NULL,NULL,NULL,NULL,NULL,NULL,NULL,NULL)
INSERT INTO MONITORING_DSG_CUSTOMERS_ALE_SERVICES_ALE VALUES('2013-11-05 18:22:29.000000000','2013-11-05 00:00:00.000000000',NULL,NULL,NULL,NULL,NULL,NULL,NULL,NULL,NULL,NULL,NULL,NULL,NULL,NULL,NULL,NULL,NULL,NULL,NULL,NULL,NULL,NULL,NULL,NULL,NULL,NULL)
INSERT INTO MONITORING_DSG_CUSTOMERS_ALE_SERVICES_ALE VALUES('2013-11-05 18:22:34.000000000','2013-11-05 00:00:00.000000000',NULL,NULL,NULL,NULL,NULL,NULL,NULL,NULL,NULL,NULL,NULL,NULL,NULL,NULL,NULL,NULL,NULL,NULL,NULL,NULL,NULL,NULL,NULL,NULL,NULL,NULL)
INSERT INTO MONITORING_DSG_CUSTOMERS_ALE_SERVICES_ALE VALUES('2013-11-05 18:22:38.000000000','2013-11-05 00:00:00.000000000',101.0E0,NULL,NULL,NULL,NULL,NULL,NULL,NULL,NULL,NULL,NULL,NULL,NULL,NULL,NULL,NULL,NULL,NULL,NULL,NULL,NULL,NULL,NULL,NULL,NULL,NULL)
INSERT INTO MONITORING_DSG_CUSTOMERS_ALE_SERVICES_ALE VALUES('2013-11-05 18:22:38.000000000','2013-11-05 00:00:00.000000000',101.0E0,NULL,NULL,NULL,NULL,NULL,NULL,NULL,NULL,NULL,NULL,NULL,NULL,NULL,NULL,NULL,NULL,NULL,NULL,NULL,NULL,NULL,NULL,NULL,NULL,NULL)
INSERT INTO MONITORING_DSG_CUSTOMERS_ALE_SERVICES_ALE VALUES('2013-11-05 18:22:39.000000000','2013-11-05 00:00:00.000000000',NULL,NULL,NULL,NULL,NULL,NULL,NULL,NULL,NULL,NULL,NULL,NULL,NULL,NULL,NULL,NULL,NULL,NULL,NULL,NULL,NULL,NULL,NULL,NULL,NULL,NULL)
INSERT INTO MONITORING_DSG_CUSTOMERS_ALE_SERVICES_ALE VALUES('2013-11-05 18:22:42.000000000','2013-11-05 00:00:00.000000000',101.0E0,NULL,NULL,NULL,NULL,NULL,NULL,NULL,NULL,NULL,NULL,NULL,NULL,NULL,NULL,NULL,NULL,NULL,NULL,NULL,NULL,NULL,NULL,NULL,NULL,NULL)
INSERT INTO MONITORING_DSG_CUSTOMERS_ALE_SERVICES_ALE VALUES('2013-11-05 18:22:44.000000000','2013-11-05 00:00:00.000000000',NULL,NULL,NULL,NULL,NULL,NULL,NULL,NULL,NULL,NULL,NULL,NULL,NULL,NULL,NULL,NULL,NULL,NULL,NULL,NULL,NULL,NULL,NULL,NULL,NULL,NULL)
INSERT INTO MONITORING_DSG_CUSTOMERS_ALE_SERVICES_ALE VALUES('2013-11-05 18:22:47.000000000','2013-11-05 00:00:00.000000000',101.0E0,NULL,NULL,NULL,NULL,NULL,NULL,NULL,NULL,NULL,NULL,NULL,NULL,NULL,NULL,NULL,NULL,NULL,NULL,NULL,NULL,NULL,NULL,NULL,NULL,NULL)
INSERT INTO MONITORING_DSG_CUSTOMERS_ALE_SERVICES_ALE VALUES('2013-11-05 18:22:49.000000000','2013-11-05 00:00:00.000000000',NULL,NULL,NULL,NULL,NULL,NULL,NULL,NULL,NULL,NULL,NULL,NULL,NULL,NULL,NULL,NULL,NULL,NULL,NULL,NULL,NULL,NULL,NULL,NULL,NULL,NULL)
INSERT INTO MONITORING_DSG_CUSTOMERS_ALE_SERVICES_ALE VALUES('2013-11-05 18:22:52.000000000','2013-11-05 00:00:00.000000000',101.0E0,NULL,NULL,NULL,NULL,NULL,NULL,NULL,NULL,NULL,NULL,NULL,NULL,NULL,NULL,NULL,NULL,NULL,NULL,NULL,NULL,NULL,NULL,NULL,NULL,NULL)
INSERT INTO MONITORING_DSG_CUSTOMERS_ALE_SERVICES_ALE VALUES('2013-11-05 18:22:54.000000000','2013-11-05 00:00:00.000000000',NULL,NULL,NULL,NULL,NULL,NULL,NULL,NULL,NULL,NULL,NULL,NULL,NULL,NULL,NULL,NULL,NULL,NULL,NULL,NULL,NULL,NULL,NULL,NULL,NULL,NULL)
INSERT INTO MONITORING_DSG_CUSTOMERS_ALE_SERVICES_ALE VALUES('2013-11-05 18:22:57.000000000','2013-11-05 00:00:00.000000000',101.0E0,NULL,NULL,NULL,NULL,NULL,NULL,NULL,NULL,NULL,NULL,NULL,NULL,NULL,NULL,NULL,NULL,NULL,NULL,NULL,NULL,NULL,NULL,NULL,NULL,NULL)
INSERT INTO MONITORING_DSG_CUSTOMERS_ALE_SERVICES_ALE VALUES('2013-11-05 18:22:59.000000000','2013-11-05 00:00:00.000000000',NULL,NULL,NULL,NULL,NULL,NULL,NULL,NULL,NULL,NULL,NULL,NULL,NULL,NULL,NULL,NULL,NULL,NULL,NULL,NULL,NULL,NULL,NULL,NULL,NULL,NULL)
INSERT INTO MONITORING_DSG_CUSTOMERS_ALE_SERVICES_ALE VALUES('2013-11-05 18:23:02.000000000','2013-11-05 00:00:00.000000000',93.30000019073486E0,NULL,NULL,NULL,NULL,NULL,NULL,NULL,NULL,NULL,NULL,NULL,NULL,NULL,NULL,NULL,NULL,NULL,NULL,NULL,NULL,NULL,NULL,NULL,NULL,NULL)
INSERT INTO MONITORING_DSG_CUSTOMERS_ALE_SERVICES_ALE VALUES('2013-11-05 18:23:04.000000000','2013-11-05 00:00:00.000000000',NULL,NULL,NULL,NULL,NULL,NULL,NULL,NULL,NULL,NULL,NULL,NULL,NULL,NULL,NULL,NULL,NULL,NULL,NULL,NULL,NULL,NULL,NULL,NULL,NULL,NULL)
INSERT INTO MONITORING_DSG_CUSTOMERS_ALE_SERVICES_ALE VALUES('2013-11-05 18:23:07.000000000','2013-11-05 00:00:00.000000000',93.30000019073486E0,NULL,NULL,NULL,NULL,NULL,NULL,NULL,NULL,NULL,NULL,NULL,NULL,NULL,NULL,NULL,NULL,NULL,NULL,NULL,NULL,NULL,NULL,NULL,NULL,NULL)
INSERT INTO MONITORING_DSG_CUSTOMERS_ALE_SERVICES_ALE VALUES('2013-11-05 18:23:09.000000000','2013-11-05 00:00:00.000000000',NULL,NULL,0.0E0,0.0E0,0.0E0,0.0E0,NULL,0.0E0,0.0E0,0.0E0,0.0E0,NULL,0.0E0,0.0E0,0.0E0,0.0E0,NULL,0.0E0,0.0E0,0.0E0,0.0E0,NULL,0.0E0,0.0E0,0.0E0,0.0E0)
INSERT INTO MONITORING_DSG_CUSTOMERS_ALE_SERVICES_ALE VALUES('2013-11-05 18:23:12.000000000','2013-11-05 00:00:00.000000000',86.19999980926514E0,NULL,NULL,NULL,NULL,NULL,NULL,NULL,NULL,NULL,NULL,NULL,NULL,NULL,NULL,NULL,NULL,NULL,NULL,NULL,NULL,NULL,NULL,NULL,NULL,NULL)
INSERT INTO MONITORING_DSG_CUSTOMERS_ALE_SERVICES_ALE VALUES('2013-11-05 18:23:14.000000000','2013-11-05 00:00:00.000000000',NULL,NULL,0.0E0,0.0E0,0.0E0,0.0E0,NULL,0.0E0,0.0E0,0.0E0,0.0E0,NULL,0.0E0,0.0E0,0.0E0,0.0E0,NULL,0.0E0,0.0E0,0.0E0,0.0E0,NULL,0.0E0,0.0E0,0.0E0,0.0E0)
INSERT INTO MONITORING_DSG_CUSTOMERS_ALE_SERVICES_ALE VALUES('2013-11-05 18:23:17.000000000','2013-11-05 00:00:00.000000000',86.19999980926514E0,NULL,NULL,NULL,NULL,NULL,NULL,NULL,NULL,NULL,NULL,NULL,NULL,NULL,NULL,NULL,NULL,NULL,NULL,NULL,NULL,NULL,NULL,NULL,NULL,NULL)
INSERT INTO MONITORING_DSG_CUSTOMERS_ALE_SERVICES_ALE VALUES('2013-11-05 18:23:19.000000000','2013-11-05 00:00:00.000000000',NULL,NULL,0.0E0,0.0E0,0.0E0,0.0E0,NULL,0.0E0,0.0E0,0.0E0,0.0E0,NULL,0.0E0,0.0E0,0.0E0,0.0E0,NULL,0.0E0,0.0E0,0.0E0,0.0E0,NULL,0.0E0,0.0E0,0.0E0,0.0E0)
INSERT INTO MONITORING_DSG_CUSTOMERS_ALE_SERVICES_ALE VALUES('2013-11-05 18:23:22.000000000','2013-11-05 00:00:00.000000000',38.70000076293945E0,NULL,NULL,NULL,NULL,NULL,NULL,NULL,NULL,NULL,NULL,NULL,NULL,NULL,NULL,NULL,NULL,NULL,NULL,NULL,NULL,NULL,NULL,NULL,NULL,NULL)
INSERT INTO MONITORING_DSG_CUSTOMERS_ALE_SERVICES_ALE VALUES('2013-11-05 18:23:24.000000000','2013-11-05 00:00:00.000000000',NULL,NULL,0.0E0,0.0E0,0.0E0,0.0E0,NULL,0.0E0,0.0E0,0.0E0,0.0E0,NULL,0.0E0,0.0E0,0.0E0,0.0E0,NULL,0.0E0,0.0E0,0.0E0,0.0E0,NULL,0.0E0,0.0E0,0.0E0,0.0E0)
INSERT INTO MONITORING_DSG_CUSTOMERS_ALE_SERVICES_ALE VALUES('2013-11-05 18:23:27.000000000','2013-11-05 00:00:00.000000000',38.70000076293945E0,NULL,NULL,NULL,NULL,NULL,NULL,NULL,NULL,NULL,NULL,NULL,NULL,NULL,NULL,NULL,NULL,NULL,NULL,NULL,NULL,NULL,NULL,NULL,NULL,NULL)
INSERT INTO MONITORING_DSG_CUSTOMERS_ALE_SERVICES_ALE VALUES('2013-11-05 18:23:29.000000000','2013-11-05 00:00:00.000000000',NULL,NULL,0.0E0,0.0E0,0.0E0,0.0E0,NULL,0.0E0,0.0E0,0.0E0,0.0E0,NULL,0.0E0,0.0E0,0.0E0,0.0E0,NULL,0.0E0,0.0E0,0.0E0,0.0E0,NULL,0.0E0,0.0E0,0.0E0,0.0E0)
INSERT INTO MONITORING_DSG_CUSTOMERS_ALE_SERVICES_ALE VALUES('2013-11-05 18:23:32.000000000','2013-11-05 00:00:00.000000000',1.5999984741210938E0,NULL,NULL,NULL,NULL,NULL,NULL,NULL,NULL,NULL,NULL,NULL,NULL,NULL,NULL,NULL,NULL,NULL,NULL,NULL,NULL,NULL,NULL,NULL,NULL,NULL)
INSERT INTO MONITORING_DSG_CUSTOMERS_ALE_SERVICES_ALE VALUES('2013-11-05 18:23:34.000000000','2013-11-05 00:00:00.000000000',NULL,NULL,0.0E0,0.0E0,0.0E0,0.0E0,NULL,0.0E0,0.0E0,0.0E0,0.0E0,NULL,0.0E0,0.0E0,0.0E0,0.0E0,NULL,0.0E0,0.0E0,0.0E0,0.0E0,NULL,0.0E0,0.0E0,0.0E0,0.0E0)
INSERT INTO MONITORING_DSG_CUSTOMERS_ALE_SERVICES_ALE VALUES('2013-11-05 18:23:37.000000000','2013-11-05 00:00:00.000000000',1.5999984741210938E0,NULL,NULL,NULL,NULL,NULL,NULL,NULL,NULL,NULL,NULL,NULL,NULL,NULL,NULL,NULL,NULL,NULL,NULL,NULL,NULL,NULL,NULL,NULL,NULL,NULL)
INSERT INTO MONITORING_DSG_CUSTOMERS_ALE_SERVICES_ALE VALUES('2013-11-05 18:23:39.000000000','2013-11-05 00:00:00.000000000',NULL,NULL,0.0E0,0.0E0,0.0E0,0.0E0,NULL,0.0E0,0.0E0,0.0E0,0.0E0,NULL,0.0E0,0.0E0,0.0E0,0.0E0,NULL,0.0E0,0.0E0,0.0E0,0.0E0,NULL,0.0E0,0.0E0,0.0E0,0.0E0)
INSERT INTO MONITORING_DSG_CUSTOMERS_ALE_SERVICES_ALE VALUES('2013-11-05 18:23:42.000000000','2013-11-05 00:00:00.000000000',0.6999969482421875E0,NULL,NULL,NULL,NULL,NULL,NULL,NULL,NULL,NULL,NULL,NULL,NULL,NULL,NULL,NULL,NULL,NULL,NULL,NULL,NULL,NULL,NULL,NULL,NULL,NULL)
INSERT INTO MONITORING_DSG_CUSTOMERS_ALE_SERVICES_ALE VALUES('2013-11-05 18:23:44.000000000','2013-11-05 00:00:00.000000000',NULL,NULL,0.0E0,0.0E0,0.0E0,0.0E0,NULL,0.0E0,0.0E0,0.0E0,0.0E0,NULL,0.0E0,0.0E0,0.0E0,0.0E0,NULL,0.0E0,0.0E0,0.0E0,0.0E0,NULL,0.0E0,0.0E0,0.0E0,0.0E0)
INSERT INTO MONITORING_DSG_CUSTOMERS_ALE_SERVICES_ALE VALUES('2013-11-05 18:23:47.000000000','2013-11-05 00:00:00.000000000',0.6999969482421875E0,NULL,NULL,NULL,NULL,NULL,NULL,NULL,NULL,NULL,NULL,NULL,NULL,NULL,NULL,NULL,NULL,NULL,NULL,NULL,NULL,NULL,NULL,NULL,NULL,NULL)
INSERT INTO MONITORING_DSG_CUSTOMERS_ALE_SERVICES_ALE VALUES('2013-11-05 18:23:49.000000000','2013-11-05 00:00:00.000000000',NULL,NULL,0.0E0,0.0E0,0.0E0,0.0E0,NULL,0.0E0,0.0E0,0.0E0,0.0E0,NULL,0.0E0,0.0E0,0.0E0,0.0E0,NULL,0.0E0,0.0E0,0.0E0,0.0E0,NULL,0.0E0,0.0E0,0.0E0,0.0E0)
INSERT INTO MONITORING_DSG_CUSTOMERS_ALE_SERVICES_ALE VALUES('2013-11-05 18:23:52.000000000','2013-11-05 00:00:00.000000000',0.40000152587890625E0,NULL,NULL,NULL,NULL,NULL,NULL,NULL,NULL,NULL,NULL,NULL,NULL,NULL,NULL,NULL,NULL,NULL,NULL,NULL,NULL,NULL,NULL,NULL,NULL,NULL)
INSERT INTO MONITORING_DSG_CUSTOMERS_ALE_SERVICES_ALE VALUES('2013-11-05 18:23:54.000000000','2013-11-05 00:00:00.000000000',NULL,NULL,0.0E0,0.0E0,0.0E0,0.0E0,NULL,0.0E0,0.0E0,0.0E0,0.0E0,NULL,0.0E0,0.0E0,0.0E0,0.0E0,NULL,0.0E0,0.0E0,0.0E0,0.0E0,NULL,0.0E0,0.0E0,0.0E0,0.0E0)
INSERT INTO MONITORING_DSG_CUSTOMERS_ALE_SERVICES_ALE VALUES('2013-11-05 18:23:57.000000000','2013-11-05 00:00:00.000000000',0.40000152587890625E0,NULL,NULL,NULL,NULL,NULL,NULL,NULL,NULL,NULL,NULL,NULL,NULL,NULL,NULL,NULL,NULL,NULL,NULL,NULL,NULL,NULL,NULL,NULL,NULL,NULL)
INSERT INTO MONITORING_DSG_CUSTOMERS_ALE_SERVICES_ALE VALUES('2013-11-05 18:23:59.000000000','2013-11-05 00:00:00.000000000',NULL,NULL,0.0E0,0.0E0,0.0E0,0.0E0,NULL,0.0E0,0.0E0,0.0E0,0.0E0,NULL,0.0E0,0.0E0,0.0E0,0.0E0,NULL,0.0E0,0.0E0,0.0E0,0.0E0,NULL,0.0E0,0.0E0,0.0E0,0.0E0)
INSERT INTO MONITORING_DSG_CUSTOMERS_ALE_SERVICES_ALE VALUES('2013-11-05 18:24:02.000000000','2013-11-05 00:00:00.000000000',1.1999969482421875E0,NULL,NULL,NULL,NULL,NULL,NULL,NULL,NULL,NULL,NULL,NULL,NULL,NULL,NULL,NULL,NULL,NULL,NULL,NULL,NULL,NULL,NULL,NULL,NULL,NULL)
INSERT INTO MONITORING_DSG_CUSTOMERS_ALE_SERVICES_ALE VALUES('2013-11-05 18:24:04.000000000','2013-11-05 00:00:00.000000000',NULL,NULL,0.0E0,0.0E0,0.0E0,0.0E0,NULL,0.0E0,0.0E0,0.0E0,0.0E0,NULL,0.0E0,0.0E0,0.0E0,0.0E0,NULL,0.0E0,0.0E0,0.0E0,0.0E0,NULL,0.0E0,0.0E0,0.0E0,0.0E0)
INSERT INTO MONITORING_DSG_CUSTOMERS_ALE_SERVICES_ALE VALUES('2013-11-05 18:24:07.000000000','2013-11-05 00:00:00.000000000',1.1999969482421875E0,NULL,NULL,NULL,NULL,NULL,NULL,NULL,NULL,NULL,NULL,NULL,NULL,NULL,NULL,NULL,NULL,NULL,NULL,NULL,NULL,NULL,NULL,NULL,NULL,NULL)
INSERT INTO MONITORING_DSG_CUSTOMERS_ALE_SERVICES_ALE VALUES('2013-11-05 18:24:09.000000000','2013-11-05 00:00:00.000000000',NULL,NULL,0.0E0,0.0E0,0.0E0,0.0E0,NULL,0.0E0,0.0E0,0.0E0,0.0E0,NULL,0.0E0,0.0E0,0.0E0,0.0E0,NULL,0.0E0,0.0E0,0.0E0,0.0E0,NULL,0.0E0,0.0E0,0.0E0,0.0E0)
INSERT INTO MONITORING_DSG_CUSTOMERS_ALE_SERVICES_ALE VALUES('2013-11-05 18:24:12.000000000','2013-11-05 00:00:00.000000000',0.6999969482421875E0,NULL,NULL,NULL,NULL,NULL,NULL,NULL,NULL,NULL,NULL,NULL,NULL,NULL,NULL,NULL,NULL,NULL,NULL,NULL,NULL,NULL,NULL,NULL,NULL,NULL)
INSERT INTO MONITORING_DSG_CUSTOMERS_ALE_SERVICES_ALE VALUES('2013-11-05 18:24:14.000000000','2013-11-05 00:00:00.000000000',NULL,NULL,0.0E0,0.0E0,0.0E0,0.0E0,NULL,0.0E0,0.0E0,0.0E0,0.0E0,NULL,0.0E0,0.0E0,0.0E0,0.0E0,NULL,0.0E0,0.0E0,0.0E0,0.0E0,NULL,0.0E0,0.0E0,0.0E0,0.0E0)
INSERT INTO MONITORING_DSG_CUSTOMERS_ALE_SERVICES_ALE VALUES('2013-11-05 18:24:17.000000000','2013-11-05 00:00:00.000000000',0.6999969482421875E0,NULL,NULL,NULL,NULL,NULL,NULL,NULL,NULL,NULL,NULL,NULL,NULL,NULL,NULL,NULL,NULL,NULL,NULL,NULL,NULL,NULL,NULL,NULL,NULL,NULL)
INSERT INTO MONITORING_DSG_CUSTOMERS_ALE_SERVICES_ALE VALUES('2013-11-05 18:24:19.000000000','2013-11-05 00:00:00.000000000',NULL,NULL,0.0E0,0.0E0,0.0E0,0.0E0,NULL,0.0E0,0.0E0,0.0E0,0.0E0,NULL,0.0E0,0.0E0,0.0E0,0.0E0,NULL,0.0E0,0.0E0,0.0E0,0.0E0,NULL,0.0E0,0.0E0,0.0E0,0.0E0)
INSERT INTO MONITORING_DSG_CUSTOMERS_ALE_SERVICES_ALE VALUES('2013-11-05 18:24:22.000000000','2013-11-05 00:00:00.000000000',0.6999969482421875E0,NULL,NULL,NULL,NULL,NULL,NULL,NULL,NULL,NULL,NULL,NULL,NULL,NULL,NULL,NULL,NULL,NULL,NULL,NULL,NULL,NULL,NULL,NULL,NULL,NULL)
INSERT INTO MONITORING_DSG_CUSTOMERS_ALE_SERVICES_ALE VALUES('2013-11-05 18:24:24.000000000','2013-11-05 00:00:00.000000000',NULL,NULL,0.0E0,0.0E0,0.0E0,0.0E0,NULL,0.0E0,0.0E0,0.0E0,0.0E0,NULL,0.0E0,0.0E0,0.0E0,0.0E0,NULL,0.0E0,0.0E0,0.0E0,0.0E0,NULL,0.0E0,0.0E0,0.0E0,0.0E0)
INSERT INTO MONITORING_DSG_CUSTOMERS_ALE_SERVICES_ALE VALUES('2013-11-05 18:24:27.000000000','2013-11-05 00:00:00.000000000',0.6999969482421875E0,NULL,NULL,NULL,NULL,NULL,NULL,NULL,NULL,NULL,NULL,NULL,NULL,NULL,NULL,NULL,NULL,NULL,NULL,NULL,NULL,NULL,NULL,NULL,NULL,NULL)
INSERT INTO MONITORING_DSG_CUSTOMERS_ALE_SERVICES_ALE VALUES('2013-11-05 18:24:29.000000000','2013-11-05 00:00:00.000000000',NULL,NULL,0.0E0,0.0E0,0.0E0,0.0E0,NULL,0.0E0,0.0E0,0.0E0,0.0E0,NULL,0.0E0,0.0E0,0.0E0,0.0E0,NULL,0.0E0,0.0E0,0.0E0,0.0E0,NULL,0.0E0,0.0E0,0.0E0,0.0E0)
INSERT INTO MONITORING_DSG_CUSTOMERS_ALE_SERVICES_ALE VALUES('2013-11-05 18:24:32.000000000','2013-11-05 00:00:00.000000000',1.5999984741210938E0,NULL,NULL,NULL,NULL,NULL,NULL,NULL,NULL,NULL,NULL,NULL,NULL,NULL,NULL,NULL,NULL,NULL,NULL,NULL,NULL,NULL,NULL,NULL,NULL,NULL)
INSERT INTO MONITORING_DSG_CUSTOMERS_ALE_SERVICES_ALE VALUES('2013-11-05 18:24:34.000000000','2013-11-05 00:00:00.000000000',NULL,NULL,0.0E0,0.0E0,0.0E0,0.0E0,NULL,0.0E0,0.0E0,0.0E0,0.0E0,NULL,0.0E0,0.0E0,0.0E0,0.0E0,NULL,0.0E0,0.0E0,0.0E0,0.0E0,NULL,0.0E0,0.0E0,0.0E0,0.0E0)
INSERT INTO MONITORING_DSG_CUSTOMERS_ALE_SERVICES_ALE VALUES('2013-11-05 18:24:37.000000000','2013-11-05 00:00:00.000000000',1.5999984741210938E0,NULL,NULL,NULL,NULL,NULL,NULL,NULL,NULL,NULL,NULL,NULL,NULL,NULL,NULL,NULL,NULL,NULL,NULL,NULL,NULL,NULL,NULL,NULL,NULL,NULL)
INSERT INTO MONITORING_DSG_CUSTOMERS_ALE_SERVICES_ALE VALUES('2013-11-05 18:24:39.000000000','2013-11-05 00:00:00.000000000',NULL,NULL,0.0E0,0.0E0,0.0E0,0.0E0,NULL,0.0E0,0.0E0,0.0E0,0.0E0,NULL,0.0E0,0.0E0,0.0E0,0.0E0,NULL,0.0E0,0.0E0,0.0E0,0.0E0,NULL,0.0E0,0.0E0,0.0E0,0.0E0)
INSERT INTO MONITORING_DSG_CUSTOMERS_ALE_SERVICES_ALE VALUES('2013-11-05 18:24:42.000000000','2013-11-05 00:00:00.000000000',0.9000015258789062E0,NULL,NULL,NULL,NULL,NULL,NULL,NULL,NULL,NULL,NULL,NULL,NULL,NULL,NULL,NULL,NULL,NULL,NULL,NULL,NULL,NULL,NULL,NULL,NULL,NULL)
INSERT INTO MONITORING_DSG_CUSTOMERS_ALE_SERVICES_ALE VALUES('2013-11-05 18:24:44.000000000','2013-11-05 00:00:00.000000000',NULL,NULL,0.0E0,0.0E0,0.0E0,0.0E0,NULL,0.0E0,0.0E0,0.0E0,0.0E0,NULL,0.0E0,0.0E0,0.0E0,0.0E0,NULL,0.0E0,0.0E0,0.0E0,0.0E0,NULL,0.0E0,0.0E0,0.0E0,0.0E0)
INSERT INTO MONITORING_DSG_CUSTOMERS_ALE_SERVICES_ALE VALUES('2013-11-05 18:24:47.000000000','2013-11-05 00:00:00.000000000',0.9000015258789062E0,NULL,NULL,NULL,NULL,NULL,NULL,NULL,NULL,NULL,NULL,NULL,NULL,NULL,NULL,NULL,NULL,NULL,NULL,NULL,NULL,NULL,NULL,NULL,NULL,NULL)
INSERT INTO MONITORING_DSG_CUSTOMERS_ALE_SERVICES_ALE VALUES('2013-11-05 18:24:49.000000000','2013-11-05 00:00:00.000000000',NULL,NULL,0.0E0,0.0E0,0.0E0,0.0E0,NULL,0.0E0,0.0E0,0.0E0,0.0E0,NULL,0.0E0,0.0E0,0.0E0,0.0E0,NULL,0.0E0,0.0E0,0.0E0,0.0E0,NULL,0.0E0,0.0E0,0.0E0,0.0E0)
INSERT INTO MONITORING_DSG_CUSTOMERS_ALE_SERVICES_ALE VALUES('2013-11-05 18:24:52.000000000','2013-11-05 00:00:00.000000000',0.40000152587890625E0,NULL,NULL,NULL,NULL,NULL,NULL,NULL,NULL,NULL,NULL,NULL,NULL,NULL,NULL,NULL,NULL,NULL,NULL,NULL,NULL,NULL,NULL,NULL,NULL,NULL)
INSERT INTO MONITORING_DSG_CUSTOMERS_ALE_SERVICES_ALE VALUES('2013-11-05 18:24:54.000000000','2013-11-05 00:00:00.000000000',NULL,NULL,0.0E0,0.0E0,0.0E0,0.0E0,NULL,0.0E0,0.0E0,0.0E0,0.0E0,NULL,0.0E0,0.0E0,0.0E0,0.0E0,NULL,0.0E0,0.0E0,0.0E0,0.0E0,NULL,0.0E0,0.0E0,0.0E0,0.0E0)
INSERT INTO MONITORING_DSG_CUSTOMERS_ALE_SERVICES_ALE VALUES('2013-11-05 18:24:57.000000000','2013-11-05 00:00:00.000000000',0.40000152587890625E0,NULL,NULL,NULL,NULL,NULL,NULL,NULL,NULL,NULL,NULL,NULL,NULL,NULL,NULL,NULL,NULL,NULL,NULL,NULL,NULL,NULL,NULL,NULL,NULL,NULL)
INSERT INTO MONITORING_DSG_CUSTOMERS_ALE_SERVICES_ALE VALUES('2013-11-05 18:24:59.000000000','2013-11-05 00:00:00.000000000',NULL,NULL,0.0E0,0.0E0,0.0E0,0.0E0,NULL,0.0E0,0.0E0,0.0E0,0.0E0,NULL,0.0E0,0.0E0,0.0E0,0.0E0,NULL,0.0E0,0.0E0,0.0E0,0.0E0,NULL,0.0E0,0.0E0,0.0E0,0.0E0)
INSERT INTO MONITORING_DSG_CUSTOMERS_ALE_SERVICES_ALE VALUES('2013-11-05 18:25:02.000000000','2013-11-05 00:00:00.000000000',0.6999969482421875E0,NULL,NULL,NULL,NULL,NULL,NULL,NULL,NULL,NULL,NULL,NULL,NULL,NULL,NULL,NULL,NULL,NULL,NULL,NULL,NULL,NULL,NULL,NULL,NULL,NULL)
INSERT INTO MONITORING_DSG_CUSTOMERS_ALE_SERVICES_ALE VALUES('2013-11-05 18:25:04.000000000','2013-11-05 00:00:00.000000000',NULL,NULL,0.0E0,0.0E0,0.0E0,0.0E0,NULL,0.0E0,0.0E0,0.0E0,0.0E0,NULL,0.0E0,0.0E0,0.0E0,0.0E0,NULL,0.0E0,0.0E0,0.0E0,0.0E0,NULL,0.0E0,0.0E0,0.0E0,0.0E0)
INSERT INTO MONITORING_DSG_CUSTOMERS_ALE_SERVICES_ALE VALUES('2013-11-05 18:25:07.000000000','2013-11-05 00:00:00.000000000',0.6999969482421875E0,NULL,NULL,NULL,NULL,NULL,NULL,NULL,NULL,NULL,NULL,NULL,NULL,NULL,NULL,NULL,NULL,NULL,NULL,NULL,NULL,NULL,NULL,NULL,NULL,NULL)
INSERT INTO MONITORING_DSG_CUSTOMERS_ALE_SERVICES_ALE VALUES('2013-11-05 18:25:09.000000000','2013-11-05 00:00:00.000000000',NULL,NULL,0.0E0,0.0E0,0.0E0,0.0E0,NULL,0.0E0,0.0E0,0.0E0,0.0E0,NULL,0.0E0,0.0E0,0.0E0,0.0E0,NULL,0.0E0,0.0E0,0.0E0,0.0E0,NULL,0.0E0,0.0E0,0.0E0,0.0E0)
INSERT INTO MONITORING_DSG_CUSTOMERS_ALE_SERVICES_ALE VALUES('2013-11-05 18:25:12.000000000','2013-11-05 00:00:00.000000000',0.9000015258789062E0,NULL,NULL,NULL,NULL,NULL,NULL,NULL,NULL,NULL,NULL,NULL,NULL,NULL,NULL,NULL,NULL,NULL,NULL,NULL,NULL,NULL,NULL,NULL,NULL,NULL)
INSERT INTO MONITORING_DSG_CUSTOMERS_ALE_SERVICES_ALE VALUES('2013-11-05 18:25:14.000000000','2013-11-05 00:00:00.000000000',NULL,NULL,0.0E0,0.0E0,0.0E0,0.0E0,NULL,0.0E0,0.0E0,0.0E0,0.0E0,NULL,0.0E0,0.0E0,0.0E0,0.0E0,NULL,0.0E0,0.0E0,0.0E0,0.0E0,NULL,0.0E0,0.0E0,0.0E0,0.0E0)
INSERT INTO MONITORING_DSG_CUSTOMERS_ALE_SERVICES_ALE VALUES('2013-11-05 18:25:17.000000000','2013-11-05 00:00:00.000000000',0.9000015258789062E0,NULL,NULL,NULL,NULL,NULL,NULL,NULL,NULL,NULL,NULL,NULL,NULL,NULL,NULL,NULL,NULL,NULL,NULL,NULL,NULL,NULL,NULL,NULL,NULL,NULL)
INSERT INTO MONITORING_DSG_CUSTOMERS_ALE_SERVICES_ALE VALUES('2013-11-05 18:25:19.000000000','2013-11-05 00:00:00.000000000',NULL,NULL,0.0E0,0.0E0,0.0E0,0.0E0,NULL,0.0E0,0.0E0,0.0E0,0.0E0,NULL,0.0E0,0.0E0,0.0E0,0.0E0,NULL,0.0E0,0.0E0,0.0E0,0.0E0,NULL,0.0E0,0.0E0,0.0E0,0.0E0)
INSERT INTO MONITORING_DSG_CUSTOMERS_ALE_SERVICES_ALE VALUES('2013-11-05 18:25:22.000000000','2013-11-05 00:00:00.000000000',0.6999969482421875E0,NULL,NULL,NULL,NULL,NULL,NULL,NULL,NULL,NULL,NULL,NULL,NULL,NULL,NULL,NULL,NULL,NULL,NULL,NULL,NULL,NULL,NULL,NULL,NULL,NULL)
INSERT INTO MONITORING_DSG_CUSTOMERS_ALE_SERVICES_ALE VALUES('2013-11-05 18:25:24.000000000','2013-11-05 00:00:00.000000000',NULL,NULL,0.0E0,0.0E0,0.0E0,0.0E0,NULL,0.0E0,0.0E0,0.0E0,0.0E0,NULL,0.0E0,0.0E0,0.0E0,0.0E0,NULL,0.0E0,0.0E0,0.0E0,0.0E0,NULL,0.0E0,0.0E0,0.0E0,0.0E0)
INSERT INTO MONITORING_DSG_CUSTOMERS_ALE_SERVICES_ALE VALUES('2013-11-05 18:25:27.000000000','2013-11-05 00:00:00.000000000',0.6999969482421875E0,NULL,NULL,NULL,NULL,NULL,NULL,NULL,NULL,NULL,NULL,NULL,NULL,NULL,NULL,NULL,NULL,NULL,NULL,NULL,NULL,NULL,NULL,NULL,NULL,NULL)
INSERT INTO MONITORING_DSG_CUSTOMERS_ALE_SERVICES_ALE VALUES('2013-11-05 18:25:29.000000000','2013-11-05 00:00:00.000000000',NULL,NULL,0.0E0,0.0E0,0.0E0,0.0E0,NULL,0.0E0,0.0E0,0.0E0,0.0E0,NULL,0.0E0,0.0E0,0.0E0,0.0E0,NULL,0.0E0,0.0E0,0.0E0,0.0E0,NULL,0.0E0,0.0E0,0.0E0,0.0E0)
INSERT INTO MONITORING_DSG_CUSTOMERS_ALE_SERVICES_ALE VALUES('2013-11-05 18:25:32.000000000','2013-11-05 00:00:00.000000000',0.3000030517578125E0,NULL,NULL,NULL,NULL,NULL,NULL,NULL,NULL,NULL,NULL,NULL,NULL,NULL,NULL,NULL,NULL,NULL,NULL,NULL,NULL,NULL,NULL,NULL,NULL,NULL)
INSERT INTO MONITORING_DSG_CUSTOMERS_ALE_SERVICES_ALE VALUES('2013-11-05 18:25:34.000000000','2013-11-05 00:00:00.000000000',NULL,NULL,0.0E0,0.0E0,0.0E0,0.0E0,NULL,0.0E0,0.0E0,0.0E0,0.0E0,NULL,0.0E0,0.0E0,0.0E0,0.0E0,NULL,0.0E0,0.0E0,0.0E0,0.0E0,NULL,0.0E0,0.0E0,0.0E0,0.0E0)
INSERT INTO MONITORING_DSG_CUSTOMERS_ALE_SERVICES_ALE VALUES('2013-11-05 18:25:37.000000000','2013-11-05 00:00:00.000000000',0.3000030517578125E0,NULL,NULL,NULL,NULL,NULL,NULL,NULL,NULL,NULL,NULL,NULL,NULL,NULL,NULL,NULL,NULL,NULL,NULL,NULL,NULL,NULL,NULL,NULL,NULL,NULL)
INSERT INTO MONITORING_DSG_CUSTOMERS_ALE_SERVICES_ALE VALUES('2013-11-05 18:25:39.000000000','2013-11-05 00:00:00.000000000',NULL,NULL,0.0E0,0.0E0,0.0E0,0.0E0,NULL,0.0E0,0.0E0,0.0E0,0.0E0,NULL,0.0E0,0.0E0,0.0E0,0.0E0,NULL,0.0E0,0.0E0,0.0E0,0.0E0,NULL,0.0E0,0.0E0,0.0E0,0.0E0)
INSERT INTO MONITORING_DSG_CUSTOMERS_ALE_SERVICES_ALE VALUES('2013-11-05 18:25:42.000000000','2013-11-05 00:00:00.000000000',0.3000030517578125E0,NULL,NULL,NULL,NULL,NULL,NULL,NULL,NULL,NULL,NULL,NULL,NULL,NULL,NULL,NULL,NULL,NULL,NULL,NULL,NULL,NULL,NULL,NULL,NULL,NULL)
INSERT INTO MONITORING_DSG_CUSTOMERS_ALE_SERVICES_ALE VALUES('2013-11-05 18:25:44.000000000','2013-11-05 00:00:00.000000000',NULL,NULL,0.0E0,0.0E0,0.0E0,0.0E0,NULL,0.0E0,0.0E0,0.0E0,0.0E0,NULL,0.0E0,0.0E0,0.0E0,0.0E0,NULL,0.0E0,0.0E0,0.0E0,0.0E0,NULL,0.0E0,0.0E0,0.0E0,0.0E0)
INSERT INTO MONITORING_DSG_CUSTOMERS_ALE_SERVICES_ALE VALUES('2013-11-05 18:25:47.000000000','2013-11-05 00:00:00.000000000',0.3000030517578125E0,NULL,NULL,NULL,NULL,NULL,NULL,NULL,NULL,NULL,NULL,NULL,NULL,NULL,NULL,NULL,NULL,NULL,NULL,NULL,NULL,NULL,NULL,NULL,NULL,NULL)
INSERT INTO MONITORING_DSG_CUSTOMERS_ALE_SERVICES_ALE VALUES('2013-11-05 18:25:49.000000000','2013-11-05 00:00:00.000000000',NULL,NULL,0.0E0,0.0E0,0.0E0,0.0E0,NULL,0.0E0,0.0E0,0.0E0,0.0E0,NULL,0.0E0,0.0E0,0.0E0,0.0E0,NULL,0.0E0,0.0E0,0.0E0,0.0E0,NULL,0.0E0,0.0E0,0.0E0,0.0E0)
INSERT INTO MONITORING_DSG_CUSTOMERS_ALE_SERVICES_ALE VALUES('2013-11-05 18:25:52.000000000','2013-11-05 00:00:00.000000000',1.5E0,NULL,NULL,NULL,NULL,NULL,NULL,NULL,NULL,NULL,NULL,NULL,NULL,NULL,NULL,NULL,NULL,NULL,NULL,NULL,NULL,NULL,NULL,NULL,NULL,NULL)
INSERT INTO MONITORING_DSG_CUSTOMERS_ALE_SERVICES_ALE VALUES('2013-11-05 18:25:54.000000000','2013-11-05 00:00:00.000000000',NULL,NULL,0.0E0,0.0E0,0.0E0,0.0E0,NULL,0.0E0,0.0E0,0.0E0,0.0E0,NULL,0.0E0,0.0E0,0.0E0,0.0E0,NULL,0.0E0,0.0E0,0.0E0,0.0E0,NULL,0.0E0,0.0E0,0.0E0,0.0E0)
INSERT INTO MONITORING_DSG_CUSTOMERS_ALE_SERVICES_ALE VALUES('2013-11-05 18:25:57.000000000','2013-11-05 00:00:00.000000000',1.5E0,NULL,NULL,NULL,NULL,NULL,NULL,NULL,NULL,NULL,NULL,NULL,NULL,NULL,NULL,NULL,NULL,NULL,NULL,NULL,NULL,NULL,NULL,NULL,NULL,NULL)
INSERT INTO MONITORING_DSG_CUSTOMERS_ALE_SERVICES_ALE VALUES('2013-11-05 18:25:59.000000000','2013-11-05 00:00:00.000000000',NULL,NULL,0.0E0,0.0E0,0.0E0,0.0E0,NULL,0.0E0,0.0E0,0.0E0,0.0E0,NULL,0.0E0,0.0E0,0.0E0,0.0E0,NULL,0.0E0,0.0E0,0.0E0,0.0E0,NULL,0.0E0,0.0E0,0.0E0,0.0E0)
INSERT INTO MONITORING_DSG_CUSTOMERS_ALE_SERVICES_ALE VALUES('2013-11-05 18:26:02.000000000','2013-11-05 00:00:00.000000000',0.3000030517578125E0,NULL,NULL,NULL,NULL,NULL,NULL,NULL,NULL,NULL,NULL,NULL,NULL,NULL,NULL,NULL,NULL,NULL,NULL,NULL,NULL,NULL,NULL,NULL,NULL,NULL)
INSERT INTO MONITORING_DSG_CUSTOMERS_ALE_SERVICES_ALE VALUES('2013-11-05 18:26:04.000000000','2013-11-05 00:00:00.000000000',NULL,NULL,0.0E0,0.0E0,0.0E0,0.0E0,NULL,0.0E0,0.0E0,0.0E0,0.0E0,NULL,0.0E0,0.0E0,0.0E0,0.0E0,NULL,0.0E0,0.0E0,0.0E0,0.0E0,NULL,0.0E0,0.0E0,0.0E0,0.0E0)
INSERT INTO MONITORING_DSG_CUSTOMERS_ALE_SERVICES_ALE VALUES('2013-11-05 18:26:07.000000000','2013-11-05 00:00:00.000000000',0.3000030517578125E0,NULL,NULL,NULL,NULL,NULL,NULL,NULL,NULL,NULL,NULL,NULL,NULL,NULL,NULL,NULL,NULL,NULL,NULL,NULL,NULL,NULL,NULL,NULL,NULL,NULL)
INSERT INTO MONITORING_DSG_CUSTOMERS_ALE_SERVICES_ALE VALUES('2013-11-05 18:26:09.000000000','2013-11-05 00:00:00.000000000',NULL,NULL,0.0E0,0.0E0,0.0E0,0.0E0,NULL,0.0E0,0.0E0,0.0E0,0.0E0,NULL,0.0E0,0.0E0,0.0E0,0.0E0,NULL,0.0E0,0.0E0,0.0E0,0.0E0,NULL,0.0E0,0.0E0,0.0E0,0.0E0)
INSERT INTO MONITORING_DSG_CUSTOMERS_ALE_SERVICES_ALE VALUES('2013-11-05 18:26:12.000000000','2013-11-05 00:00:00.000000000',0.1999969482421875E0,NULL,NULL,NULL,NULL,NULL,NULL,NULL,NULL,NULL,NULL,NULL,NULL,NULL,NULL,NULL,NULL,NULL,NULL,NULL,NULL,NULL,NULL,NULL,NULL,NULL)
INSERT INTO MONITORING_DSG_CUSTOMERS_ALE_SERVICES_ALE VALUES('2013-11-05 18:26:14.000000000','2013-11-05 00:00:00.000000000',NULL,NULL,0.0E0,0.0E0,0.0E0,0.0E0,NULL,0.0E0,0.0E0,0.0E0,0.0E0,NULL,0.0E0,0.0E0,0.0E0,0.0E0,NULL,0.0E0,0.0E0,0.0E0,0.0E0,NULL,0.0E0,0.0E0,0.0E0,0.0E0)
INSERT INTO MONITORING_DSG_CUSTOMERS_ALE_SERVICES_ALE VALUES('2013-11-05 18:26:17.000000000','2013-11-05 00:00:00.000000000',0.1999969482421875E0,NULL,NULL,NULL,NULL,NULL,NULL,NULL,NULL,NULL,NULL,NULL,NULL,NULL,NULL,NULL,NULL,NULL,NULL,NULL,NULL,NULL,NULL,NULL,NULL,NULL)
INSERT INTO MONITORING_DSG_CUSTOMERS_ALE_SERVICES_ALE VALUES('2013-11-05 18:26:19.000000000','2013-11-05 00:00:00.000000000',NULL,NULL,0.0E0,0.0E0,0.0E0,0.0E0,NULL,0.0E0,0.0E0,0.0E0,0.0E0,NULL,0.0E0,0.0E0,0.0E0,0.0E0,NULL,0.0E0,0.0E0,0.0E0,0.0E0,NULL,0.0E0,0.0E0,0.0E0,0.0E0)
INSERT INTO MONITORING_DSG_CUSTOMERS_ALE_SERVICES_ALE VALUES('2013-11-05 18:26:22.000000000','2013-11-05 00:00:00.000000000',0.1999969482421875E0,NULL,NULL,NULL,NULL,NULL,NULL,NULL,NULL,NULL,NULL,NULL,NULL,NULL,NULL,NULL,NULL,NULL,NULL,NULL,NULL,NULL,NULL,NULL,NULL,NULL)
INSERT INTO MONITORING_DSG_CUSTOMERS_ALE_SERVICES_ALE VALUES('2013-11-05 18:26:24.000000000','2013-11-05 00:00:00.000000000',NULL,NULL,0.0E0,0.0E0,0.0E0,0.0E0,NULL,0.0E0,0.0E0,0.0E0,0.0E0,NULL,0.0E0,0.0E0,0.0E0,0.0E0,NULL,0.0E0,0.0E0,0.0E0,0.0E0,NULL,0.0E0,0.0E0,0.0E0,0.0E0)
INSERT INTO MONITORING_DSG_CUSTOMERS_ALE_SERVICES_ALE VALUES('2013-11-05 18:26:27.000000000','2013-11-05 00:00:00.000000000',0.1999969482421875E0,NULL,NULL,NULL,NULL,NULL,NULL,NULL,NULL,NULL,NULL,NULL,NULL,NULL,NULL,NULL,NULL,NULL,NULL,NULL,NULL,NULL,NULL,NULL,NULL,NULL)
INSERT INTO MONITORING_DSG_CUSTOMERS_ALE_SERVICES_ALE VALUES('2013-11-05 18:26:29.000000000','2013-11-05 00:00:00.000000000',NULL,NULL,0.0E0,0.0E0,0.0E0,0.0E0,NULL,0.0E0,0.0E0,0.0E0,0.0E0,NULL,0.0E0,0.0E0,0.0E0,0.0E0,NULL,0.0E0,0.0E0,0.0E0,0.0E0,NULL,0.0E0,0.0E0,0.0E0,0.0E0)
INSERT INTO MONITORING_DSG_CUSTOMERS_ALE_SERVICES_ALE VALUES('2013-11-05 18:26:32.000000000','2013-11-05 00:00:00.000000000',0.5E0,NULL,NULL,NULL,NULL,NULL,NULL,NULL,NULL,NULL,NULL,NULL,NULL,NULL,NULL,NULL,NULL,NULL,NULL,NULL,NULL,NULL,NULL,NULL,NULL,NULL)
INSERT INTO MONITORING_DSG_CUSTOMERS_ALE_SERVICES_ALE VALUES('2013-11-05 18:26:34.000000000','2013-11-05 00:00:00.000000000',NULL,NULL,0.0E0,0.0E0,0.0E0,0.0E0,NULL,0.0E0,0.0E0,0.0E0,0.0E0,NULL,0.0E0,0.0E0,0.0E0,0.0E0,NULL,0.0E0,0.0E0,0.0E0,0.0E0,NULL,0.0E0,0.0E0,0.0E0,0.0E0)
INSERT INTO MONITORING_DSG_CUSTOMERS_ALE_SERVICES_ALE VALUES('2013-11-05 18:26:37.000000000','2013-11-05 00:00:00.000000000',0.5E0,NULL,NULL,NULL,NULL,NULL,NULL,NULL,NULL,NULL,NULL,NULL,NULL,NULL,NULL,NULL,NULL,NULL,NULL,NULL,NULL,NULL,NULL,NULL,NULL,NULL)
INSERT INTO MONITORING_DSG_CUSTOMERS_ALE_SERVICES_ALE VALUES('2013-11-05 18:26:39.000000000','2013-11-05 00:00:00.000000000',NULL,NULL,0.0E0,0.0E0,0.0E0,0.0E0,NULL,0.0E0,0.0E0,0.0E0,0.0E0,NULL,0.0E0,0.0E0,0.0E0,0.0E0,NULL,0.0E0,0.0E0,0.0E0,0.0E0,NULL,0.0E0,0.0E0,0.0E0,0.0E0)
INSERT INTO MONITORING_DSG_CUSTOMERS_ALE_SERVICES_ALE VALUES('2013-11-05 18:26:42.000000000','2013-11-05 00:00:00.000000000',1.0E0,NULL,NULL,NULL,NULL,NULL,NULL,NULL,NULL,NULL,NULL,NULL,NULL,NULL,NULL,NULL,NULL,NULL,NULL,NULL,NULL,NULL,NULL,NULL,NULL,NULL)
INSERT INTO MONITORING_DSG_CUSTOMERS_ALE_SERVICES_ALE VALUES('2013-11-05 18:26:44.000000000','2013-11-05 00:00:00.000000000',NULL,NULL,0.0E0,0.0E0,0.0E0,0.0E0,NULL,0.0E0,0.0E0,0.0E0,0.0E0,NULL,0.0E0,0.0E0,0.0E0,0.0E0,NULL,0.0E0,0.0E0,0.0E0,0.0E0,NULL,0.0E0,0.0E0,0.0E0,0.0E0)
INSERT INTO MONITORING_DSG_CUSTOMERS_ALE_SERVICES_ALE VALUES('2013-11-05 18:26:47.000000000','2013-11-05 00:00:00.000000000',1.0E0,NULL,NULL,NULL,NULL,NULL,NULL,NULL,NULL,NULL,NULL,NULL,NULL,NULL,NULL,NULL,NULL,NULL,NULL,NULL,NULL,NULL,NULL,NULL,NULL,NULL)
INSERT INTO MONITORING_DSG_CUSTOMERS_ALE_SERVICES_ALE VALUES('2013-11-05 18:26:49.000000000','2013-11-05 00:00:00.000000000',NULL,NULL,0.0E0,0.0E0,0.0E0,0.0E0,NULL,0.0E0,0.0E0,0.0E0,0.0E0,NULL,0.0E0,0.0E0,0.0E0,0.0E0,NULL,0.0E0,0.0E0,0.0E0,0.0E0,NULL,0.0E0,0.0E0,0.0E0,0.0E0)
INSERT INTO MONITORING_DSG_CUSTOMERS_ALE_SERVICES_ALE VALUES('2013-11-05 18:26:52.000000000','2013-11-05 00:00:00.000000000',0.40000152587890625E0,NULL,NULL,NULL,NULL,NULL,NULL,NULL,NULL,NULL,NULL,NULL,NULL,NULL,NULL,NULL,NULL,NULL,NULL,NULL,NULL,NULL,NULL,NULL,NULL,NULL)
INSERT INTO MONITORING_DSG_CUSTOMERS_ALE_SERVICES_ALE VALUES('2013-11-05 18:26:54.000000000','2013-11-05 00:00:00.000000000',NULL,NULL,0.0E0,0.0E0,0.0E0,0.0E0,NULL,0.0E0,0.0E0,0.0E0,0.0E0,NULL,0.0E0,0.0E0,0.0E0,0.0E0,NULL,0.0E0,0.0E0,0.0E0,0.0E0,NULL,0.0E0,0.0E0,0.0E0,0.0E0)
INSERT INTO MONITORING_DSG_CUSTOMERS_ALE_SERVICES_ALE VALUES('2013-11-05 18:26:57.000000000','2013-11-05 00:00:00.000000000',0.40000152587890625E0,NULL,NULL,NULL,NULL,NULL,NULL,NULL,NULL,NULL,NULL,NULL,NULL,NULL,NULL,NULL,NULL,NULL,NULL,NULL,NULL,NULL,NULL,NULL,NULL,NULL)
INSERT INTO MONITORING_DSG_CUSTOMERS_ALE_SERVICES_ALE VALUES('2013-11-05 18:26:59.000000000','2013-11-05 00:00:00.000000000',NULL,NULL,0.0E0,0.0E0,0.0E0,0.0E0,NULL,0.0E0,0.0E0,0.0E0,0.0E0,NULL,0.0E0,0.0E0,0.0E0,0.0E0,NULL,0.0E0,0.0E0,0.0E0,0.0E0,NULL,0.0E0,0.0E0,0.0E0,0.0E0)
INSERT INTO MONITORING_DSG_CUSTOMERS_ALE_SERVICES_ALE VALUES('2013-11-05 18:27:02.000000000','2013-11-05 00:00:00.000000000',1.4000015258789062E0,NULL,NULL,NULL,NULL,NULL,NULL,NULL,NULL,NULL,NULL,NULL,NULL,NULL,NULL,NULL,NULL,NULL,NULL,NULL,NULL,NULL,NULL,NULL,NULL,NULL)
INSERT INTO MONITORING_DSG_CUSTOMERS_ALE_SERVICES_ALE VALUES('2013-11-05 18:27:04.000000000','2013-11-05 00:00:00.000000000',NULL,NULL,0.0E0,0.0E0,0.0E0,0.0E0,NULL,0.0E0,0.0E0,0.0E0,0.0E0,NULL,0.0E0,0.0E0,0.0E0,0.0E0,NULL,0.0E0,0.0E0,0.0E0,0.0E0,NULL,0.0E0,0.0E0,0.0E0,0.0E0)
INSERT INTO MONITORING_DSG_CUSTOMERS_ALE_SERVICES_ALE VALUES('2013-11-05 18:27:07.000000000','2013-11-05 00:00:00.000000000',1.4000015258789062E0,NULL,NULL,NULL,NULL,NULL,NULL,NULL,NULL,NULL,NULL,NULL,NULL,NULL,NULL,NULL,NULL,NULL,NULL,NULL,NULL,NULL,NULL,NULL,NULL,NULL)
INSERT INTO MONITORING_DSG_CUSTOMERS_ALE_SERVICES_ALE VALUES('2013-11-05 18:27:09.000000000','2013-11-05 00:00:00.000000000',NULL,NULL,0.0E0,0.0E0,0.0E0,0.0E0,NULL,0.0E0,0.0E0,0.0E0,0.0E0,NULL,0.0E0,0.0E0,0.0E0,0.0E0,NULL,0.0E0,0.0E0,0.0E0,0.0E0,NULL,0.0E0,0.0E0,0.0E0,0.0E0)
INSERT INTO MONITORING_DSG_CUSTOMERS_ALE_SERVICES_ALE VALUES('2013-11-05 18:27:12.000000000','2013-11-05 00:00:00.000000000',0.6999969482421875E0,NULL,NULL,NULL,NULL,NULL,NULL,NULL,NULL,NULL,NULL,NULL,NULL,NULL,NULL,NULL,NULL,NULL,NULL,NULL,NULL,NULL,NULL,NULL,NULL,NULL)
INSERT INTO MONITORING_DSG_CUSTOMERS_ALE_SERVICES_ALE VALUES('2013-11-05 18:27:14.000000000','2013-11-05 00:00:00.000000000',NULL,NULL,0.0E0,0.0E0,0.0E0,0.0E0,NULL,0.0E0,0.0E0,0.0E0,0.0E0,NULL,0.0E0,0.0E0,0.0E0,0.0E0,NULL,0.0E0,0.0E0,0.0E0,0.0E0,NULL,0.0E0,0.0E0,0.0E0,0.0E0)
INSERT INTO MONITORING_DSG_CUSTOMERS_ALE_SERVICES_ALE VALUES('2013-11-05 18:27:17.000000000','2013-11-05 00:00:00.000000000',0.6999969482421875E0,NULL,NULL,NULL,NULL,NULL,NULL,NULL,NULL,NULL,NULL,NULL,NULL,NULL,NULL,NULL,NULL,NULL,NULL,NULL,NULL,NULL,NULL,NULL,NULL,NULL)
INSERT INTO MONITORING_DSG_CUSTOMERS_ALE_SERVICES_ALE VALUES('2013-11-05 18:27:19.000000000','2013-11-05 00:00:00.000000000',NULL,NULL,0.0E0,0.0E0,0.0E0,0.0E0,NULL,0.0E0,0.0E0,0.0E0,0.0E0,NULL,0.0E0,0.0E0,0.0E0,0.0E0,NULL,0.0E0,0.0E0,0.0E0,0.0E0,NULL,0.0E0,0.0E0,0.0E0,0.0E0)
INSERT INTO MONITORING_DSG_CUSTOMERS_ALE_SERVICES_ALE VALUES('2013-11-05 18:27:22.000000000','2013-11-05 00:00:00.000000000',0.6999969482421875E0,NULL,NULL,NULL,NULL,NULL,NULL,NULL,NULL,NULL,NULL,NULL,NULL,NULL,NULL,NULL,NULL,NULL,NULL,NULL,NULL,NULL,NULL,NULL,NULL,NULL)
INSERT INTO MONITORING_DSG_CUSTOMERS_ALE_SERVICES_ALE VALUES('2013-11-05 18:27:24.000000000','2013-11-05 00:00:00.000000000',NULL,NULL,0.0E0,0.0E0,0.0E0,0.0E0,NULL,0.0E0,0.0E0,0.0E0,0.0E0,NULL,0.0E0,0.0E0,0.0E0,0.0E0,NULL,0.0E0,0.0E0,0.0E0,0.0E0,NULL,0.0E0,0.0E0,0.0E0,0.0E0)
INSERT INTO MONITORING_DSG_CUSTOMERS_ALE_SERVICES_ALE VALUES('2013-11-05 18:27:27.000000000','2013-11-05 00:00:00.000000000',0.6999969482421875E0,NULL,NULL,NULL,NULL,NULL,NULL,NULL,NULL,NULL,NULL,NULL,NULL,NULL,NULL,NULL,NULL,NULL,NULL,NULL,NULL,NULL,NULL,NULL,NULL,NULL)
INSERT INTO MONITORING_DSG_CUSTOMERS_ALE_SERVICES_ALE VALUES('2013-11-05 18:27:29.000000000','2013-11-05 00:00:00.000000000',NULL,NULL,0.0E0,0.0E0,0.0E0,0.0E0,NULL,0.0E0,0.0E0,0.0E0,0.0E0,NULL,0.0E0,0.0E0,0.0E0,0.0E0,NULL,0.0E0,0.0E0,0.0E0,0.0E0,NULL,0.0E0,0.0E0,0.0E0,0.0E0)
INSERT INTO MONITORING_DSG_CUSTOMERS_ALE_SERVICES_ALE VALUES('2013-11-05 18:27:32.000000000','2013-11-05 00:00:00.000000000',0.5E0,NULL,NULL,NULL,NULL,NULL,NULL,NULL,NULL,NULL,NULL,NULL,NULL,NULL,NULL,NULL,NULL,NULL,NULL,NULL,NULL,NULL,NULL,NULL,NULL,NULL)
INSERT INTO MONITORING_DSG_CUSTOMERS_ALE_SERVICES_ALE VALUES('2013-11-05 18:27:34.000000000','2013-11-05 00:00:00.000000000',NULL,NULL,0.0E0,0.0E0,0.0E0,0.0E0,NULL,0.0E0,0.0E0,0.0E0,0.0E0,NULL,0.0E0,0.0E0,0.0E0,0.0E0,NULL,0.0E0,0.0E0,0.0E0,0.0E0,NULL,0.0E0,0.0E0,0.0E0,0.0E0)
INSERT INTO MONITORING_DSG_CUSTOMERS_ALE_SERVICES_ALE VALUES('2013-11-05 18:27:37.000000000','2013-11-05 00:00:00.000000000',0.5E0,NULL,NULL,NULL,NULL,NULL,NULL,NULL,NULL,NULL,NULL,NULL,NULL,NULL,NULL,NULL,NULL,NULL,NULL,NULL,NULL,NULL,NULL,NULL,NULL,NULL)
INSERT INTO MONITORING_DSG_CUSTOMERS_ALE_SERVICES_ALE VALUES('2013-11-05 18:27:39.000000000','2013-11-05 00:00:00.000000000',NULL,NULL,0.0E0,0.0E0,0.0E0,0.0E0,NULL,0.0E0,0.0E0,0.0E0,0.0E0,NULL,0.0E0,0.0E0,0.0E0,0.0E0,NULL,0.0E0,0.0E0,0.0E0,0.0E0,NULL,0.0E0,0.0E0,0.0E0,0.0E0)
INSERT INTO MONITORING_DSG_CUSTOMERS_ALE_SERVICES_ALE VALUES('2013-11-05 18:27:42.000000000','2013-11-05 00:00:00.000000000',0.3000030517578125E0,NULL,NULL,NULL,NULL,NULL,NULL,NULL,NULL,NULL,NULL,NULL,NULL,NULL,NULL,NULL,NULL,NULL,NULL,NULL,NULL,NULL,NULL,NULL,NULL,NULL)
INSERT INTO MONITORING_DSG_CUSTOMERS_ALE_SERVICES_ALE VALUES('2013-11-05 18:27:44.000000000','2013-11-05 00:00:00.000000000',NULL,NULL,0.0E0,0.0E0,0.0E0,0.0E0,NULL,0.0E0,0.0E0,0.0E0,0.0E0,NULL,0.0E0,0.0E0,0.0E0,0.0E0,NULL,0.0E0,0.0E0,0.0E0,0.0E0,NULL,0.0E0,0.0E0,0.0E0,0.0E0)
INSERT INTO MONITORING_DSG_CUSTOMERS_ALE_SERVICES_ALE VALUES('2013-11-05 18:27:47.000000000','2013-11-05 00:00:00.000000000',0.3000030517578125E0,NULL,NULL,NULL,NULL,NULL,NULL,NULL,NULL,NULL,NULL,NULL,NULL,NULL,NULL,NULL,NULL,NULL,NULL,NULL,NULL,NULL,NULL,NULL,NULL,NULL)
INSERT INTO MONITORING_DSG_CUSTOMERS_ALE_SERVICES_ALE VALUES('2013-11-05 18:27:49.000000000','2013-11-05 00:00:00.000000000',NULL,NULL,0.0E0,0.0E0,0.0E0,0.0E0,NULL,0.0E0,0.0E0,0.0E0,0.0E0,NULL,0.0E0,0.0E0,0.0E0,0.0E0,NULL,0.0E0,0.0E0,0.0E0,0.0E0,NULL,0.0E0,0.0E0,0.0E0,0.0E0)
INSERT INTO MONITORING_DSG_CUSTOMERS_ALE_SERVICES_ALE VALUES('2013-11-05 18:27:52.000000000','2013-11-05 00:00:00.000000000',0.3000030517578125E0,NULL,NULL,NULL,NULL,NULL,NULL,NULL,NULL,NULL,NULL,NULL,NULL,NULL,NULL,NULL,NULL,NULL,NULL,NULL,NULL,NULL,NULL,NULL,NULL,NULL)
INSERT INTO MONITORING_DSG_CUSTOMERS_ALE_SERVICES_ALE VALUES('2013-11-05 18:27:54.000000000','2013-11-05 00:00:00.000000000',NULL,NULL,0.0E0,0.0E0,0.0E0,0.0E0,NULL,0.0E0,0.0E0,0.0E0,0.0E0,NULL,0.0E0,0.0E0,0.0E0,0.0E0,NULL,0.0E0,0.0E0,0.0E0,0.0E0,NULL,0.0E0,0.0E0,0.0E0,0.0E0)
INSERT INTO MONITORING_DSG_CUSTOMERS_ALE_SERVICES_ALE VALUES('2013-11-05 18:27:57.000000000','2013-11-05 00:00:00.000000000',0.3000030517578125E0,NULL,NULL,NULL,NULL,NULL,NULL,NULL,NULL,NULL,NULL,NULL,NULL,NULL,NULL,NULL,NULL,NULL,NULL,NULL,NULL,NULL,NULL,NULL,NULL,NULL)
INSERT INTO MONITORING_DSG_CUSTOMERS_ALE_SERVICES_ALE VALUES('2013-11-05 18:27:59.000000000','2013-11-05 00:00:00.000000000',NULL,NULL,0.0E0,0.0E0,0.0E0,0.0E0,NULL,0.0E0,0.0E0,0.0E0,0.0E0,NULL,0.0E0,0.0E0,0.0E0,0.0E0,NULL,0.0E0,0.0E0,0.0E0,0.0E0,NULL,0.0E0,0.0E0,0.0E0,0.0E0)
INSERT INTO MONITORING_DSG_CUSTOMERS_ALE_SERVICES_ALE VALUES('2013-11-05 18:28:02.000000000','2013-11-05 00:00:00.000000000',1.1999969482421875E0,NULL,NULL,NULL,NULL,NULL,NULL,NULL,NULL,NULL,NULL,NULL,NULL,NULL,NULL,NULL,NULL,NULL,NULL,NULL,NULL,NULL,NULL,NULL,NULL,NULL)
INSERT INTO MONITORING_DSG_CUSTOMERS_ALE_SERVICES_ALE VALUES('2013-11-05 18:28:04.000000000','2013-11-05 00:00:00.000000000',NULL,NULL,0.0E0,0.0E0,0.0E0,0.0E0,NULL,0.0E0,0.0E0,0.0E0,0.0E0,NULL,0.0E0,0.0E0,0.0E0,0.0E0,NULL,0.0E0,0.0E0,0.0E0,0.0E0,NULL,0.0E0,0.0E0,0.0E0,0.0E0)
INSERT INTO MONITORING_DSG_CUSTOMERS_ALE_SERVICES_ALE VALUES('2013-11-05 18:28:07.000000000','2013-11-05 00:00:00.000000000',1.1999969482421875E0,NULL,NULL,NULL,NULL,NULL,NULL,NULL,NULL,NULL,NULL,NULL,NULL,NULL,NULL,NULL,NULL,NULL,NULL,NULL,NULL,NULL,NULL,NULL,NULL,NULL)
INSERT INTO MONITORING_DSG_CUSTOMERS_ALE_SERVICES_ALE VALUES('2013-11-05 18:28:09.000000000','2013-11-05 00:00:00.000000000',NULL,NULL,0.0E0,0.0E0,0.0E0,0.0E0,NULL,0.0E0,0.0E0,0.0E0,0.0E0,NULL,0.0E0,0.0E0,0.0E0,0.0E0,NULL,0.0E0,0.0E0,0.0E0,0.0E0,NULL,0.0E0,0.0E0,0.0E0,0.0E0)
INSERT INTO MONITORING_DSG_CUSTOMERS_ALE_SERVICES_ALE VALUES('2013-11-05 18:28:12.000000000','2013-11-05 00:00:00.000000000',1.3000030517578125E0,NULL,NULL,NULL,NULL,NULL,NULL,NULL,NULL,NULL,NULL,NULL,NULL,NULL,NULL,NULL,NULL,NULL,NULL,NULL,NULL,NULL,NULL,NULL,NULL,NULL)
INSERT INTO MONITORING_DSG_CUSTOMERS_ALE_SERVICES_ALE VALUES('2013-11-05 18:28:14.000000000','2013-11-05 00:00:00.000000000',NULL,NULL,0.0E0,0.0E0,0.0E0,0.0E0,NULL,0.0E0,0.0E0,0.0E0,0.0E0,NULL,0.0E0,0.0E0,0.0E0,0.0E0,NULL,0.0E0,0.0E0,0.0E0,0.0E0,NULL,0.0E0,0.0E0,0.0E0,0.0E0)
INSERT INTO MONITORING_DSG_CUSTOMERS_ALE_SERVICES_ALE VALUES('2013-11-05 18:28:17.000000000','2013-11-05 00:00:00.000000000',1.3000030517578125E0,NULL,NULL,NULL,NULL,NULL,NULL,NULL,NULL,NULL,NULL,NULL,NULL,NULL,NULL,NULL,NULL,NULL,NULL,NULL,NULL,NULL,NULL,NULL,NULL,NULL)
INSERT INTO MONITORING_DSG_CUSTOMERS_ALE_SERVICES_ALE VALUES('2013-11-05 18:28:19.000000000','2013-11-05 00:00:00.000000000',NULL,NULL,0.0E0,0.0E0,0.0E0,0.0E0,NULL,0.0E0,0.0E0,0.0E0,0.0E0,NULL,0.0E0,0.0E0,0.0E0,0.0E0,NULL,0.0E0,0.0E0,0.0E0,0.0E0,NULL,0.0E0,0.0E0,0.0E0,0.0E0)
INSERT INTO MONITORING_DSG_CUSTOMERS_ALE_SERVICES_ALE VALUES('2013-11-05 18:28:22.000000000','2013-11-05 00:00:00.000000000',0.5E0,NULL,NULL,NULL,NULL,NULL,NULL,NULL,NULL,NULL,NULL,NULL,NULL,NULL,NULL,NULL,NULL,NULL,NULL,NULL,NULL,NULL,NULL,NULL,NULL,NULL)
INSERT INTO MONITORING_DSG_CUSTOMERS_ALE_SERVICES_ALE VALUES('2013-11-05 18:28:24.000000000','2013-11-05 00:00:00.000000000',NULL,NULL,0.0E0,0.0E0,0.0E0,0.0E0,NULL,0.0E0,0.0E0,0.0E0,0.0E0,NULL,0.0E0,0.0E0,0.0E0,0.0E0,NULL,0.0E0,0.0E0,0.0E0,0.0E0,NULL,0.0E0,0.0E0,0.0E0,0.0E0)
INSERT INTO MONITORING_DSG_CUSTOMERS_ALE_SERVICES_ALE VALUES('2013-11-05 18:28:27.000000000','2013-11-05 00:00:00.000000000',0.5E0,NULL,NULL,NULL,NULL,NULL,NULL,NULL,NULL,NULL,NULL,NULL,NULL,NULL,NULL,NULL,NULL,NULL,NULL,NULL,NULL,NULL,NULL,NULL,NULL,NULL)
INSERT INTO MONITORING_DSG_CUSTOMERS_ALE_SERVICES_ALE VALUES('2013-11-05 18:28:29.000000000','2013-11-05 00:00:00.000000000',NULL,NULL,0.0E0,0.0E0,0.0E0,0.0E0,NULL,0.0E0,0.0E0,0.0E0,0.0E0,NULL,0.0E0,0.0E0,0.0E0,0.0E0,NULL,0.0E0,0.0E0,0.0E0,0.0E0,NULL,0.0E0,0.0E0,0.0E0,0.0E0)
INSERT INTO MONITORING_DSG_CUSTOMERS_ALE_SERVICES_ALE VALUES('2013-11-05 18:28:32.000000000','2013-11-05 00:00:00.000000000',0.9000015258789062E0,NULL,NULL,NULL,NULL,NULL,NULL,NULL,NULL,NULL,NULL,NULL,NULL,NULL,NULL,NULL,NULL,NULL,NULL,NULL,NULL,NULL,NULL,NULL,NULL,NULL)
INSERT INTO MONITORING_DSG_CUSTOMERS_ALE_SERVICES_ALE VALUES('2013-11-05 18:28:34.000000000','2013-11-05 00:00:00.000000000',NULL,NULL,0.0E0,0.0E0,0.0E0,0.0E0,NULL,0.0E0,0.0E0,0.0E0,0.0E0,NULL,0.0E0,0.0E0,0.0E0,0.0E0,NULL,0.0E0,0.0E0,0.0E0,0.0E0,NULL,0.0E0,0.0E0,0.0E0,0.0E0)
INSERT INTO MONITORING_DSG_CUSTOMERS_ALE_SERVICES_ALE VALUES('2013-11-05 18:28:37.000000000','2013-11-05 00:00:00.000000000',0.9000015258789062E0,NULL,NULL,NULL,NULL,NULL,NULL,NULL,NULL,NULL,NULL,NULL,NULL,NULL,NULL,NULL,NULL,NULL,NULL,NULL,NULL,NULL,NULL,NULL,NULL,NULL)
INSERT INTO MONITORING_DSG_CUSTOMERS_ALE_SERVICES_ALE VALUES('2013-11-05 18:28:39.000000000','2013-11-05 00:00:00.000000000',NULL,NULL,0.0E0,0.0E0,0.0E0,0.0E0,NULL,0.0E0,0.0E0,0.0E0,0.0E0,NULL,0.0E0,0.0E0,0.0E0,0.0E0,NULL,0.0E0,0.0E0,0.0E0,0.0E0,NULL,0.0E0,0.0E0,0.0E0,0.0E0)
INSERT INTO MONITORING_DSG_CUSTOMERS_ALE_SERVICES_ALE VALUES('2013-11-05 18:28:42.000000000','2013-11-05 00:00:00.000000000',0.3000030517578125E0,NULL,NULL,NULL,NULL,NULL,NULL,NULL,NULL,NULL,NULL,NULL,NULL,NULL,NULL,NULL,NULL,NULL,NULL,NULL,NULL,NULL,NULL,NULL,NULL,NULL)
INSERT INTO MONITORING_DSG_CUSTOMERS_ALE_SERVICES_ALE VALUES('2013-11-05 18:28:44.000000000','2013-11-05 00:00:00.000000000',NULL,NULL,0.0E0,0.0E0,0.0E0,0.0E0,NULL,0.0E0,0.0E0,0.0E0,0.0E0,NULL,0.0E0,0.0E0,0.0E0,0.0E0,NULL,0.0E0,0.0E0,0.0E0,0.0E0,NULL,0.0E0,0.0E0,0.0E0,0.0E0)
INSERT INTO MONITORING_DSG_CUSTOMERS_ALE_SERVICES_ALE VALUES('2013-11-05 18:28:47.000000000','2013-11-05 00:00:00.000000000',0.3000030517578125E0,NULL,NULL,NULL,NULL,NULL,NULL,NULL,NULL,NULL,NULL,NULL,NULL,NULL,NULL,NULL,NULL,NULL,NULL,NULL,NULL,NULL,NULL,NULL,NULL,NULL)
INSERT INTO MONITORING_DSG_CUSTOMERS_ALE_SERVICES_ALE VALUES('2013-11-05 18:28:49.000000000','2013-11-05 00:00:00.000000000',NULL,NULL,0.0E0,0.0E0,0.0E0,0.0E0,NULL,0.0E0,0.0E0,0.0E0,0.0E0,NULL,0.0E0,0.0E0,0.0E0,0.0E0,NULL,0.0E0,0.0E0,0.0E0,0.0E0,NULL,0.0E0,0.0E0,0.0E0,0.0E0)
INSERT INTO MONITORING_DSG_CUSTOMERS_ALE_SERVICES_ALE VALUES('2013-11-05 18:28:52.000000000','2013-11-05 00:00:00.000000000',0.5999984741210938E0,NULL,NULL,NULL,NULL,NULL,NULL,NULL,NULL,NULL,NULL,NULL,NULL,NULL,NULL,NULL,NULL,NULL,NULL,NULL,NULL,NULL,NULL,NULL,NULL,NULL)
INSERT INTO MONITORING_DSG_CUSTOMERS_ALE_SERVICES_ALE VALUES('2013-11-05 18:28:54.000000000','2013-11-05 00:00:00.000000000',NULL,NULL,0.0E0,0.0E0,0.0E0,0.0E0,NULL,0.0E0,0.0E0,0.0E0,0.0E0,NULL,0.0E0,0.0E0,0.0E0,0.0E0,NULL,0.0E0,0.0E0,0.0E0,0.0E0,NULL,0.0E0,0.0E0,0.0E0,0.0E0)
INSERT INTO MONITORING_DSG_CUSTOMERS_ALE_SERVICES_ALE VALUES('2013-11-05 18:28:57.000000000','2013-11-05 00:00:00.000000000',0.5999984741210938E0,NULL,NULL,NULL,NULL,NULL,NULL,NULL,NULL,NULL,NULL,NULL,NULL,NULL,NULL,NULL,NULL,NULL,NULL,NULL,NULL,NULL,NULL,NULL,NULL,NULL)
INSERT INTO MONITORING_DSG_CUSTOMERS_ALE_SERVICES_ALE VALUES('2013-11-05 18:28:59.000000000','2013-11-05 00:00:00.000000000',NULL,NULL,0.0E0,0.0E0,0.0E0,0.0E0,NULL,0.0E0,0.0E0,0.0E0,0.0E0,NULL,0.0E0,0.0E0,0.0E0,0.0E0,NULL,0.0E0,0.0E0,0.0E0,0.0E0,NULL,0.0E0,0.0E0,0.0E0,0.0E0)
INSERT INTO MONITORING_DSG_CUSTOMERS_ALE_SERVICES_ALE VALUES('2013-11-05 18:29:02.000000000','2013-11-05 00:00:00.000000000',1.3000030517578125E0,NULL,NULL,NULL,NULL,NULL,NULL,NULL,NULL,NULL,NULL,NULL,NULL,NULL,NULL,NULL,NULL,NULL,NULL,NULL,NULL,NULL,NULL,NULL,NULL,NULL)
INSERT INTO MONITORING_DSG_CUSTOMERS_ALE_SERVICES_ALE VALUES('2013-11-05 18:29:04.000000000','2013-11-05 00:00:00.000000000',NULL,NULL,0.0E0,0.0E0,0.0E0,0.0E0,NULL,0.0E0,0.0E0,0.0E0,0.0E0,NULL,0.0E0,0.0E0,0.0E0,0.0E0,NULL,0.0E0,0.0E0,0.0E0,0.0E0,NULL,0.0E0,0.0E0,0.0E0,0.0E0)
INSERT INTO MONITORING_DSG_CUSTOMERS_ALE_SERVICES_ALE VALUES('2013-11-05 18:29:07.000000000','2013-11-05 00:00:00.000000000',1.3000030517578125E0,NULL,NULL,NULL,NULL,NULL,NULL,NULL,NULL,NULL,NULL,NULL,NULL,NULL,NULL,NULL,NULL,NULL,NULL,NULL,NULL,NULL,NULL,NULL,NULL,NULL)
INSERT INTO MONITORING_DSG_CUSTOMERS_ALE_SERVICES_ALE VALUES('2013-11-05 18:29:09.000000000','2013-11-05 00:00:00.000000000',NULL,NULL,0.0E0,0.0E0,0.0E0,0.0E0,NULL,0.0E0,0.0E0,0.0E0,0.0E0,NULL,0.0E0,0.0E0,0.0E0,0.0E0,NULL,0.0E0,0.0E0,0.0E0,0.0E0,NULL,0.0E0,0.0E0,0.0E0,0.0E0)
INSERT INTO MONITORING_DSG_CUSTOMERS_ALE_SERVICES_ALE VALUES('2013-11-05 18:29:12.000000000','2013-11-05 00:00:00.000000000',0.6999969482421875E0,NULL,NULL,NULL,NULL,NULL,NULL,NULL,NULL,NULL,NULL,NULL,NULL,NULL,NULL,NULL,NULL,NULL,NULL,NULL,NULL,NULL,NULL,NULL,NULL,NULL)
INSERT INTO MONITORING_DSG_CUSTOMERS_ALE_SERVICES_ALE VALUES('2013-11-05 18:29:14.000000000','2013-11-05 00:00:00.000000000',NULL,NULL,0.0E0,0.0E0,0.0E0,0.0E0,NULL,0.0E0,0.0E0,0.0E0,0.0E0,NULL,0.0E0,0.0E0,0.0E0,0.0E0,NULL,0.0E0,0.0E0,0.0E0,0.0E0,NULL,0.0E0,0.0E0,0.0E0,0.0E0)
INSERT INTO MONITORING_DSG_CUSTOMERS_ALE_SERVICES_ALE VALUES('2013-11-05 18:29:17.000000000','2013-11-05 00:00:00.000000000',0.6999969482421875E0,NULL,NULL,NULL,NULL,NULL,NULL,NULL,NULL,NULL,NULL,NULL,NULL,NULL,NULL,NULL,NULL,NULL,NULL,NULL,NULL,NULL,NULL,NULL,NULL,NULL)
INSERT INTO MONITORING_DSG_CUSTOMERS_ALE_SERVICES_ALE VALUES('2013-11-05 18:29:19.000000000','2013-11-05 00:00:00.000000000',NULL,NULL,0.0E0,0.0E0,0.0E0,0.0E0,NULL,0.0E0,0.0E0,0.0E0,0.0E0,NULL,0.0E0,0.0E0,0.0E0,0.0E0,NULL,0.0E0,0.0E0,0.0E0,0.0E0,NULL,0.0E0,0.0E0,0.0E0,0.0E0)
INSERT INTO MONITORING_DSG_CUSTOMERS_ALE_SERVICES_ALE VALUES('2013-11-05 18:29:22.000000000','2013-11-05 00:00:00.000000000',0.3000030517578125E0,NULL,NULL,NULL,NULL,NULL,NULL,NULL,NULL,NULL,NULL,NULL,NULL,NULL,NULL,NULL,NULL,NULL,NULL,NULL,NULL,NULL,NULL,NULL,NULL,NULL)
INSERT INTO MONITORING_DSG_CUSTOMERS_ALE_SERVICES_ALE VALUES('2013-11-05 18:29:24.000000000','2013-11-05 00:00:00.000000000',NULL,NULL,0.0E0,0.0E0,0.0E0,0.0E0,NULL,0.0E0,0.0E0,0.0E0,0.0E0,NULL,0.0E0,0.0E0,0.0E0,0.0E0,NULL,0.0E0,0.0E0,0.0E0,0.0E0,NULL,0.0E0,0.0E0,0.0E0,0.0E0)
INSERT INTO MONITORING_DSG_CUSTOMERS_ALE_SERVICES_ALE VALUES('2013-11-05 18:29:27.000000000','2013-11-05 00:00:00.000000000',0.3000030517578125E0,NULL,NULL,NULL,NULL,NULL,NULL,NULL,NULL,NULL,NULL,NULL,NULL,NULL,NULL,NULL,NULL,NULL,NULL,NULL,NULL,NULL,NULL,NULL,NULL,NULL)
INSERT INTO MONITORING_DSG_CUSTOMERS_ALE_SERVICES_ALE VALUES('2013-11-05 18:29:29.000000000','2013-11-05 00:00:00.000000000',NULL,NULL,0.0E0,0.0E0,0.0E0,0.0E0,NULL,0.0E0,0.0E0,0.0E0,0.0E0,NULL,0.0E0,0.0E0,0.0E0,0.0E0,NULL,0.0E0,0.0E0,0.0E0,0.0E0,NULL,0.0E0,0.0E0,0.0E0,0.0E0)
INSERT INTO MONITORING_DSG_CUSTOMERS_ALE_SERVICES_ALE VALUES('2013-11-05 18:29:32.000000000','2013-11-05 00:00:00.000000000',1.4000015258789062E0,NULL,NULL,NULL,NULL,NULL,NULL,NULL,NULL,NULL,NULL,NULL,NULL,NULL,NULL,NULL,NULL,NULL,NULL,NULL,NULL,NULL,NULL,NULL,NULL,NULL)
INSERT INTO MONITORING_DSG_CUSTOMERS_ALE_SERVICES_ALE VALUES('2013-11-05 18:29:34.000000000','2013-11-05 00:00:00.000000000',NULL,NULL,0.0E0,0.0E0,0.0E0,0.0E0,NULL,0.0E0,0.0E0,0.0E0,0.0E0,NULL,0.0E0,0.0E0,0.0E0,0.0E0,NULL,0.0E0,0.0E0,0.0E0,0.0E0,NULL,0.0E0,0.0E0,0.0E0,0.0E0)
INSERT INTO MONITORING_DSG_CUSTOMERS_ALE_SERVICES_ALE VALUES('2013-11-05 18:29:37.000000000','2013-11-05 00:00:00.000000000',1.4000015258789062E0,NULL,NULL,NULL,NULL,NULL,NULL,NULL,NULL,NULL,NULL,NULL,NULL,NULL,NULL,NULL,NULL,NULL,NULL,NULL,NULL,NULL,NULL,NULL,NULL,NULL)
INSERT INTO MONITORING_DSG_CUSTOMERS_ALE_SERVICES_ALE VALUES('2013-11-05 18:29:39.000000000','2013-11-05 00:00:00.000000000',NULL,NULL,0.0E0,0.0E0,0.0E0,0.0E0,NULL,0.0E0,0.0E0,0.0E0,0.0E0,NULL,0.0E0,0.0E0,0.0E0,0.0E0,NULL,0.0E0,0.0E0,0.0E0,0.0E0,NULL,0.0E0,0.0E0,0.0E0,0.0E0)
INSERT INTO MONITORING_DSG_CUSTOMERS_ALE_SERVICES_ALE VALUES('2013-11-05 18:29:42.000000000','2013-11-05 00:00:00.000000000',1.0E0,NULL,NULL,NULL,NULL,NULL,NULL,NULL,NULL,NULL,NULL,NULL,NULL,NULL,NULL,NULL,NULL,NULL,NULL,NULL,NULL,NULL,NULL,NULL,NULL,NULL)
INSERT INTO MONITORING_DSG_CUSTOMERS_ALE_SERVICES_ALE VALUES('2013-11-05 18:29:44.000000000','2013-11-05 00:00:00.000000000',NULL,NULL,0.0E0,0.0E0,0.0E0,0.0E0,NULL,0.0E0,0.0E0,0.0E0,0.0E0,NULL,0.0E0,0.0E0,0.0E0,0.0E0,NULL,0.0E0,0.0E0,0.0E0,0.0E0,NULL,0.0E0,0.0E0,0.0E0,0.0E0)
INSERT INTO MONITORING_DSG_CUSTOMERS_ALE_SERVICES_ALE VALUES('2013-11-05 18:29:47.000000000','2013-11-05 00:00:00.000000000',1.0E0,NULL,NULL,NULL,NULL,NULL,NULL,NULL,NULL,NULL,NULL,NULL,NULL,NULL,NULL,NULL,NULL,NULL,NULL,NULL,NULL,NULL,NULL,NULL,NULL,NULL)
INSERT INTO MONITORING_DSG_CUSTOMERS_ALE_SERVICES_ALE VALUES('2013-11-05 18:29:49.000000000','2013-11-05 00:00:00.000000000',NULL,NULL,0.0E0,0.0E0,0.0E0,0.0E0,NULL,0.0E0,0.0E0,0.0E0,0.0E0,NULL,0.0E0,0.0E0,0.0E0,0.0E0,NULL,0.0E0,0.0E0,0.0E0,0.0E0,NULL,0.0E0,0.0E0,0.0E0,0.0E0)
INSERT INTO MONITORING_DSG_CUSTOMERS_ALE_SERVICES_ALE VALUES('2013-11-05 18:29:52.000000000','2013-11-05 00:00:00.000000000',2.6999969482421875E0,NULL,NULL,NULL,NULL,NULL,NULL,NULL,NULL,NULL,NULL,NULL,NULL,NULL,NULL,NULL,NULL,NULL,NULL,NULL,NULL,NULL,NULL,NULL,NULL,NULL)
INSERT INTO MONITORING_DSG_CUSTOMERS_ALE_SERVICES_ALE VALUES('2013-11-05 18:29:54.000000000','2013-11-05 00:00:00.000000000',NULL,256.0E0,2.0000000000000002E-7,0.0E0,1.0E0,1.0E0,NULL,0.0E0,0.0E0,0.0E0,0.0E0,NULL,0.0E0,0.0E0,0.0E0,0.0E0,NULL,0.0E0,0.0E0,0.0E0,0.0E0,NULL,0.0E0,0.0E0,0.0E0,0.0E0)
INSERT INTO MONITORING_DSG_CUSTOMERS_ALE_SERVICES_ALE VALUES('2013-11-05 18:29:57.000000000','2013-11-05 00:00:00.000000000',2.6999969482421875E0,NULL,NULL,NULL,NULL,NULL,NULL,NULL,NULL,NULL,NULL,NULL,NULL,NULL,NULL,NULL,NULL,NULL,NULL,NULL,NULL,NULL,NULL,NULL,NULL,NULL)
INSERT INTO MONITORING_DSG_CUSTOMERS_ALE_SERVICES_ALE VALUES('2013-11-05 18:29:59.000000000','2013-11-05 00:00:00.000000000',NULL,NULL,0.0E0,0.0E0,0.0E0,0.0E0,NULL,0.0E0,0.0E0,0.0E0,0.0E0,NULL,0.0E0,0.0E0,0.0E0,0.0E0,47.0E0,2.0000000000000002E-7,0.0E0,1.0E0,1.0E0,356.0E0,2.0000000000000002E-7,0.0E0,1.0E0,1.0E0)
INSERT INTO MONITORING_DSG_CUSTOMERS_ALE_SERVICES_ALE VALUES('2013-11-05 18:30:02.000000000','2013-11-05 00:00:00.000000000',6.099998474121094E0,NULL,NULL,NULL,NULL,NULL,NULL,NULL,NULL,NULL,NULL,NULL,NULL,NULL,NULL,NULL,NULL,NULL,NULL,NULL,NULL,NULL,NULL,NULL,NULL,NULL)
INSERT INTO MONITORING_DSG_CUSTOMERS_ALE_SERVICES_ALE VALUES('2013-11-05 18:30:04.000000000','2013-11-05 00:00:00.000000000',NULL,NULL,0.0E0,0.0E0,0.0E0,0.0E0,NULL,0.0E0,0.0E0,0.0E0,0.0E0,NULL,0.0E0,0.0E0,0.0E0,0.0E0,NULL,0.0E0,0.0E0,0.0E0,0.0E0,59.0E0,2.0000000000000002E-7,0.0E0,1.0E0,1.0E0)
INSERT INTO MONITORING_DSG_CUSTOMERS_ALE_SERVICES_ALE VALUES('2013-11-05 18:30:07.000000000','2013-11-05 00:00:00.000000000',6.099998474121094E0,NULL,NULL,NULL,NULL,NULL,NULL,NULL,NULL,NULL,NULL,NULL,NULL,NULL,NULL,NULL,NULL,NULL,NULL,NULL,NULL,NULL,NULL,NULL,NULL,NULL)
INSERT INTO MONITORING_DSG_CUSTOMERS_ALE_SERVICES_ALE VALUES('2013-11-05 18:30:09.000000000','2013-11-05 00:00:00.000000000',NULL,NULL,0.0E0,0.0E0,0.0E0,0.0E0,NULL,0.0E0,0.0E0,0.0E0,0.0E0,NULL,0.0E0,0.0E0,0.0E0,0.0E0,26.0E0,2.0000000000000002E-7,0.0E0,1.0E0,1.0E0,NULL,0.0E0,0.0E0,0.0E0,0.0E0)
INSERT INTO MONITORING_DSG_CUSTOMERS_ALE_SERVICES_ALE VALUES('2013-11-05 18:30:12.000000000','2013-11-05 00:00:00.000000000',3.3000030517578125E0,NULL,NULL,NULL,NULL,NULL,NULL,NULL,NULL,NULL,NULL,NULL,NULL,NULL,NULL,NULL,NULL,NULL,NULL,NULL,NULL,NULL,NULL,NULL,NULL,NULL)
INSERT INTO MONITORING_DSG_CUSTOMERS_ALE_SERVICES_ALE VALUES('2013-11-05 18:30:14.000000000','2013-11-05 00:00:00.000000000',NULL,NULL,0.0E0,0.0E0,0.0E0,0.0E0,NULL,0.0E0,0.0E0,0.0E0,0.0E0,NULL,0.0E0,0.0E0,0.0E0,0.0E0,53.0E0,2.0000000000000002E-7,0.0E0,1.0E0,1.0E0,45.0E0,2.0000000000000002E-7,0.0E0,1.0E0,1.0E0)
INSERT INTO MONITORING_DSG_CUSTOMERS_ALE_SERVICES_ALE VALUES('2013-11-05 18:30:17.000000000','2013-11-05 00:00:00.000000000',3.3000030517578125E0,NULL,NULL,NULL,NULL,NULL,NULL,NULL,NULL,NULL,NULL,NULL,NULL,NULL,NULL,NULL,NULL,NULL,NULL,NULL,NULL,NULL,NULL,NULL,NULL,NULL)
INSERT INTO MONITORING_DSG_CUSTOMERS_ALE_SERVICES_ALE VALUES('2013-11-05 18:30:19.000000000','2013-11-05 00:00:00.000000000',NULL,56.0E0,4.0000000000000003E-7,0.0E0,2.0E0,2.0E0,NULL,0.0E0,0.0E0,0.0E0,0.0E0,NULL,0.0E0,0.0E0,0.0E0,0.0E0,28.0E0,2.0000000000000002E-7,0.0E0,1.0E0,1.0E0,52.0E0,2.0000000000000002E-7,0.0E0,1.0E0,1.0E0)
INSERT INTO MONITORING_DSG_CUSTOMERS_ALE_SERVICES_ALE VALUES('2013-11-05 18:30:22.000000000','2013-11-05 00:00:00.000000000',3.6999969482421875E0,NULL,NULL,NULL,NULL,NULL,NULL,NULL,NULL,NULL,NULL,NULL,NULL,NULL,NULL,NULL,NULL,NULL,NULL,NULL,NULL,NULL,NULL,NULL,NULL,NULL)
INSERT INTO MONITORING_DSG_CUSTOMERS_ALE_SERVICES_ALE VALUES('2013-11-05 18:30:24.000000000','2013-11-05 00:00:00.000000000',NULL,NULL,0.0E0,0.0E0,0.0E0,0.0E0,NULL,0.0E0,0.0E0,0.0E0,0.0E0,NULL,0.0E0,0.0E0,0.0E0,0.0E0,27.0E0,2.0000000000000002E-7,0.0E0,1.0E0,1.0E0,52.333333333333336E0,6.0E-7,0.0E0,3.0E0,3.0E0)
INSERT INTO MONITORING_DSG_CUSTOMERS_ALE_SERVICES_ALE VALUES('2013-11-05 18:30:27.000000000','2013-11-05 00:00:00.000000000',3.6999969482421875E0,NULL,NULL,NULL,NULL,NULL,NULL,NULL,NULL,NULL,NULL,NULL,NULL,NULL,NULL,NULL,NULL,NULL,NULL,NULL,NULL,NULL,NULL,NULL,NULL,NULL)
INSERT INTO MONITORING_DSG_CUSTOMERS_ALE_SERVICES_ALE VALUES('2013-11-05 18:30:29.000000000','2013-11-05 00:00:00.000000000',NULL,38.666666666666664E0,6.0E-7,0.0E0,3.0E0,3.0E0,NULL,0.0E0,0.0E0,0.0E0,0.0E0,NULL,0.0E0,0.0E0,0.0E0,0.0E0,21.0E0,4.0000000000000003E-7,0.0E0,2.0E0,2.0E0,NULL,0.0E0,1.0E0,1.0E0,0.0E0)
INSERT INTO MONITORING_DSG_CUSTOMERS_ALE_SERVICES_ALE VALUES('2013-11-05 18:30:32.000000000','2013-11-05 00:00:00.000000000',9.900001525878906E0,NULL,NULL,NULL,NULL,NULL,NULL,NULL,NULL,NULL,NULL,NULL,NULL,NULL,NULL,NULL,NULL,NULL,NULL,NULL,NULL,NULL,NULL,NULL,NULL,NULL)
INSERT INTO MONITORING_DSG_CUSTOMERS_ALE_SERVICES_ALE VALUES('2013-11-05 18:30:34.000000000','2013-11-05 00:00:00.000000000',NULL,NULL,0.0E0,0.0E0,0.0E0,0.0E0,NULL,0.0E0,0.0E0,0.0E0,0.0E0,NULL,0.0E0,0.0E0,0.0E0,0.0E0,36.6E0,1.0E-6,0.0E0,5.0E0,5.0E0,70.4E0,1.0E-6,0.0E0,4.0E0,5.0E0)
INSERT INTO MONITORING_DSG_CUSTOMERS_ALE_SERVICES_ALE VALUES('2013-11-05 18:30:37.000000000','2013-11-05 00:00:00.000000000',9.900001525878906E0,NULL,NULL,NULL,NULL,NULL,NULL,NULL,NULL,NULL,NULL,NULL,NULL,NULL,NULL,NULL,NULL,NULL,NULL,NULL,NULL,NULL,NULL,NULL,NULL,NULL)
INSERT INTO MONITORING_DSG_CUSTOMERS_ALE_SERVICES_ALE VALUES('2013-11-05 18:30:39.000000000','2013-11-05 00:00:00.000000000',NULL,NULL,0.0E0,0.0E0,0.0E0,0.0E0,NULL,0.0E0,0.0E0,0.0E0,0.0E0,NULL,0.0E0,0.0E0,0.0E0,0.0E0,23.6E0,1.0E-6,0.0E0,5.0E0,5.0E0,59.8E0,1.0E-6,0.0E0,5.0E0,5.0E0)
INSERT INTO MONITORING_DSG_CUSTOMERS_ALE_SERVICES_ALE VALUES('2013-11-05 18:30:42.000000000','2013-11-05 00:00:00.000000000',6.599998474121094E0,NULL,NULL,NULL,NULL,NULL,NULL,NULL,NULL,NULL,NULL,NULL,NULL,NULL,NULL,NULL,NULL,NULL,NULL,NULL,NULL,NULL,NULL,NULL,NULL,NULL)
INSERT INTO MONITORING_DSG_CUSTOMERS_ALE_SERVICES_ALE VALUES('2013-11-05 18:30:44.000000000','2013-11-05 00:00:00.000000000',NULL,NULL,0.0E0,0.0E0,0.0E0,0.0E0,NULL,0.0E0,0.0E0,0.0E0,0.0E0,NULL,0.0E0,0.0E0,0.0E0,0.0E0,22.75E0,8.000000000000001E-7,0.0E0,4.0E0,4.0E0,39.6E0,1.0E-6,0.0E0,5.0E0,5.0E0)
INSERT INTO MONITORING_DSG_CUSTOMERS_ALE_SERVICES_ALE VALUES('2013-11-05 18:30:47.000000000','2013-11-05 00:00:00.000000000',6.599998474121094E0,NULL,NULL,NULL,NULL,NULL,NULL,NULL,NULL,NULL,NULL,NULL,NULL,NULL,NULL,NULL,NULL,NULL,NULL,NULL,NULL,NULL,NULL,NULL,NULL,NULL)
INSERT INTO MONITORING_DSG_CUSTOMERS_ALE_SERVICES_ALE VALUES('2013-11-05 18:30:49.000000000','2013-11-05 00:00:00.000000000',NULL,NULL,0.0E0,0.0E0,0.0E0,0.0E0,NULL,0.0E0,0.0E0,0.0E0,0.0E0,NULL,0.0E0,0.0E0,0.0E0,0.0E0,18.666666666666668E0,6.0E-7,0.0E0,3.0E0,3.0E0,33.5E0,8.000000000000001E-7,0.0E0,4.0E0,4.0E0)
INSERT INTO MONITORING_DSG_CUSTOMERS_ALE_SERVICES_ALE VALUES('2013-11-05 18:30:52.000000000','2013-11-05 00:00:00.000000000',6.0E0,NULL,NULL,NULL,NULL,NULL,NULL,NULL,NULL,NULL,NULL,NULL,NULL,NULL,NULL,NULL,NULL,NULL,NULL,NULL,NULL,NULL,NULL,NULL,NULL,NULL)
INSERT INTO MONITORING_DSG_CUSTOMERS_ALE_SERVICES_ALE VALUES('2013-11-05 18:30:54.000000000','2013-11-05 00:00:00.000000000',NULL,36.5E0,4.0000000000000003E-7,0.0E0,2.0E0,2.0E0,NULL,0.0E0,0.0E0,0.0E0,0.0E0,NULL,0.0E0,0.0E0,0.0E0,0.0E0,26.333333333333332E0,6.0E-7,0.0E0,3.0E0,3.0E0,31.5E0,4.0000000000000003E-7,0.0E0,2.0E0,2.0E0)
INSERT INTO MONITORING_DSG_CUSTOMERS_ALE_SERVICES_ALE VALUES('2013-11-05 18:30:57.000000000','2013-11-05 00:00:00.000000000',6.0E0,NULL,NULL,NULL,NULL,NULL,NULL,NULL,NULL,NULL,NULL,NULL,NULL,NULL,NULL,NULL,NULL,NULL,NULL,NULL,NULL,NULL,NULL,NULL,NULL,NULL)
INSERT INTO MONITORING_DSG_CUSTOMERS_ALE_SERVICES_ALE VALUES('2013-11-05 18:30:59.000000000','2013-11-05 00:00:00.000000000',NULL,44.5E0,4.0000000000000003E-7,0.0E0,2.0E0,2.0E0,NULL,0.0E0,0.0E0,0.0E0,0.0E0,NULL,0.0E0,0.0E0,0.0E0,0.0E0,28.6E0,1.0E-6,0.0E0,5.0E0,5.0E0,48.0E0,8.000000000000001E-7,0.0E0,4.0E0,4.0E0)
INSERT INTO MONITORING_DSG_CUSTOMERS_ALE_SERVICES_ALE VALUES('2013-11-05 18:31:02.000000000','2013-11-05 00:00:00.000000000',7.0E0,NULL,NULL,NULL,NULL,NULL,NULL,NULL,NULL,NULL,NULL,NULL,NULL,NULL,NULL,NULL,NULL,NULL,NULL,NULL,NULL,NULL,NULL,NULL,NULL,NULL)
INSERT INTO MONITORING_DSG_CUSTOMERS_ALE_SERVICES_ALE VALUES('2013-11-05 18:31:04.000000000','2013-11-05 00:00:00.000000000',NULL,27.0E0,2.0000000000000002E-7,0.0E0,1.0E0,1.0E0,NULL,0.0E0,0.0E0,0.0E0,0.0E0,NULL,0.0E0,0.0E0,0.0E0,0.0E0,20.5E0,4.0000000000000003E-7,0.0E0,2.0E0,2.0E0,38.2E0,1.0E-6,0.0E0,5.0E0,5.0E0)
INSERT INTO MONITORING_DSG_CUSTOMERS_ALE_SERVICES_ALE VALUES('2013-11-05 18:31:07.000000000','2013-11-05 00:00:00.000000000',7.0E0,NULL,NULL,NULL,NULL,NULL,NULL,NULL,NULL,NULL,NULL,NULL,NULL,NULL,NULL,NULL,NULL,NULL,NULL,NULL,NULL,NULL,NULL,NULL,NULL,NULL)
INSERT INTO MONITORING_DSG_CUSTOMERS_ALE_SERVICES_ALE VALUES('2013-11-05 18:31:09.000000000','2013-11-05 00:00:00.000000000',NULL,NULL,0.0E0,0.0E0,0.0E0,0.0E0,NULL,0.0E0,0.0E0,0.0E0,0.0E0,NULL,0.0E0,0.0E0,0.0E0,0.0E0,24.0E0,8.000000000000001E-7,0.0E0,4.0E0,4.0E0,31.0E0,6.0E-7,0.0E0,3.0E0,3.0E0)
INSERT INTO MONITORING_DSG_CUSTOMERS_ALE_SERVICES_ALE VALUES('2013-11-05 18:31:12.000000000','2013-11-05 00:00:00.000000000',6.8000030517578125E0,NULL,NULL,NULL,NULL,NULL,NULL,NULL,NULL,NULL,NULL,NULL,NULL,NULL,NULL,NULL,NULL,NULL,NULL,NULL,NULL,NULL,NULL,NULL,NULL,NULL)
INSERT INTO MONITORING_DSG_CUSTOMERS_ALE_SERVICES_ALE VALUES('2013-11-05 18:31:14.000000000','2013-11-05 00:00:00.000000000',NULL,NULL,0.0E0,0.0E0,0.0E0,0.0E0,NULL,0.0E0,0.0E0,0.0E0,0.0E0,NULL,0.0E0,0.0E0,0.0E0,0.0E0,20.8E0,1.0E-6,0.0E0,5.0E0,5.0E0,30.333333333333332E0,6.0E-7,0.0E0,3.0E0,3.0E0)
INSERT INTO MONITORING_DSG_CUSTOMERS_ALE_SERVICES_ALE VALUES('2013-11-05 18:31:17.000000000','2013-11-05 00:00:00.000000000',6.8000030517578125E0,NULL,NULL,NULL,NULL,NULL,NULL,NULL,NULL,NULL,NULL,NULL,NULL,NULL,NULL,NULL,NULL,NULL,NULL,NULL,NULL,NULL,NULL,NULL,NULL,NULL)
INSERT INTO MONITORING_DSG_CUSTOMERS_ALE_SERVICES_ALE VALUES('2013-11-05 18:31:19.000000000','2013-11-05 00:00:00.000000000',NULL,NULL,0.0E0,0.0E0,0.0E0,0.0E0,NULL,0.0E0,0.0E0,0.0E0,0.0E0,NULL,0.0E0,0.0E0,0.0E0,0.0E0,24.0E0,6.0E-7,0.0E0,3.0E0,3.0E0,45.75E0,8.000000000000001E-7,0.0E0,4.0E0,4.0E0)
INSERT INTO MONITORING_DSG_CUSTOMERS_ALE_SERVICES_ALE VALUES('2013-11-05 18:31:22.000000000','2013-11-05 00:00:00.000000000',4.3000030517578125E0,NULL,NULL,NULL,NULL,NULL,NULL,NULL,NULL,NULL,NULL,NULL,NULL,NULL,NULL,NULL,NULL,NULL,NULL,NULL,NULL,NULL,NULL,NULL,NULL,NULL)
INSERT INTO MONITORING_DSG_CUSTOMERS_ALE_SERVICES_ALE VALUES('2013-11-05 18:31:24.000000000','2013-11-05 00:00:00.000000000',NULL,27.0E0,2.0000000000000002E-7,0.0E0,1.0E0,1.0E0,NULL,0.0E0,0.0E0,0.0E0,0.0E0,NULL,0.0E0,0.0E0,0.0E0,0.0E0,24.333333333333332E0,6.0E-7,0.0E0,3.0E0,3.0E0,38.333333333333336E0,6.0E-7,0.0E0,3.0E0,3.0E0)
INSERT INTO MONITORING_DSG_CUSTOMERS_ALE_SERVICES_ALE VALUES('2013-11-05 18:31:27.000000000','2013-11-05 00:00:00.000000000',4.3000030517578125E0,NULL,NULL,NULL,NULL,NULL,NULL,NULL,NULL,NULL,NULL,NULL,NULL,NULL,NULL,NULL,NULL,NULL,NULL,NULL,NULL,NULL,NULL,NULL,NULL,NULL)
INSERT INTO MONITORING_DSG_CUSTOMERS_ALE_SERVICES_ALE VALUES('2013-11-05 18:31:29.000000000','2013-11-05 00:00:00.000000000',NULL,49.0E0,4.0000000000000003E-7,0.0E0,2.0E0,2.0E0,NULL,0.0E0,0.0E0,0.0E0,0.0E0,NULL,0.0E0,0.0E0,0.0E0,0.0E0,29.666666666666668E0,6.0E-7,0.0E0,3.0E0,3.0E0,55.5E0,4.0000000000000003E-7,0.0E0,2.0E0,2.0E0)
INSERT INTO MONITORING_DSG_CUSTOMERS_ALE_SERVICES_ALE VALUES('2013-11-05 18:31:32.000000000','2013-11-05 00:00:00.000000000',7.3000030517578125E0,NULL,NULL,NULL,NULL,NULL,NULL,NULL,NULL,NULL,NULL,NULL,NULL,NULL,NULL,NULL,NULL,NULL,NULL,NULL,NULL,NULL,NULL,NULL,NULL,NULL)
INSERT INTO MONITORING_DSG_CUSTOMERS_ALE_SERVICES_ALE VALUES('2013-11-05 18:31:34.000000000','2013-11-05 00:00:00.000000000',NULL,29.0E0,2.0000000000000002E-7,0.0E0,1.0E0,1.0E0,NULL,0.0E0,0.0E0,0.0E0,0.0E0,NULL,0.0E0,0.0E0,0.0E0,0.0E0,22.0E0,4.0000000000000003E-7,0.0E0,2.0E0,2.0E0,37.5E0,8.000000000000001E-7,0.0E0,4.0E0,4.0E0)
INSERT INTO MONITORING_DSG_CUSTOMERS_ALE_SERVICES_ALE VALUES('2013-11-05 18:31:37.000000000','2013-11-05 00:00:00.000000000',7.3000030517578125E0,NULL,NULL,NULL,NULL,NULL,NULL,NULL,NULL,NULL,NULL,NULL,NULL,NULL,NULL,NULL,NULL,NULL,NULL,NULL,NULL,NULL,NULL,NULL,NULL,NULL)
INSERT INTO MONITORING_DSG_CUSTOMERS_ALE_SERVICES_ALE VALUES('2013-11-05 18:31:39.000000000','2013-11-05 00:00:00.000000000',NULL,NULL,0.0E0,0.0E0,0.0E0,0.0E0,NULL,0.0E0,0.0E0,0.0E0,0.0E0,NULL,0.0E0,0.0E0,0.0E0,0.0E0,18.666666666666668E0,6.0E-7,0.0E0,3.0E0,3.0E0,52.0E0,8.000000000000001E-7,0.0E0,4.0E0,4.0E0)
INSERT INTO MONITORING_DSG_CUSTOMERS_ALE_SERVICES_ALE VALUES('2013-11-05 18:31:42.000000000','2013-11-05 00:00:00.000000000',4.400001525878906E0,NULL,NULL,NULL,NULL,NULL,NULL,NULL,NULL,NULL,NULL,NULL,NULL,NULL,NULL,NULL,NULL,NULL,NULL,NULL,NULL,NULL,NULL,NULL,NULL,NULL)
INSERT INTO MONITORING_DSG_CUSTOMERS_ALE_SERVICES_ALE VALUES('2013-11-05 18:31:44.000000000','2013-11-05 00:00:00.000000000',NULL,NULL,0.0E0,0.0E0,0.0E0,0.0E0,NULL,0.0E0,0.0E0,0.0E0,0.0E0,NULL,0.0E0,0.0E0,0.0E0,0.0E0,21.0E0,4.0000000000000003E-7,0.0E0,2.0E0,2.0E0,27.5E0,4.0000000000000003E-7,0.0E0,2.0E0,2.0E0)
INSERT INTO MONITORING_DSG_CUSTOMERS_ALE_SERVICES_ALE VALUES('2013-11-05 18:31:47.000000000','2013-11-05 00:00:00.000000000',4.400001525878906E0,NULL,NULL,NULL,NULL,NULL,NULL,NULL,NULL,NULL,NULL,NULL,NULL,NULL,NULL,NULL,NULL,NULL,NULL,NULL,NULL,NULL,NULL,NULL,NULL,NULL)
INSERT INTO MONITORING_DSG_CUSTOMERS_ALE_SERVICES_ALE VALUES('2013-11-05 18:31:49.000000000','2013-11-05 00:00:00.000000000',NULL,NULL,0.0E0,0.0E0,0.0E0,0.0E0,NULL,0.0E0,0.0E0,0.0E0,0.0E0,NULL,0.0E0,0.0E0,0.0E0,0.0E0,21.5E0,4.0000000000000003E-7,0.0E0,2.0E0,2.0E0,NULL,0.0E0,0.0E0,0.0E0,0.0E0)
INSERT INTO MONITORING_DSG_CUSTOMERS_ALE_SERVICES_ALE VALUES('2013-11-05 18:31:52.000000000','2013-11-05 00:00:00.000000000',2.1999969482421875E0,NULL,NULL,NULL,NULL,NULL,NULL,NULL,NULL,NULL,NULL,NULL,NULL,NULL,NULL,NULL,NULL,NULL,NULL,NULL,NULL,NULL,NULL,NULL,NULL,NULL)
INSERT INTO MONITORING_DSG_CUSTOMERS_ALE_SERVICES_ALE VALUES('2013-11-05 18:31:54.000000000','2013-11-05 00:00:00.000000000',NULL,NULL,0.0E0,0.0E0,0.0E0,0.0E0,NULL,0.0E0,0.0E0,0.0E0,0.0E0,NULL,0.0E0,0.0E0,0.0E0,0.0E0,NULL,0.0E0,0.0E0,0.0E0,0.0E0,NULL,0.0E0,0.0E0,0.0E0,0.0E0)
INSERT INTO MONITORING_DSG_CUSTOMERS_ALE_SERVICES_ALE VALUES('2013-11-05 18:31:57.000000000','2013-11-05 00:00:00.000000000',2.1999969482421875E0,NULL,NULL,NULL,NULL,NULL,NULL,NULL,NULL,NULL,NULL,NULL,NULL,NULL,NULL,NULL,NULL,NULL,NULL,NULL,NULL,NULL,NULL,NULL,NULL,NULL)
INSERT INTO MONITORING_DSG_CUSTOMERS_ALE_SERVICES_ALE VALUES('2013-11-05 18:31:59.000000000','2013-11-05 00:00:00.000000000',NULL,NULL,0.0E0,0.0E0,0.0E0,0.0E0,NULL,0.0E0,0.0E0,0.0E0,0.0E0,NULL,0.0E0,0.0E0,0.0E0,0.0E0,NULL,0.0E0,0.0E0,0.0E0,0.0E0,NULL,0.0E0,0.0E0,0.0E0,0.0E0)
INSERT INTO MONITORING_DSG_CUSTOMERS_ALE_SERVICES_ALE VALUES('2013-11-05 18:32:02.000000000','2013-11-05 00:00:00.000000000',0.5E0,NULL,NULL,NULL,NULL,NULL,NULL,NULL,NULL,NULL,NULL,NULL,NULL,NULL,NULL,NULL,NULL,NULL,NULL,NULL,NULL,NULL,NULL,NULL,NULL,NULL)
INSERT INTO MONITORING_DSG_CUSTOMERS_ALE_SERVICES_ALE VALUES('2013-11-05 18:32:04.000000000','2013-11-05 00:00:00.000000000',NULL,25.0E0,2.0000000000000002E-7,0.0E0,1.0E0,1.0E0,NULL,0.0E0,0.0E0,0.0E0,0.0E0,NULL,0.0E0,0.0E0,0.0E0,0.0E0,NULL,0.0E0,0.0E0,0.0E0,0.0E0,NULL,0.0E0,0.0E0,0.0E0,0.0E0)
DISCONNECT
/*C2*/SET SCHEMA PUBLIC
CONNECT USER SA
DISCONNECT
