CREATE USER SA PASSWORD "" ADMIN
/*C1*/SET SCHEMA PUBLIC
CONNECT USER SA
CREATE TABLE controller_activation_dsg_customers_ale_services_ale (  time timestamp,  frontend double,  backend double,  appserver double,  controller double,  avgJob double)
INSERT INTO CONTROLLER_ACTIVATION_DSG_CUSTOMERS_ALE_SERVICES_ALE VALUES('2013-11-04 08:56:22.000000000',1.0E0,1.0E0,1.0E0,1.0E0,0.0E0)
INSERT INTO CONTROLLER_ACTIVATION_DSG_CUSTOMERS_ALE_SERVICES_ALE VALUES('2013-11-04 08:56:25.000000000',1.0E0,1.0E0,1.0E0,1.0E0,0.0E0)
INSERT INTO CONTROLLER_ACTIVATION_DSG_CUSTOMERS_ALE_SERVICES_ALE VALUES('2013-11-04 08:56:35.000000000',1.0E0,1.0E0,1.0E0,1.0E0,0.0E0)
INSERT INTO CONTROLLER_ACTIVATION_DSG_CUSTOMERS_ALE_SERVICES_ALE VALUES('2013-11-04 08:56:45.000000000',1.0E0,1.0E0,1.0E0,1.0E0,0.0E0)
INSERT INTO CONTROLLER_ACTIVATION_DSG_CUSTOMERS_ALE_SERVICES_ALE VALUES('2013-11-04 08:56:55.000000000',1.0E0,1.0E0,1.0E0,1.0E0,0.0E0)
INSERT INTO CONTROLLER_ACTIVATION_DSG_CUSTOMERS_ALE_SERVICES_ALE VALUES('2013-11-04 08:57:05.000000000',1.0E0,1.0E0,1.0E0,1.0E0,0.0E0)
INSERT INTO CONTROLLER_ACTIVATION_DSG_CUSTOMERS_ALE_SERVICES_ALE VALUES('2013-11-04 08:57:15.000000000',1.0E0,1.0E0,1.0E0,1.0E0,0.0E0)
INSERT INTO CONTROLLER_ACTIVATION_DSG_CUSTOMERS_ALE_SERVICES_ALE VALUES('2013-11-04 08:57:25.000000000',1.0E0,1.0E0,1.0E0,1.0E0,0.0E0)
INSERT INTO CONTROLLER_ACTIVATION_DSG_CUSTOMERS_ALE_SERVICES_ALE VALUES('2013-11-04 08:57:35.000000000',1.0E0,1.0E0,1.0E0,1.0E0,0.0E0)
INSERT INTO CONTROLLER_ACTIVATION_DSG_CUSTOMERS_ALE_SERVICES_ALE VALUES('2013-11-04 08:57:45.000000000',1.0E0,1.0E0,1.0E0,1.0E0,0.0E0)
INSERT INTO CONTROLLER_ACTIVATION_DSG_CUSTOMERS_ALE_SERVICES_ALE VALUES('2013-11-04 08:57:55.000000000',1.0E0,1.0E0,1.0E0,1.0E0,0.0E0)
INSERT INTO CONTROLLER_ACTIVATION_DSG_CUSTOMERS_ALE_SERVICES_ALE VALUES('2013-11-04 08:58:05.000000000',1.0E0,1.0E0,1.0E0,1.0E0,0.0E0)
INSERT INTO CONTROLLER_ACTIVATION_DSG_CUSTOMERS_ALE_SERVICES_ALE VALUES('2013-11-04 08:58:15.000000000',1.0E0,1.0E0,1.0E0,1.0E0,0.0E0)
INSERT INTO CONTROLLER_ACTIVATION_DSG_CUSTOMERS_ALE_SERVICES_ALE VALUES('2013-11-04 08:58:25.000000000',1.0E0,1.0E0,1.0E0,1.0E0,0.0E0)
INSERT INTO CONTROLLER_ACTIVATION_DSG_CUSTOMERS_ALE_SERVICES_ALE VALUES('2013-11-04 08:58:35.000000000',1.0E0,1.0E0,1.0E0,1.0E0,0.0E0)
INSERT INTO CONTROLLER_ACTIVATION_DSG_CUSTOMERS_ALE_SERVICES_ALE VALUES('2013-11-04 08:58:45.000000000',1.0E0,1.0E0,1.0E0,1.0E0,0.0E0)
INSERT INTO CONTROLLER_ACTIVATION_DSG_CUSTOMERS_ALE_SERVICES_ALE VALUES('2013-11-04 08:58:55.000000000',1.0E0,1.0E0,1.0E0,1.0E0,0.0E0)
INSERT INTO CONTROLLER_ACTIVATION_DSG_CUSTOMERS_ALE_SERVICES_ALE VALUES('2013-11-04 08:59:05.000000000',1.0E0,1.0E0,1.0E0,1.0E0,0.0E0)
INSERT INTO CONTROLLER_ACTIVATION_DSG_CUSTOMERS_ALE_SERVICES_ALE VALUES('2013-11-04 08:59:15.000000000',1.0E0,1.0E0,1.0E0,1.0E0,0.0E0)
INSERT INTO CONTROLLER_ACTIVATION_DSG_CUSTOMERS_ALE_SERVICES_ALE VALUES('2013-11-04 08:59:25.000000000',1.0E0,1.0E0,1.0E0,1.0E0,0.0E0)
INSERT INTO CONTROLLER_ACTIVATION_DSG_CUSTOMERS_ALE_SERVICES_ALE VALUES('2013-11-04 08:59:35.000000000',1.0E0,1.0E0,1.0E0,1.0E0,0.0E0)
INSERT INTO CONTROLLER_ACTIVATION_DSG_CUSTOMERS_ALE_SERVICES_ALE VALUES('2013-11-04 08:59:45.000000000',1.0E0,1.0E0,1.0E0,1.0E0,0.0E0)
INSERT INTO CONTROLLER_ACTIVATION_DSG_CUSTOMERS_ALE_SERVICES_ALE VALUES('2013-11-04 08:59:55.000000000',1.0E0,1.0E0,1.0E0,1.0E0,0.5E0)
INSERT INTO CONTROLLER_ACTIVATION_DSG_CUSTOMERS_ALE_SERVICES_ALE VALUES('2013-11-04 09:00:05.000000000',1.0E0,1.0E0,1.0E0,1.0E0,11.0E0)
INSERT INTO CONTROLLER_ACTIVATION_DSG_CUSTOMERS_ALE_SERVICES_ALE VALUES('2013-11-04 09:00:15.000000000',1.0E0,1.0E0,1.0E0,1.0E0,29.0E0)
INSERT INTO CONTROLLER_ACTIVATION_DSG_CUSTOMERS_ALE_SERVICES_ALE VALUES('2013-11-04 09:00:25.000000000',1.0E0,1.0E0,1.0E0,1.0E0,49.5E0)
INSERT INTO CONTROLLER_ACTIVATION_DSG_CUSTOMERS_ALE_SERVICES_ALE VALUES('2013-11-04 09:01:01.000000000',1.0E0,1.0E0,2.0E0,1.0E0,114.5E0)
INSERT INTO CONTROLLER_ACTIVATION_DSG_CUSTOMERS_ALE_SERVICES_ALE VALUES('2013-11-04 09:01:05.000000000',1.0E0,1.0E0,2.0E0,1.0E0,122.5E0)
INSERT INTO CONTROLLER_ACTIVATION_DSG_CUSTOMERS_ALE_SERVICES_ALE VALUES('2013-11-04 09:01:15.000000000',1.0E0,1.0E0,2.0E0,1.0E0,97.33333333333334E0)
INSERT INTO CONTROLLER_ACTIVATION_DSG_CUSTOMERS_ALE_SERVICES_ALE VALUES('2013-11-04 09:01:25.000000000',1.0E0,1.0E0,2.0E0,1.0E0,94.0E0)
INSERT INTO CONTROLLER_ACTIVATION_DSG_CUSTOMERS_ALE_SERVICES_ALE VALUES('2013-11-04 09:02:01.000000000',1.0E0,1.0E0,3.0E0,1.0E0,108.75E0)
INSERT INTO CONTROLLER_ACTIVATION_DSG_CUSTOMERS_ALE_SERVICES_ALE VALUES('2013-11-04 09:02:05.000000000',1.0E0,1.0E0,3.0E0,1.0E0,119.5E0)
INSERT INTO CONTROLLER_ACTIVATION_DSG_CUSTOMERS_ALE_SERVICES_ALE VALUES('2013-11-04 09:02:15.000000000',1.0E0,1.0E0,3.0E0,1.0E0,109.08333333333333E0)
INSERT INTO CONTROLLER_ACTIVATION_DSG_CUSTOMERS_ALE_SERVICES_ALE VALUES('2013-11-04 09:02:25.000000000',1.0E0,1.0E0,3.0E0,1.0E0,78.33333333333334E0)
INSERT INTO CONTROLLER_ACTIVATION_DSG_CUSTOMERS_ALE_SERVICES_ALE VALUES('2013-11-04 09:02:35.000000000',1.0E0,1.0E0,3.0E0,1.0E0,104.0E0)
INSERT INTO CONTROLLER_ACTIVATION_DSG_CUSTOMERS_ALE_SERVICES_ALE VALUES('2013-11-04 09:03:09.000000000',1.0E0,1.0E0,4.0E0,1.0E0,122.66666666666666E0)
INSERT INTO CONTROLLER_ACTIVATION_DSG_CUSTOMERS_ALE_SERVICES_ALE VALUES('2013-11-04 09:03:15.000000000',1.0E0,1.0E0,4.0E0,1.0E0,124.0E0)
INSERT INTO CONTROLLER_ACTIVATION_DSG_CUSTOMERS_ALE_SERVICES_ALE VALUES('2013-11-04 09:03:25.000000000',1.0E0,1.0E0,4.0E0,1.0E0,113.58333333333333E0)
INSERT INTO CONTROLLER_ACTIVATION_DSG_CUSTOMERS_ALE_SERVICES_ALE VALUES('2013-11-04 09:03:35.000000000',1.0E0,1.0E0,4.0E0,1.0E0,103.125E0)
INSERT INTO CONTROLLER_ACTIVATION_DSG_CUSTOMERS_ALE_SERVICES_ALE VALUES('2013-11-04 09:03:45.000000000',1.0E0,1.0E0,4.0E0,1.0E0,106.0E0)
INSERT INTO CONTROLLER_ACTIVATION_DSG_CUSTOMERS_ALE_SERVICES_ALE VALUES('2013-11-04 09:03:55.000000000',1.0E0,1.0E0,4.0E0,1.0E0,113.375E0)
INSERT INTO CONTROLLER_ACTIVATION_DSG_CUSTOMERS_ALE_SERVICES_ALE VALUES('2013-11-04 09:04:05.000000000',1.0E0,1.0E0,4.0E0,1.0E0,115.75E0)
INSERT INTO CONTROLLER_ACTIVATION_DSG_CUSTOMERS_ALE_SERVICES_ALE VALUES('2013-11-04 09:04:15.000000000',1.0E0,1.0E0,4.0E0,1.0E0,74.875E0)
INSERT INTO CONTROLLER_ACTIVATION_DSG_CUSTOMERS_ALE_SERVICES_ALE VALUES('2013-11-04 09:04:25.000000000',1.0E0,1.0E0,4.0E0,1.0E0,3.0E0)
INSERT INTO CONTROLLER_ACTIVATION_DSG_CUSTOMERS_ALE_SERVICES_ALE VALUES('2013-11-04 09:04:48.000000000',1.0E0,1.0E0,3.0E0,1.0E0,16.333333333333336E0)
INSERT INTO CONTROLLER_ACTIVATION_DSG_CUSTOMERS_ALE_SERVICES_ALE VALUES('2013-11-04 09:04:55.000000000',1.0E0,1.0E0,3.0E0,1.0E0,11.166666666666668E0)
INSERT INTO CONTROLLER_ACTIVATION_DSG_CUSTOMERS_ALE_SERVICES_ALE VALUES('2013-11-04 09:05:05.000000000',1.0E0,1.0E0,3.0E0,1.0E0,0.0E0)
INSERT INTO CONTROLLER_ACTIVATION_DSG_CUSTOMERS_ALE_SERVICES_ALE VALUES('2013-11-04 09:05:15.000000000',1.0E0,1.0E0,3.0E0,1.0E0,0.0E0)
INSERT INTO CONTROLLER_ACTIVATION_DSG_CUSTOMERS_ALE_SERVICES_ALE VALUES('2013-11-04 09:05:25.000000000',1.0E0,1.0E0,3.0E0,1.0E0,0.0E0)
INSERT INTO CONTROLLER_ACTIVATION_DSG_CUSTOMERS_ALE_SERVICES_ALE VALUES('2013-11-04 09:05:35.000000000',1.0E0,1.0E0,3.0E0,1.0E0,0.0E0)
INSERT INTO CONTROLLER_ACTIVATION_DSG_CUSTOMERS_ALE_SERVICES_ALE VALUES('2013-11-04 09:05:45.000000000',1.0E0,1.0E0,3.0E0,1.0E0,0.0E0)
INSERT INTO CONTROLLER_ACTIVATION_DSG_CUSTOMERS_ALE_SERVICES_ALE VALUES('2013-11-04 09:05:55.000000000',1.0E0,1.0E0,3.0E0,1.0E0,0.0E0)
INSERT INTO CONTROLLER_ACTIVATION_DSG_CUSTOMERS_ALE_SERVICES_ALE VALUES('2013-11-04 09:06:05.000000000',1.0E0,1.0E0,3.0E0,1.0E0,0.0E0)
INSERT INTO CONTROLLER_ACTIVATION_DSG_CUSTOMERS_ALE_SERVICES_ALE VALUES('2013-11-04 09:06:15.000000000',1.0E0,1.0E0,3.0E0,1.0E0,0.0E0)
INSERT INTO CONTROLLER_ACTIVATION_DSG_CUSTOMERS_ALE_SERVICES_ALE VALUES('2013-11-04 09:06:25.000000000',1.0E0,1.0E0,3.0E0,1.0E0,0.0E0)
INSERT INTO CONTROLLER_ACTIVATION_DSG_CUSTOMERS_ALE_SERVICES_ALE VALUES('2013-11-04 09:06:35.000000000',1.0E0,1.0E0,3.0E0,1.0E0,0.0E0)
INSERT INTO CONTROLLER_ACTIVATION_DSG_CUSTOMERS_ALE_SERVICES_ALE VALUES('2013-11-04 09:06:58.000000000',1.0E0,1.0E0,2.0E0,1.0E0,0.0E0)
INSERT INTO CONTROLLER_ACTIVATION_DSG_CUSTOMERS_ALE_SERVICES_ALE VALUES('2013-11-04 09:07:05.000000000',1.0E0,1.0E0,2.0E0,1.0E0,0.0E0)
INSERT INTO CONTROLLER_ACTIVATION_DSG_CUSTOMERS_ALE_SERVICES_ALE VALUES('2013-11-04 09:07:15.000000000',1.0E0,1.0E0,2.0E0,1.0E0,0.0E0)
INSERT INTO CONTROLLER_ACTIVATION_DSG_CUSTOMERS_ALE_SERVICES_ALE VALUES('2013-11-04 09:07:25.000000000',1.0E0,1.0E0,2.0E0,1.0E0,0.0E0)
INSERT INTO CONTROLLER_ACTIVATION_DSG_CUSTOMERS_ALE_SERVICES_ALE VALUES('2013-11-04 09:07:35.000000000',1.0E0,1.0E0,2.0E0,1.0E0,0.0E0)
INSERT INTO CONTROLLER_ACTIVATION_DSG_CUSTOMERS_ALE_SERVICES_ALE VALUES('2013-11-04 09:07:45.000000000',1.0E0,1.0E0,2.0E0,1.0E0,0.0E0)
INSERT INTO CONTROLLER_ACTIVATION_DSG_CUSTOMERS_ALE_SERVICES_ALE VALUES('2013-11-04 09:07:55.000000000',1.0E0,1.0E0,2.0E0,1.0E0,0.0E0)
INSERT INTO CONTROLLER_ACTIVATION_DSG_CUSTOMERS_ALE_SERVICES_ALE VALUES('2013-11-04 09:08:05.000000000',1.0E0,1.0E0,2.0E0,1.0E0,0.0E0)
INSERT INTO CONTROLLER_ACTIVATION_DSG_CUSTOMERS_ALE_SERVICES_ALE VALUES('2013-11-04 09:08:15.000000000',1.0E0,1.0E0,2.0E0,1.0E0,0.0E0)
INSERT INTO CONTROLLER_ACTIVATION_DSG_CUSTOMERS_ALE_SERVICES_ALE VALUES('2013-11-04 09:08:25.000000000',1.0E0,1.0E0,2.0E0,1.0E0,0.0E0)
INSERT INTO CONTROLLER_ACTIVATION_DSG_CUSTOMERS_ALE_SERVICES_ALE VALUES('2013-11-04 09:08:35.000000000',1.0E0,1.0E0,2.0E0,1.0E0,0.0E0)
INSERT INTO CONTROLLER_ACTIVATION_DSG_CUSTOMERS_ALE_SERVICES_ALE VALUES('2013-11-04 09:08:45.000000000',1.0E0,1.0E0,2.0E0,1.0E0,0.0E0)
INSERT INTO CONTROLLER_ACTIVATION_DSG_CUSTOMERS_ALE_SERVICES_ALE VALUES('2013-11-04 09:09:13.000000000',1.0E0,1.0E0,1.0E0,1.0E0,0.0E0)
INSERT INTO CONTROLLER_ACTIVATION_DSG_CUSTOMERS_ALE_SERVICES_ALE VALUES('2013-11-04 09:09:15.000000000',1.0E0,1.0E0,1.0E0,1.0E0,0.0E0)
INSERT INTO CONTROLLER_ACTIVATION_DSG_CUSTOMERS_ALE_SERVICES_ALE VALUES('2013-11-04 09:09:25.000000000',1.0E0,1.0E0,1.0E0,1.0E0,0.0E0)
INSERT INTO CONTROLLER_ACTIVATION_DSG_CUSTOMERS_ALE_SERVICES_ALE VALUES('2013-11-04 09:09:35.000000000',1.0E0,1.0E0,1.0E0,1.0E0,0.0E0)
INSERT INTO CONTROLLER_ACTIVATION_DSG_CUSTOMERS_ALE_SERVICES_ALE VALUES('2013-11-04 09:09:45.000000000',1.0E0,1.0E0,1.0E0,1.0E0,0.0E0)
INSERT INTO CONTROLLER_ACTIVATION_DSG_CUSTOMERS_ALE_SERVICES_ALE VALUES('2013-11-04 09:09:55.000000000',1.0E0,1.0E0,1.0E0,1.0E0,0.0E0)
INSERT INTO CONTROLLER_ACTIVATION_DSG_CUSTOMERS_ALE_SERVICES_ALE VALUES('2013-11-04 09:10:05.000000000',1.0E0,1.0E0,1.0E0,1.0E0,0.0E0)
INSERT INTO CONTROLLER_ACTIVATION_DSG_CUSTOMERS_ALE_SERVICES_ALE VALUES('2013-11-04 09:10:15.000000000',1.0E0,1.0E0,1.0E0,1.0E0,0.0E0)
INSERT INTO CONTROLLER_ACTIVATION_DSG_CUSTOMERS_ALE_SERVICES_ALE VALUES('2013-11-04 09:10:25.000000000',1.0E0,1.0E0,1.0E0,1.0E0,0.0E0)
INSERT INTO CONTROLLER_ACTIVATION_DSG_CUSTOMERS_ALE_SERVICES_ALE VALUES('2013-11-04 09:10:35.000000000',1.0E0,1.0E0,1.0E0,1.0E0,0.0E0)
INSERT INTO CONTROLLER_ACTIVATION_DSG_CUSTOMERS_ALE_SERVICES_ALE VALUES('2013-11-04 09:10:45.000000000',1.0E0,1.0E0,1.0E0,1.0E0,0.0E0)
INSERT INTO CONTROLLER_ACTIVATION_DSG_CUSTOMERS_ALE_SERVICES_ALE VALUES('2013-11-04 09:10:55.000000000',1.0E0,1.0E0,1.0E0,1.0E0,0.0E0)
INSERT INTO CONTROLLER_ACTIVATION_DSG_CUSTOMERS_ALE_SERVICES_ALE VALUES('2013-11-04 09:11:05.000000000',1.0E0,1.0E0,1.0E0,1.0E0,0.0E0)
INSERT INTO CONTROLLER_ACTIVATION_DSG_CUSTOMERS_ALE_SERVICES_ALE VALUES('2013-11-04 09:11:15.000000000',1.0E0,1.0E0,1.0E0,1.0E0,0.0E0)
INSERT INTO CONTROLLER_ACTIVATION_DSG_CUSTOMERS_ALE_SERVICES_ALE VALUES('2013-11-04 09:11:25.000000000',1.0E0,1.0E0,1.0E0,1.0E0,0.0E0)
INSERT INTO CONTROLLER_ACTIVATION_DSG_CUSTOMERS_ALE_SERVICES_ALE VALUES('2013-11-04 09:11:35.000000000',1.0E0,1.0E0,1.0E0,1.0E0,0.0E0)
INSERT INTO CONTROLLER_ACTIVATION_DSG_CUSTOMERS_ALE_SERVICES_ALE VALUES('2013-11-04 09:11:45.000000000',1.0E0,1.0E0,1.0E0,1.0E0,0.0E0)
INSERT INTO CONTROLLER_ACTIVATION_DSG_CUSTOMERS_ALE_SERVICES_ALE VALUES('2013-11-04 09:11:55.000000000',1.0E0,1.0E0,1.0E0,1.0E0,0.0E0)
INSERT INTO CONTROLLER_ACTIVATION_DSG_CUSTOMERS_ALE_SERVICES_ALE VALUES('2013-11-04 09:12:05.000000000',1.0E0,1.0E0,1.0E0,1.0E0,0.0E0)
INSERT INTO CONTROLLER_ACTIVATION_DSG_CUSTOMERS_ALE_SERVICES_ALE VALUES('2013-11-04 09:12:15.000000000',1.0E0,1.0E0,1.0E0,1.0E0,0.0E0)
CREATE TABLE controller_target_configuration_dsg_customers_ale_services_ale (  time timestamp,  frontend double,  backend double,  appserver double,  controller double)
INSERT INTO CONTROLLER_TARGET_CONFIGURATION_DSG_CUSTOMERS_ALE_SERVICES_ALE VALUES('2013-11-04 08:56:22.000000000',1.0E0,1.0E0,1.0E0,1.0E0)
INSERT INTO CONTROLLER_TARGET_CONFIGURATION_DSG_CUSTOMERS_ALE_SERVICES_ALE VALUES('2013-11-04 08:56:26.000000000',1.0E0,1.0E0,1.0E0,1.0E0)
INSERT INTO CONTROLLER_TARGET_CONFIGURATION_DSG_CUSTOMERS_ALE_SERVICES_ALE VALUES('2013-11-04 08:56:35.000000000',1.0E0,1.0E0,1.0E0,1.0E0)
INSERT INTO CONTROLLER_TARGET_CONFIGURATION_DSG_CUSTOMERS_ALE_SERVICES_ALE VALUES('2013-11-04 08:56:45.000000000',1.0E0,1.0E0,1.0E0,1.0E0)
INSERT INTO CONTROLLER_TARGET_CONFIGURATION_DSG_CUSTOMERS_ALE_SERVICES_ALE VALUES('2013-11-04 08:56:55.000000000',1.0E0,1.0E0,1.0E0,1.0E0)
INSERT INTO CONTROLLER_TARGET_CONFIGURATION_DSG_CUSTOMERS_ALE_SERVICES_ALE VALUES('2013-11-04 08:57:05.000000000',1.0E0,1.0E0,1.0E0,1.0E0)
INSERT INTO CONTROLLER_TARGET_CONFIGURATION_DSG_CUSTOMERS_ALE_SERVICES_ALE VALUES('2013-11-04 08:57:15.000000000',1.0E0,1.0E0,1.0E0,1.0E0)
INSERT INTO CONTROLLER_TARGET_CONFIGURATION_DSG_CUSTOMERS_ALE_SERVICES_ALE VALUES('2013-11-04 08:57:25.000000000',1.0E0,1.0E0,1.0E0,1.0E0)
INSERT INTO CONTROLLER_TARGET_CONFIGURATION_DSG_CUSTOMERS_ALE_SERVICES_ALE VALUES('2013-11-04 08:57:35.000000000',1.0E0,1.0E0,1.0E0,1.0E0)
INSERT INTO CONTROLLER_TARGET_CONFIGURATION_DSG_CUSTOMERS_ALE_SERVICES_ALE VALUES('2013-11-04 08:57:45.000000000',1.0E0,1.0E0,1.0E0,1.0E0)
INSERT INTO CONTROLLER_TARGET_CONFIGURATION_DSG_CUSTOMERS_ALE_SERVICES_ALE VALUES('2013-11-04 08:57:55.000000000',1.0E0,1.0E0,1.0E0,1.0E0)
INSERT INTO CONTROLLER_TARGET_CONFIGURATION_DSG_CUSTOMERS_ALE_SERVICES_ALE VALUES('2013-11-04 08:58:05.000000000',1.0E0,1.0E0,1.0E0,1.0E0)
INSERT INTO CONTROLLER_TARGET_CONFIGURATION_DSG_CUSTOMERS_ALE_SERVICES_ALE VALUES('2013-11-04 08:58:15.000000000',1.0E0,1.0E0,1.0E0,1.0E0)
INSERT INTO CONTROLLER_TARGET_CONFIGURATION_DSG_CUSTOMERS_ALE_SERVICES_ALE VALUES('2013-11-04 08:58:25.000000000',1.0E0,1.0E0,1.0E0,1.0E0)
INSERT INTO CONTROLLER_TARGET_CONFIGURATION_DSG_CUSTOMERS_ALE_SERVICES_ALE VALUES('2013-11-04 08:58:35.000000000',1.0E0,1.0E0,1.0E0,1.0E0)
INSERT INTO CONTROLLER_TARGET_CONFIGURATION_DSG_CUSTOMERS_ALE_SERVICES_ALE VALUES('2013-11-04 08:58:45.000000000',1.0E0,1.0E0,1.0E0,1.0E0)
INSERT INTO CONTROLLER_TARGET_CONFIGURATION_DSG_CUSTOMERS_ALE_SERVICES_ALE VALUES('2013-11-04 08:58:55.000000000',1.0E0,1.0E0,1.0E0,1.0E0)
INSERT INTO CONTROLLER_TARGET_CONFIGURATION_DSG_CUSTOMERS_ALE_SERVICES_ALE VALUES('2013-11-04 08:59:05.000000000',1.0E0,1.0E0,1.0E0,1.0E0)
INSERT INTO CONTROLLER_TARGET_CONFIGURATION_DSG_CUSTOMERS_ALE_SERVICES_ALE VALUES('2013-11-04 08:59:15.000000000',1.0E0,1.0E0,1.0E0,1.0E0)
INSERT INTO CONTROLLER_TARGET_CONFIGURATION_DSG_CUSTOMERS_ALE_SERVICES_ALE VALUES('2013-11-04 08:59:25.000000000',1.0E0,1.0E0,1.0E0,1.0E0)
INSERT INTO CONTROLLER_TARGET_CONFIGURATION_DSG_CUSTOMERS_ALE_SERVICES_ALE VALUES('2013-11-04 08:59:35.000000000',1.0E0,1.0E0,1.0E0,1.0E0)
INSERT INTO CONTROLLER_TARGET_CONFIGURATION_DSG_CUSTOMERS_ALE_SERVICES_ALE VALUES('2013-11-04 08:59:45.000000000',1.0E0,1.0E0,1.0E0,1.0E0)
INSERT INTO CONTROLLER_TARGET_CONFIGURATION_DSG_CUSTOMERS_ALE_SERVICES_ALE VALUES('2013-11-04 08:59:55.000000000',1.0E0,1.0E0,1.0E0,1.0E0)
INSERT INTO CONTROLLER_TARGET_CONFIGURATION_DSG_CUSTOMERS_ALE_SERVICES_ALE VALUES('2013-11-04 09:00:05.000000000',1.0E0,1.0E0,1.0E0,1.0E0)
INSERT INTO CONTROLLER_TARGET_CONFIGURATION_DSG_CUSTOMERS_ALE_SERVICES_ALE VALUES('2013-11-04 09:00:15.000000000',1.0E0,1.0E0,1.0E0,1.0E0)
INSERT INTO CONTROLLER_TARGET_CONFIGURATION_DSG_CUSTOMERS_ALE_SERVICES_ALE VALUES('2013-11-04 09:00:25.000000000',1.0E0,1.0E0,2.0E0,1.0E0)
INSERT INTO CONTROLLER_TARGET_CONFIGURATION_DSG_CUSTOMERS_ALE_SERVICES_ALE VALUES('2013-11-04 09:01:01.000000000',1.0E0,1.0E0,2.0E0,1.0E0)
INSERT INTO CONTROLLER_TARGET_CONFIGURATION_DSG_CUSTOMERS_ALE_SERVICES_ALE VALUES('2013-11-04 09:01:05.000000000',1.0E0,1.0E0,2.0E0,1.0E0)
INSERT INTO CONTROLLER_TARGET_CONFIGURATION_DSG_CUSTOMERS_ALE_SERVICES_ALE VALUES('2013-11-04 09:01:15.000000000',1.0E0,1.0E0,2.0E0,1.0E0)
INSERT INTO CONTROLLER_TARGET_CONFIGURATION_DSG_CUSTOMERS_ALE_SERVICES_ALE VALUES('2013-11-04 09:01:25.000000000',1.0E0,1.0E0,3.0E0,1.0E0)
INSERT INTO CONTROLLER_TARGET_CONFIGURATION_DSG_CUSTOMERS_ALE_SERVICES_ALE VALUES('2013-11-04 09:02:01.000000000',1.0E0,1.0E0,3.0E0,1.0E0)
INSERT INTO CONTROLLER_TARGET_CONFIGURATION_DSG_CUSTOMERS_ALE_SERVICES_ALE VALUES('2013-11-04 09:02:05.000000000',1.0E0,1.0E0,3.0E0,1.0E0)
INSERT INTO CONTROLLER_TARGET_CONFIGURATION_DSG_CUSTOMERS_ALE_SERVICES_ALE VALUES('2013-11-04 09:02:15.000000000',1.0E0,1.0E0,3.0E0,1.0E0)
INSERT INTO CONTROLLER_TARGET_CONFIGURATION_DSG_CUSTOMERS_ALE_SERVICES_ALE VALUES('2013-11-04 09:02:25.000000000',1.0E0,1.0E0,3.0E0,1.0E0)
INSERT INTO CONTROLLER_TARGET_CONFIGURATION_DSG_CUSTOMERS_ALE_SERVICES_ALE VALUES('2013-11-04 09:02:35.000000000',1.0E0,1.0E0,4.0E0,1.0E0)
INSERT INTO CONTROLLER_TARGET_CONFIGURATION_DSG_CUSTOMERS_ALE_SERVICES_ALE VALUES('2013-11-04 09:03:09.000000000',1.0E0,1.0E0,4.0E0,1.0E0)
INSERT INTO CONTROLLER_TARGET_CONFIGURATION_DSG_CUSTOMERS_ALE_SERVICES_ALE VALUES('2013-11-04 09:03:15.000000000',1.0E0,1.0E0,4.0E0,1.0E0)
INSERT INTO CONTROLLER_TARGET_CONFIGURATION_DSG_CUSTOMERS_ALE_SERVICES_ALE VALUES('2013-11-04 09:03:25.000000000',1.0E0,1.0E0,4.0E0,1.0E0)
INSERT INTO CONTROLLER_TARGET_CONFIGURATION_DSG_CUSTOMERS_ALE_SERVICES_ALE VALUES('2013-11-04 09:03:35.000000000',1.0E0,1.0E0,4.0E0,1.0E0)
INSERT INTO CONTROLLER_TARGET_CONFIGURATION_DSG_CUSTOMERS_ALE_SERVICES_ALE VALUES('2013-11-04 09:03:45.000000000',1.0E0,1.0E0,4.0E0,1.0E0)
INSERT INTO CONTROLLER_TARGET_CONFIGURATION_DSG_CUSTOMERS_ALE_SERVICES_ALE VALUES('2013-11-04 09:03:55.000000000',1.0E0,1.0E0,4.0E0,1.0E0)
INSERT INTO CONTROLLER_TARGET_CONFIGURATION_DSG_CUSTOMERS_ALE_SERVICES_ALE VALUES('2013-11-04 09:04:05.000000000',1.0E0,1.0E0,4.0E0,1.0E0)
INSERT INTO CONTROLLER_TARGET_CONFIGURATION_DSG_CUSTOMERS_ALE_SERVICES_ALE VALUES('2013-11-04 09:04:15.000000000',1.0E0,1.0E0,4.0E0,1.0E0)
INSERT INTO CONTROLLER_TARGET_CONFIGURATION_DSG_CUSTOMERS_ALE_SERVICES_ALE VALUES('2013-11-04 09:04:25.000000000',1.0E0,1.0E0,3.0E0,1.0E0)
INSERT INTO CONTROLLER_TARGET_CONFIGURATION_DSG_CUSTOMERS_ALE_SERVICES_ALE VALUES('2013-11-04 09:04:48.000000000',1.0E0,1.0E0,3.0E0,1.0E0)
INSERT INTO CONTROLLER_TARGET_CONFIGURATION_DSG_CUSTOMERS_ALE_SERVICES_ALE VALUES('2013-11-04 09:04:55.000000000',1.0E0,1.0E0,3.0E0,1.0E0)
INSERT INTO CONTROLLER_TARGET_CONFIGURATION_DSG_CUSTOMERS_ALE_SERVICES_ALE VALUES('2013-11-04 09:05:05.000000000',1.0E0,1.0E0,3.0E0,1.0E0)
INSERT INTO CONTROLLER_TARGET_CONFIGURATION_DSG_CUSTOMERS_ALE_SERVICES_ALE VALUES('2013-11-04 09:05:15.000000000',1.0E0,1.0E0,3.0E0,1.0E0)
INSERT INTO CONTROLLER_TARGET_CONFIGURATION_DSG_CUSTOMERS_ALE_SERVICES_ALE VALUES('2013-11-04 09:05:25.000000000',1.0E0,1.0E0,3.0E0,1.0E0)
INSERT INTO CONTROLLER_TARGET_CONFIGURATION_DSG_CUSTOMERS_ALE_SERVICES_ALE VALUES('2013-11-04 09:05:35.000000000',1.0E0,1.0E0,3.0E0,1.0E0)
INSERT INTO CONTROLLER_TARGET_CONFIGURATION_DSG_CUSTOMERS_ALE_SERVICES_ALE VALUES('2013-11-04 09:05:45.000000000',1.0E0,1.0E0,3.0E0,1.0E0)
INSERT INTO CONTROLLER_TARGET_CONFIGURATION_DSG_CUSTOMERS_ALE_SERVICES_ALE VALUES('2013-11-04 09:05:55.000000000',1.0E0,1.0E0,3.0E0,1.0E0)
INSERT INTO CONTROLLER_TARGET_CONFIGURATION_DSG_CUSTOMERS_ALE_SERVICES_ALE VALUES('2013-11-04 09:06:05.000000000',1.0E0,1.0E0,3.0E0,1.0E0)
INSERT INTO CONTROLLER_TARGET_CONFIGURATION_DSG_CUSTOMERS_ALE_SERVICES_ALE VALUES('2013-11-04 09:06:15.000000000',1.0E0,1.0E0,3.0E0,1.0E0)
INSERT INTO CONTROLLER_TARGET_CONFIGURATION_DSG_CUSTOMERS_ALE_SERVICES_ALE VALUES('2013-11-04 09:06:25.000000000',1.0E0,1.0E0,3.0E0,1.0E0)
INSERT INTO CONTROLLER_TARGET_CONFIGURATION_DSG_CUSTOMERS_ALE_SERVICES_ALE VALUES('2013-11-04 09:06:35.000000000',1.0E0,1.0E0,2.0E0,1.0E0)
INSERT INTO CONTROLLER_TARGET_CONFIGURATION_DSG_CUSTOMERS_ALE_SERVICES_ALE VALUES('2013-11-04 09:06:58.000000000',1.0E0,1.0E0,2.0E0,1.0E0)
INSERT INTO CONTROLLER_TARGET_CONFIGURATION_DSG_CUSTOMERS_ALE_SERVICES_ALE VALUES('2013-11-04 09:07:05.000000000',1.0E0,1.0E0,2.0E0,1.0E0)
INSERT INTO CONTROLLER_TARGET_CONFIGURATION_DSG_CUSTOMERS_ALE_SERVICES_ALE VALUES('2013-11-04 09:07:15.000000000',1.0E0,1.0E0,2.0E0,1.0E0)
INSERT INTO CONTROLLER_TARGET_CONFIGURATION_DSG_CUSTOMERS_ALE_SERVICES_ALE VALUES('2013-11-04 09:07:25.000000000',1.0E0,1.0E0,2.0E0,1.0E0)
INSERT INTO CONTROLLER_TARGET_CONFIGURATION_DSG_CUSTOMERS_ALE_SERVICES_ALE VALUES('2013-11-04 09:07:35.000000000',1.0E0,1.0E0,2.0E0,1.0E0)
INSERT INTO CONTROLLER_TARGET_CONFIGURATION_DSG_CUSTOMERS_ALE_SERVICES_ALE VALUES('2013-11-04 09:07:45.000000000',1.0E0,1.0E0,2.0E0,1.0E0)
INSERT INTO CONTROLLER_TARGET_CONFIGURATION_DSG_CUSTOMERS_ALE_SERVICES_ALE VALUES('2013-11-04 09:07:55.000000000',1.0E0,1.0E0,2.0E0,1.0E0)
INSERT INTO CONTROLLER_TARGET_CONFIGURATION_DSG_CUSTOMERS_ALE_SERVICES_ALE VALUES('2013-11-04 09:08:05.000000000',1.0E0,1.0E0,2.0E0,1.0E0)
INSERT INTO CONTROLLER_TARGET_CONFIGURATION_DSG_CUSTOMERS_ALE_SERVICES_ALE VALUES('2013-11-04 09:08:15.000000000',1.0E0,1.0E0,2.0E0,1.0E0)
INSERT INTO CONTROLLER_TARGET_CONFIGURATION_DSG_CUSTOMERS_ALE_SERVICES_ALE VALUES('2013-11-04 09:08:25.000000000',1.0E0,1.0E0,2.0E0,1.0E0)
INSERT INTO CONTROLLER_TARGET_CONFIGURATION_DSG_CUSTOMERS_ALE_SERVICES_ALE VALUES('2013-11-04 09:08:35.000000000',1.0E0,1.0E0,2.0E0,1.0E0)
INSERT INTO CONTROLLER_TARGET_CONFIGURATION_DSG_CUSTOMERS_ALE_SERVICES_ALE VALUES('2013-11-04 09:08:45.000000000',1.0E0,1.0E0,1.0E0,1.0E0)
INSERT INTO CONTROLLER_TARGET_CONFIGURATION_DSG_CUSTOMERS_ALE_SERVICES_ALE VALUES('2013-11-04 09:09:13.000000000',1.0E0,1.0E0,1.0E0,1.0E0)
INSERT INTO CONTROLLER_TARGET_CONFIGURATION_DSG_CUSTOMERS_ALE_SERVICES_ALE VALUES('2013-11-04 09:09:15.000000000',1.0E0,1.0E0,1.0E0,1.0E0)
INSERT INTO CONTROLLER_TARGET_CONFIGURATION_DSG_CUSTOMERS_ALE_SERVICES_ALE VALUES('2013-11-04 09:09:25.000000000',1.0E0,1.0E0,1.0E0,1.0E0)
INSERT INTO CONTROLLER_TARGET_CONFIGURATION_DSG_CUSTOMERS_ALE_SERVICES_ALE VALUES('2013-11-04 09:09:35.000000000',1.0E0,1.0E0,1.0E0,1.0E0)
INSERT INTO CONTROLLER_TARGET_CONFIGURATION_DSG_CUSTOMERS_ALE_SERVICES_ALE VALUES('2013-11-04 09:09:45.000000000',1.0E0,1.0E0,1.0E0,1.0E0)
INSERT INTO CONTROLLER_TARGET_CONFIGURATION_DSG_CUSTOMERS_ALE_SERVICES_ALE VALUES('2013-11-04 09:09:55.000000000',1.0E0,1.0E0,1.0E0,1.0E0)
INSERT INTO CONTROLLER_TARGET_CONFIGURATION_DSG_CUSTOMERS_ALE_SERVICES_ALE VALUES('2013-11-04 09:10:05.000000000',1.0E0,1.0E0,1.0E0,1.0E0)
INSERT INTO CONTROLLER_TARGET_CONFIGURATION_DSG_CUSTOMERS_ALE_SERVICES_ALE VALUES('2013-11-04 09:10:15.000000000',1.0E0,1.0E0,1.0E0,1.0E0)
INSERT INTO CONTROLLER_TARGET_CONFIGURATION_DSG_CUSTOMERS_ALE_SERVICES_ALE VALUES('2013-11-04 09:10:25.000000000',1.0E0,1.0E0,1.0E0,1.0E0)
INSERT INTO CONTROLLER_TARGET_CONFIGURATION_DSG_CUSTOMERS_ALE_SERVICES_ALE VALUES('2013-11-04 09:10:35.000000000',1.0E0,1.0E0,1.0E0,1.0E0)
INSERT INTO CONTROLLER_TARGET_CONFIGURATION_DSG_CUSTOMERS_ALE_SERVICES_ALE VALUES('2013-11-04 09:10:45.000000000',1.0E0,1.0E0,1.0E0,1.0E0)
INSERT INTO CONTROLLER_TARGET_CONFIGURATION_DSG_CUSTOMERS_ALE_SERVICES_ALE VALUES('2013-11-04 09:10:55.000000000',1.0E0,1.0E0,1.0E0,1.0E0)
INSERT INTO CONTROLLER_TARGET_CONFIGURATION_DSG_CUSTOMERS_ALE_SERVICES_ALE VALUES('2013-11-04 09:11:05.000000000',1.0E0,1.0E0,1.0E0,1.0E0)
INSERT INTO CONTROLLER_TARGET_CONFIGURATION_DSG_CUSTOMERS_ALE_SERVICES_ALE VALUES('2013-11-04 09:11:15.000000000',1.0E0,1.0E0,1.0E0,1.0E0)
INSERT INTO CONTROLLER_TARGET_CONFIGURATION_DSG_CUSTOMERS_ALE_SERVICES_ALE VALUES('2013-11-04 09:11:25.000000000',1.0E0,1.0E0,1.0E0,1.0E0)
INSERT INTO CONTROLLER_TARGET_CONFIGURATION_DSG_CUSTOMERS_ALE_SERVICES_ALE VALUES('2013-11-04 09:11:35.000000000',1.0E0,1.0E0,1.0E0,1.0E0)
INSERT INTO CONTROLLER_TARGET_CONFIGURATION_DSG_CUSTOMERS_ALE_SERVICES_ALE VALUES('2013-11-04 09:11:45.000000000',1.0E0,1.0E0,1.0E0,1.0E0)
INSERT INTO CONTROLLER_TARGET_CONFIGURATION_DSG_CUSTOMERS_ALE_SERVICES_ALE VALUES('2013-11-04 09:11:55.000000000',1.0E0,1.0E0,1.0E0,1.0E0)
INSERT INTO CONTROLLER_TARGET_CONFIGURATION_DSG_CUSTOMERS_ALE_SERVICES_ALE VALUES('2013-11-04 09:12:05.000000000',1.0E0,1.0E0,1.0E0,1.0E0)
INSERT INTO CONTROLLER_TARGET_CONFIGURATION_DSG_CUSTOMERS_ALE_SERVICES_ALE VALUES('2013-11-04 09:12:15.000000000',1.0E0,1.0E0,1.0E0,1.0E0)
DISCONNECT
