CREATE USER SA PASSWORD "" ADMIN
/*C1*/SET SCHEMA PUBLIC
CONNECT USER SA
CREATE TABLE controller_activation_dsg_customers_ale_services_ale (  time timestamp,  frontend double,  backend double,  appserver double,  controller double,  avgJob double)
INSERT INTO CONTROLLER_ACTIVATION_DSG_CUSTOMERS_ALE_SERVICES_ALE VALUES('2013-11-07 16:53:54.000000000',1.0E0,1.0E0,1.0E0,1.0E0,0.0E0)
INSERT INTO CONTROLLER_ACTIVATION_DSG_CUSTOMERS_ALE_SERVICES_ALE VALUES('2013-11-07 16:54:02.000000000',1.0E0,1.0E0,1.0E0,1.0E0,0.0E0)
INSERT INTO CONTROLLER_ACTIVATION_DSG_CUSTOMERS_ALE_SERVICES_ALE VALUES('2013-11-07 16:54:12.000000000',1.0E0,1.0E0,1.0E0,1.0E0,0.0E0)
INSERT INTO CONTROLLER_ACTIVATION_DSG_CUSTOMERS_ALE_SERVICES_ALE VALUES('2013-11-07 16:54:22.000000000',1.0E0,1.0E0,1.0E0,1.0E0,0.0E0)
INSERT INTO CONTROLLER_ACTIVATION_DSG_CUSTOMERS_ALE_SERVICES_ALE VALUES('2013-11-07 16:54:32.000000000',1.0E0,1.0E0,1.0E0,1.0E0,0.0E0)
INSERT INTO CONTROLLER_ACTIVATION_DSG_CUSTOMERS_ALE_SERVICES_ALE VALUES('2013-11-07 16:54:42.000000000',1.0E0,1.0E0,1.0E0,1.0E0,0.0E0)
INSERT INTO CONTROLLER_ACTIVATION_DSG_CUSTOMERS_ALE_SERVICES_ALE VALUES('2013-11-07 16:54:52.000000000',1.0E0,1.0E0,1.0E0,1.0E0,0.0E0)
INSERT INTO CONTROLLER_ACTIVATION_DSG_CUSTOMERS_ALE_SERVICES_ALE VALUES('2013-11-07 16:55:02.000000000',1.0E0,1.0E0,1.0E0,1.0E0,0.0E0)
INSERT INTO CONTROLLER_ACTIVATION_DSG_CUSTOMERS_ALE_SERVICES_ALE VALUES('2013-11-07 16:55:12.000000000',1.0E0,1.0E0,1.0E0,1.0E0,0.0E0)
INSERT INTO CONTROLLER_ACTIVATION_DSG_CUSTOMERS_ALE_SERVICES_ALE VALUES('2013-11-07 16:55:22.000000000',1.0E0,1.0E0,1.0E0,1.0E0,0.0E0)
INSERT INTO CONTROLLER_ACTIVATION_DSG_CUSTOMERS_ALE_SERVICES_ALE VALUES('2013-11-07 16:55:32.000000000',1.0E0,1.0E0,1.0E0,1.0E0,0.0E0)
INSERT INTO CONTROLLER_ACTIVATION_DSG_CUSTOMERS_ALE_SERVICES_ALE VALUES('2013-11-07 16:55:42.000000000',1.0E0,1.0E0,1.0E0,1.0E0,0.0E0)
INSERT INTO CONTROLLER_ACTIVATION_DSG_CUSTOMERS_ALE_SERVICES_ALE VALUES('2013-11-07 16:55:52.000000000',1.0E0,1.0E0,1.0E0,1.0E0,0.0E0)
INSERT INTO CONTROLLER_ACTIVATION_DSG_CUSTOMERS_ALE_SERVICES_ALE VALUES('2013-11-07 16:56:02.000000000',1.0E0,1.0E0,1.0E0,1.0E0,0.0E0)
INSERT INTO CONTROLLER_ACTIVATION_DSG_CUSTOMERS_ALE_SERVICES_ALE VALUES('2013-11-07 16:56:12.000000000',1.0E0,1.0E0,1.0E0,1.0E0,0.0E0)
INSERT INTO CONTROLLER_ACTIVATION_DSG_CUSTOMERS_ALE_SERVICES_ALE VALUES('2013-11-07 16:56:22.000000000',1.0E0,1.0E0,1.0E0,1.0E0,0.0E0)
INSERT INTO CONTROLLER_ACTIVATION_DSG_CUSTOMERS_ALE_SERVICES_ALE VALUES('2013-11-07 16:56:32.000000000',1.0E0,1.0E0,1.0E0,1.0E0,0.0E0)
INSERT INTO CONTROLLER_ACTIVATION_DSG_CUSTOMERS_ALE_SERVICES_ALE VALUES('2013-11-07 16:56:42.000000000',1.0E0,1.0E0,1.0E0,1.0E0,0.0E0)
INSERT INTO CONTROLLER_ACTIVATION_DSG_CUSTOMERS_ALE_SERVICES_ALE VALUES('2013-11-07 16:56:52.000000000',1.0E0,1.0E0,1.0E0,1.0E0,0.0E0)
INSERT INTO CONTROLLER_ACTIVATION_DSG_CUSTOMERS_ALE_SERVICES_ALE VALUES('2013-11-07 16:57:02.000000000',1.0E0,1.0E0,1.0E0,1.0E0,0.0E0)
INSERT INTO CONTROLLER_ACTIVATION_DSG_CUSTOMERS_ALE_SERVICES_ALE VALUES('2013-11-07 16:57:12.000000000',1.0E0,1.0E0,1.0E0,1.0E0,0.0E0)
INSERT INTO CONTROLLER_ACTIVATION_DSG_CUSTOMERS_ALE_SERVICES_ALE VALUES('2013-11-07 16:57:22.000000000',1.0E0,1.0E0,1.0E0,1.0E0,0.0E0)
INSERT INTO CONTROLLER_ACTIVATION_DSG_CUSTOMERS_ALE_SERVICES_ALE VALUES('2013-11-07 16:57:32.000000000',1.0E0,1.0E0,1.0E0,1.0E0,0.0E0)
INSERT INTO CONTROLLER_ACTIVATION_DSG_CUSTOMERS_ALE_SERVICES_ALE VALUES('2013-11-07 16:57:42.000000000',1.0E0,1.0E0,1.0E0,1.0E0,0.0E0)
INSERT INTO CONTROLLER_ACTIVATION_DSG_CUSTOMERS_ALE_SERVICES_ALE VALUES('2013-11-07 16:57:52.000000000',1.0E0,1.0E0,1.0E0,1.0E0,0.0E0)
INSERT INTO CONTROLLER_ACTIVATION_DSG_CUSTOMERS_ALE_SERVICES_ALE VALUES('2013-11-07 16:58:02.000000000',1.0E0,1.0E0,1.0E0,1.0E0,0.0E0)
INSERT INTO CONTROLLER_ACTIVATION_DSG_CUSTOMERS_ALE_SERVICES_ALE VALUES('2013-11-07 16:58:12.000000000',1.0E0,1.0E0,1.0E0,1.0E0,0.0E0)
INSERT INTO CONTROLLER_ACTIVATION_DSG_CUSTOMERS_ALE_SERVICES_ALE VALUES('2013-11-07 16:58:22.000000000',1.0E0,1.0E0,1.0E0,1.0E0,0.0E0)
INSERT INTO CONTROLLER_ACTIVATION_DSG_CUSTOMERS_ALE_SERVICES_ALE VALUES('2013-11-07 16:58:32.000000000',1.0E0,1.0E0,1.0E0,1.0E0,0.0E0)
INSERT INTO CONTROLLER_ACTIVATION_DSG_CUSTOMERS_ALE_SERVICES_ALE VALUES('2013-11-07 16:58:42.000000000',1.0E0,1.0E0,1.0E0,1.0E0,0.0E0)
INSERT INTO CONTROLLER_ACTIVATION_DSG_CUSTOMERS_ALE_SERVICES_ALE VALUES('2013-11-07 16:58:52.000000000',1.0E0,1.0E0,1.0E0,1.0E0,0.0E0)
INSERT INTO CONTROLLER_ACTIVATION_DSG_CUSTOMERS_ALE_SERVICES_ALE VALUES('2013-11-07 16:59:02.000000000',1.0E0,1.0E0,1.0E0,1.0E0,0.0E0)
INSERT INTO CONTROLLER_ACTIVATION_DSG_CUSTOMERS_ALE_SERVICES_ALE VALUES('2013-11-07 16:59:12.000000000',1.0E0,1.0E0,1.0E0,1.0E0,0.0E0)
INSERT INTO CONTROLLER_ACTIVATION_DSG_CUSTOMERS_ALE_SERVICES_ALE VALUES('2013-11-07 16:59:22.000000000',1.0E0,1.0E0,1.0E0,1.0E0,0.0E0)
INSERT INTO CONTROLLER_ACTIVATION_DSG_CUSTOMERS_ALE_SERVICES_ALE VALUES('2013-11-07 16:59:32.000000000',1.0E0,1.0E0,1.0E0,1.0E0,0.0E0)
INSERT INTO CONTROLLER_ACTIVATION_DSG_CUSTOMERS_ALE_SERVICES_ALE VALUES('2013-11-07 16:59:42.000000000',1.0E0,1.0E0,1.0E0,1.0E0,0.0E0)
INSERT INTO CONTROLLER_ACTIVATION_DSG_CUSTOMERS_ALE_SERVICES_ALE VALUES('2013-11-07 16:59:52.000000000',1.0E0,1.0E0,1.0E0,1.0E0,0.0E0)
INSERT INTO CONTROLLER_ACTIVATION_DSG_CUSTOMERS_ALE_SERVICES_ALE VALUES('2013-11-07 17:00:02.000000000',1.0E0,1.0E0,1.0E0,1.0E0,0.0E0)
INSERT INTO CONTROLLER_ACTIVATION_DSG_CUSTOMERS_ALE_SERVICES_ALE VALUES('2013-11-07 17:00:12.000000000',1.0E0,1.0E0,1.0E0,1.0E0,0.0E0)
INSERT INTO CONTROLLER_ACTIVATION_DSG_CUSTOMERS_ALE_SERVICES_ALE VALUES('2013-11-07 17:00:22.000000000',1.0E0,1.0E0,1.0E0,1.0E0,0.0E0)
INSERT INTO CONTROLLER_ACTIVATION_DSG_CUSTOMERS_ALE_SERVICES_ALE VALUES('2013-11-07 17:00:32.000000000',1.0E0,1.0E0,1.0E0,1.0E0,0.0E0)
INSERT INTO CONTROLLER_ACTIVATION_DSG_CUSTOMERS_ALE_SERVICES_ALE VALUES('2013-11-07 17:00:42.000000000',1.0E0,1.0E0,1.0E0,1.0E0,0.0E0)
INSERT INTO CONTROLLER_ACTIVATION_DSG_CUSTOMERS_ALE_SERVICES_ALE VALUES('2013-11-07 17:00:52.000000000',1.0E0,1.0E0,1.0E0,1.0E0,0.0E0)
INSERT INTO CONTROLLER_ACTIVATION_DSG_CUSTOMERS_ALE_SERVICES_ALE VALUES('2013-11-07 17:01:02.000000000',1.0E0,1.0E0,1.0E0,1.0E0,0.0E0)
INSERT INTO CONTROLLER_ACTIVATION_DSG_CUSTOMERS_ALE_SERVICES_ALE VALUES('2013-11-07 17:01:12.000000000',1.0E0,1.0E0,1.0E0,1.0E0,0.0E0)
INSERT INTO CONTROLLER_ACTIVATION_DSG_CUSTOMERS_ALE_SERVICES_ALE VALUES('2013-11-07 17:01:22.000000000',1.0E0,1.0E0,1.0E0,1.0E0,0.0E0)
INSERT INTO CONTROLLER_ACTIVATION_DSG_CUSTOMERS_ALE_SERVICES_ALE VALUES('2013-11-07 17:01:32.000000000',1.0E0,1.0E0,1.0E0,1.0E0,0.0E0)
INSERT INTO CONTROLLER_ACTIVATION_DSG_CUSTOMERS_ALE_SERVICES_ALE VALUES('2013-11-07 17:01:42.000000000',1.0E0,1.0E0,1.0E0,1.0E0,0.0E0)
INSERT INTO CONTROLLER_ACTIVATION_DSG_CUSTOMERS_ALE_SERVICES_ALE VALUES('2013-11-07 17:01:52.000000000',1.0E0,1.0E0,1.0E0,1.0E0,0.0E0)
INSERT INTO CONTROLLER_ACTIVATION_DSG_CUSTOMERS_ALE_SERVICES_ALE VALUES('2013-11-07 17:02:02.000000000',1.0E0,1.0E0,1.0E0,1.0E0,0.0E0)
INSERT INTO CONTROLLER_ACTIVATION_DSG_CUSTOMERS_ALE_SERVICES_ALE VALUES('2013-11-07 17:02:12.000000000',1.0E0,1.0E0,1.0E0,1.0E0,0.0E0)
INSERT INTO CONTROLLER_ACTIVATION_DSG_CUSTOMERS_ALE_SERVICES_ALE VALUES('2013-11-07 17:02:22.000000000',1.0E0,1.0E0,1.0E0,1.0E0,0.0E0)
INSERT INTO CONTROLLER_ACTIVATION_DSG_CUSTOMERS_ALE_SERVICES_ALE VALUES('2013-11-07 17:02:32.000000000',1.0E0,1.0E0,1.0E0,1.0E0,0.0E0)
INSERT INTO CONTROLLER_ACTIVATION_DSG_CUSTOMERS_ALE_SERVICES_ALE VALUES('2013-11-07 17:02:42.000000000',1.0E0,1.0E0,1.0E0,1.0E0,0.0E0)
INSERT INTO CONTROLLER_ACTIVATION_DSG_CUSTOMERS_ALE_SERVICES_ALE VALUES('2013-11-07 17:02:52.000000000',1.0E0,1.0E0,1.0E0,1.0E0,0.0E0)
INSERT INTO CONTROLLER_ACTIVATION_DSG_CUSTOMERS_ALE_SERVICES_ALE VALUES('2013-11-07 17:03:02.000000000',1.0E0,1.0E0,1.0E0,1.0E0,0.0E0)
INSERT INTO CONTROLLER_ACTIVATION_DSG_CUSTOMERS_ALE_SERVICES_ALE VALUES('2013-11-07 17:03:12.000000000',1.0E0,1.0E0,1.0E0,1.0E0,0.0E0)
INSERT INTO CONTROLLER_ACTIVATION_DSG_CUSTOMERS_ALE_SERVICES_ALE VALUES('2013-11-07 17:03:22.000000000',1.0E0,1.0E0,1.0E0,1.0E0,0.0E0)
INSERT INTO CONTROLLER_ACTIVATION_DSG_CUSTOMERS_ALE_SERVICES_ALE VALUES('2013-11-07 17:03:32.000000000',1.0E0,1.0E0,1.0E0,1.0E0,0.0E0)
INSERT INTO CONTROLLER_ACTIVATION_DSG_CUSTOMERS_ALE_SERVICES_ALE VALUES('2013-11-07 17:03:42.000000000',1.0E0,1.0E0,1.0E0,1.0E0,0.0E0)
INSERT INTO CONTROLLER_ACTIVATION_DSG_CUSTOMERS_ALE_SERVICES_ALE VALUES('2013-11-07 17:03:52.000000000',1.0E0,1.0E0,1.0E0,1.0E0,0.0E0)
INSERT INTO CONTROLLER_ACTIVATION_DSG_CUSTOMERS_ALE_SERVICES_ALE VALUES('2013-11-07 17:04:02.000000000',1.0E0,1.0E0,1.0E0,1.0E0,0.0E0)
INSERT INTO CONTROLLER_ACTIVATION_DSG_CUSTOMERS_ALE_SERVICES_ALE VALUES('2013-11-07 17:04:12.000000000',1.0E0,1.0E0,1.0E0,1.0E0,0.0E0)
INSERT INTO CONTROLLER_ACTIVATION_DSG_CUSTOMERS_ALE_SERVICES_ALE VALUES('2013-11-07 17:04:22.000000000',1.0E0,1.0E0,1.0E0,1.0E0,0.0E0)
CREATE TABLE controller_target_configuration_dsg_customers_ale_services_ale (  time timestamp,  frontend double,  backend double,  appserver double,  controller double)
INSERT INTO CONTROLLER_TARGET_CONFIGURATION_DSG_CUSTOMERS_ALE_SERVICES_ALE VALUES('2013-11-07 16:53:54.000000000',1.0E0,1.0E0,1.0E0,1.0E0)
INSERT INTO CONTROLLER_TARGET_CONFIGURATION_DSG_CUSTOMERS_ALE_SERVICES_ALE VALUES('2013-11-07 16:54:02.000000000',1.0E0,1.0E0,1.0E0,1.0E0)
INSERT INTO CONTROLLER_TARGET_CONFIGURATION_DSG_CUSTOMERS_ALE_SERVICES_ALE VALUES('2013-11-07 16:54:12.000000000',1.0E0,1.0E0,1.0E0,1.0E0)
INSERT INTO CONTROLLER_TARGET_CONFIGURATION_DSG_CUSTOMERS_ALE_SERVICES_ALE VALUES('2013-11-07 16:54:22.000000000',1.0E0,1.0E0,1.0E0,1.0E0)
INSERT INTO CONTROLLER_TARGET_CONFIGURATION_DSG_CUSTOMERS_ALE_SERVICES_ALE VALUES('2013-11-07 16:54:32.000000000',1.0E0,1.0E0,1.0E0,1.0E0)
INSERT INTO CONTROLLER_TARGET_CONFIGURATION_DSG_CUSTOMERS_ALE_SERVICES_ALE VALUES('2013-11-07 16:54:42.000000000',1.0E0,1.0E0,1.0E0,1.0E0)
INSERT INTO CONTROLLER_TARGET_CONFIGURATION_DSG_CUSTOMERS_ALE_SERVICES_ALE VALUES('2013-11-07 16:54:52.000000000',1.0E0,1.0E0,1.0E0,1.0E0)
INSERT INTO CONTROLLER_TARGET_CONFIGURATION_DSG_CUSTOMERS_ALE_SERVICES_ALE VALUES('2013-11-07 16:55:02.000000000',1.0E0,1.0E0,1.0E0,1.0E0)
INSERT INTO CONTROLLER_TARGET_CONFIGURATION_DSG_CUSTOMERS_ALE_SERVICES_ALE VALUES('2013-11-07 16:55:12.000000000',1.0E0,1.0E0,1.0E0,1.0E0)
INSERT INTO CONTROLLER_TARGET_CONFIGURATION_DSG_CUSTOMERS_ALE_SERVICES_ALE VALUES('2013-11-07 16:55:22.000000000',1.0E0,1.0E0,1.0E0,1.0E0)
INSERT INTO CONTROLLER_TARGET_CONFIGURATION_DSG_CUSTOMERS_ALE_SERVICES_ALE VALUES('2013-11-07 16:55:32.000000000',1.0E0,1.0E0,1.0E0,1.0E0)
INSERT INTO CONTROLLER_TARGET_CONFIGURATION_DSG_CUSTOMERS_ALE_SERVICES_ALE VALUES('2013-11-07 16:55:42.000000000',1.0E0,1.0E0,1.0E0,1.0E0)
INSERT INTO CONTROLLER_TARGET_CONFIGURATION_DSG_CUSTOMERS_ALE_SERVICES_ALE VALUES('2013-11-07 16:55:52.000000000',1.0E0,1.0E0,1.0E0,1.0E0)
INSERT INTO CONTROLLER_TARGET_CONFIGURATION_DSG_CUSTOMERS_ALE_SERVICES_ALE VALUES('2013-11-07 16:56:02.000000000',1.0E0,1.0E0,1.0E0,1.0E0)
INSERT INTO CONTROLLER_TARGET_CONFIGURATION_DSG_CUSTOMERS_ALE_SERVICES_ALE VALUES('2013-11-07 16:56:12.000000000',1.0E0,1.0E0,1.0E0,1.0E0)
INSERT INTO CONTROLLER_TARGET_CONFIGURATION_DSG_CUSTOMERS_ALE_SERVICES_ALE VALUES('2013-11-07 16:56:22.000000000',1.0E0,1.0E0,1.0E0,1.0E0)
INSERT INTO CONTROLLER_TARGET_CONFIGURATION_DSG_CUSTOMERS_ALE_SERVICES_ALE VALUES('2013-11-07 16:56:32.000000000',1.0E0,1.0E0,1.0E0,1.0E0)
INSERT INTO CONTROLLER_TARGET_CONFIGURATION_DSG_CUSTOMERS_ALE_SERVICES_ALE VALUES('2013-11-07 16:56:42.000000000',1.0E0,1.0E0,1.0E0,1.0E0)
INSERT INTO CONTROLLER_TARGET_CONFIGURATION_DSG_CUSTOMERS_ALE_SERVICES_ALE VALUES('2013-11-07 16:56:52.000000000',1.0E0,1.0E0,1.0E0,1.0E0)
INSERT INTO CONTROLLER_TARGET_CONFIGURATION_DSG_CUSTOMERS_ALE_SERVICES_ALE VALUES('2013-11-07 16:57:02.000000000',1.0E0,1.0E0,1.0E0,1.0E0)
INSERT INTO CONTROLLER_TARGET_CONFIGURATION_DSG_CUSTOMERS_ALE_SERVICES_ALE VALUES('2013-11-07 16:57:12.000000000',1.0E0,1.0E0,1.0E0,1.0E0)
INSERT INTO CONTROLLER_TARGET_CONFIGURATION_DSG_CUSTOMERS_ALE_SERVICES_ALE VALUES('2013-11-07 16:57:22.000000000',1.0E0,1.0E0,1.0E0,1.0E0)
INSERT INTO CONTROLLER_TARGET_CONFIGURATION_DSG_CUSTOMERS_ALE_SERVICES_ALE VALUES('2013-11-07 16:57:32.000000000',1.0E0,1.0E0,1.0E0,1.0E0)
INSERT INTO CONTROLLER_TARGET_CONFIGURATION_DSG_CUSTOMERS_ALE_SERVICES_ALE VALUES('2013-11-07 16:57:42.000000000',1.0E0,1.0E0,1.0E0,1.0E0)
INSERT INTO CONTROLLER_TARGET_CONFIGURATION_DSG_CUSTOMERS_ALE_SERVICES_ALE VALUES('2013-11-07 16:57:52.000000000',1.0E0,1.0E0,1.0E0,1.0E0)
INSERT INTO CONTROLLER_TARGET_CONFIGURATION_DSG_CUSTOMERS_ALE_SERVICES_ALE VALUES('2013-11-07 16:58:02.000000000',1.0E0,1.0E0,1.0E0,1.0E0)
INSERT INTO CONTROLLER_TARGET_CONFIGURATION_DSG_CUSTOMERS_ALE_SERVICES_ALE VALUES('2013-11-07 16:58:12.000000000',1.0E0,1.0E0,1.0E0,1.0E0)
INSERT INTO CONTROLLER_TARGET_CONFIGURATION_DSG_CUSTOMERS_ALE_SERVICES_ALE VALUES('2013-11-07 16:58:22.000000000',1.0E0,1.0E0,1.0E0,1.0E0)
INSERT INTO CONTROLLER_TARGET_CONFIGURATION_DSG_CUSTOMERS_ALE_SERVICES_ALE VALUES('2013-11-07 16:58:32.000000000',1.0E0,1.0E0,1.0E0,1.0E0)
INSERT INTO CONTROLLER_TARGET_CONFIGURATION_DSG_CUSTOMERS_ALE_SERVICES_ALE VALUES('2013-11-07 16:58:42.000000000',1.0E0,1.0E0,1.0E0,1.0E0)
INSERT INTO CONTROLLER_TARGET_CONFIGURATION_DSG_CUSTOMERS_ALE_SERVICES_ALE VALUES('2013-11-07 16:58:52.000000000',1.0E0,1.0E0,1.0E0,1.0E0)
INSERT INTO CONTROLLER_TARGET_CONFIGURATION_DSG_CUSTOMERS_ALE_SERVICES_ALE VALUES('2013-11-07 16:59:02.000000000',1.0E0,1.0E0,1.0E0,1.0E0)
INSERT INTO CONTROLLER_TARGET_CONFIGURATION_DSG_CUSTOMERS_ALE_SERVICES_ALE VALUES('2013-11-07 16:59:12.000000000',1.0E0,1.0E0,1.0E0,1.0E0)
INSERT INTO CONTROLLER_TARGET_CONFIGURATION_DSG_CUSTOMERS_ALE_SERVICES_ALE VALUES('2013-11-07 16:59:22.000000000',1.0E0,1.0E0,1.0E0,1.0E0)
INSERT INTO CONTROLLER_TARGET_CONFIGURATION_DSG_CUSTOMERS_ALE_SERVICES_ALE VALUES('2013-11-07 16:59:32.000000000',1.0E0,1.0E0,1.0E0,1.0E0)
INSERT INTO CONTROLLER_TARGET_CONFIGURATION_DSG_CUSTOMERS_ALE_SERVICES_ALE VALUES('2013-11-07 16:59:42.000000000',1.0E0,1.0E0,1.0E0,1.0E0)
INSERT INTO CONTROLLER_TARGET_CONFIGURATION_DSG_CUSTOMERS_ALE_SERVICES_ALE VALUES('2013-11-07 16:59:52.000000000',1.0E0,1.0E0,1.0E0,1.0E0)
INSERT INTO CONTROLLER_TARGET_CONFIGURATION_DSG_CUSTOMERS_ALE_SERVICES_ALE VALUES('2013-11-07 17:00:02.000000000',1.0E0,1.0E0,1.0E0,1.0E0)
INSERT INTO CONTROLLER_TARGET_CONFIGURATION_DSG_CUSTOMERS_ALE_SERVICES_ALE VALUES('2013-11-07 17:00:12.000000000',1.0E0,1.0E0,1.0E0,1.0E0)
INSERT INTO CONTROLLER_TARGET_CONFIGURATION_DSG_CUSTOMERS_ALE_SERVICES_ALE VALUES('2013-11-07 17:00:22.000000000',1.0E0,1.0E0,1.0E0,1.0E0)
INSERT INTO CONTROLLER_TARGET_CONFIGURATION_DSG_CUSTOMERS_ALE_SERVICES_ALE VALUES('2013-11-07 17:00:32.000000000',1.0E0,1.0E0,1.0E0,1.0E0)
INSERT INTO CONTROLLER_TARGET_CONFIGURATION_DSG_CUSTOMERS_ALE_SERVICES_ALE VALUES('2013-11-07 17:00:42.000000000',1.0E0,1.0E0,1.0E0,1.0E0)
INSERT INTO CONTROLLER_TARGET_CONFIGURATION_DSG_CUSTOMERS_ALE_SERVICES_ALE VALUES('2013-11-07 17:00:52.000000000',1.0E0,1.0E0,1.0E0,1.0E0)
INSERT INTO CONTROLLER_TARGET_CONFIGURATION_DSG_CUSTOMERS_ALE_SERVICES_ALE VALUES('2013-11-07 17:01:02.000000000',1.0E0,1.0E0,1.0E0,1.0E0)
INSERT INTO CONTROLLER_TARGET_CONFIGURATION_DSG_CUSTOMERS_ALE_SERVICES_ALE VALUES('2013-11-07 17:01:12.000000000',1.0E0,1.0E0,1.0E0,1.0E0)
INSERT INTO CONTROLLER_TARGET_CONFIGURATION_DSG_CUSTOMERS_ALE_SERVICES_ALE VALUES('2013-11-07 17:01:22.000000000',1.0E0,1.0E0,1.0E0,1.0E0)
INSERT INTO CONTROLLER_TARGET_CONFIGURATION_DSG_CUSTOMERS_ALE_SERVICES_ALE VALUES('2013-11-07 17:01:32.000000000',1.0E0,1.0E0,1.0E0,1.0E0)
INSERT INTO CONTROLLER_TARGET_CONFIGURATION_DSG_CUSTOMERS_ALE_SERVICES_ALE VALUES('2013-11-07 17:01:42.000000000',1.0E0,1.0E0,1.0E0,1.0E0)
INSERT INTO CONTROLLER_TARGET_CONFIGURATION_DSG_CUSTOMERS_ALE_SERVICES_ALE VALUES('2013-11-07 17:01:52.000000000',1.0E0,1.0E0,1.0E0,1.0E0)
INSERT INTO CONTROLLER_TARGET_CONFIGURATION_DSG_CUSTOMERS_ALE_SERVICES_ALE VALUES('2013-11-07 17:02:02.000000000',1.0E0,1.0E0,1.0E0,1.0E0)
INSERT INTO CONTROLLER_TARGET_CONFIGURATION_DSG_CUSTOMERS_ALE_SERVICES_ALE VALUES('2013-11-07 17:02:12.000000000',1.0E0,1.0E0,1.0E0,1.0E0)
INSERT INTO CONTROLLER_TARGET_CONFIGURATION_DSG_CUSTOMERS_ALE_SERVICES_ALE VALUES('2013-11-07 17:02:22.000000000',1.0E0,1.0E0,1.0E0,1.0E0)
INSERT INTO CONTROLLER_TARGET_CONFIGURATION_DSG_CUSTOMERS_ALE_SERVICES_ALE VALUES('2013-11-07 17:02:32.000000000',1.0E0,1.0E0,1.0E0,1.0E0)
INSERT INTO CONTROLLER_TARGET_CONFIGURATION_DSG_CUSTOMERS_ALE_SERVICES_ALE VALUES('2013-11-07 17:02:42.000000000',1.0E0,1.0E0,1.0E0,1.0E0)
INSERT INTO CONTROLLER_TARGET_CONFIGURATION_DSG_CUSTOMERS_ALE_SERVICES_ALE VALUES('2013-11-07 17:02:52.000000000',1.0E0,1.0E0,1.0E0,1.0E0)
INSERT INTO CONTROLLER_TARGET_CONFIGURATION_DSG_CUSTOMERS_ALE_SERVICES_ALE VALUES('2013-11-07 17:03:02.000000000',1.0E0,1.0E0,1.0E0,1.0E0)
INSERT INTO CONTROLLER_TARGET_CONFIGURATION_DSG_CUSTOMERS_ALE_SERVICES_ALE VALUES('2013-11-07 17:03:12.000000000',1.0E0,1.0E0,1.0E0,1.0E0)
INSERT INTO CONTROLLER_TARGET_CONFIGURATION_DSG_CUSTOMERS_ALE_SERVICES_ALE VALUES('2013-11-07 17:03:22.000000000',1.0E0,1.0E0,1.0E0,1.0E0)
INSERT INTO CONTROLLER_TARGET_CONFIGURATION_DSG_CUSTOMERS_ALE_SERVICES_ALE VALUES('2013-11-07 17:03:32.000000000',1.0E0,1.0E0,1.0E0,1.0E0)
INSERT INTO CONTROLLER_TARGET_CONFIGURATION_DSG_CUSTOMERS_ALE_SERVICES_ALE VALUES('2013-11-07 17:03:42.000000000',1.0E0,1.0E0,1.0E0,1.0E0)
INSERT INTO CONTROLLER_TARGET_CONFIGURATION_DSG_CUSTOMERS_ALE_SERVICES_ALE VALUES('2013-11-07 17:03:52.000000000',1.0E0,1.0E0,1.0E0,1.0E0)
INSERT INTO CONTROLLER_TARGET_CONFIGURATION_DSG_CUSTOMERS_ALE_SERVICES_ALE VALUES('2013-11-07 17:04:02.000000000',1.0E0,1.0E0,1.0E0,1.0E0)
INSERT INTO CONTROLLER_TARGET_CONFIGURATION_DSG_CUSTOMERS_ALE_SERVICES_ALE VALUES('2013-11-07 17:04:12.000000000',1.0E0,1.0E0,1.0E0,1.0E0)
INSERT INTO CONTROLLER_TARGET_CONFIGURATION_DSG_CUSTOMERS_ALE_SERVICES_ALE VALUES('2013-11-07 17:04:22.000000000',1.0E0,1.0E0,1.0E0,1.0E0)
DISCONNECT
