CREATE USER SA PASSWORD "" ADMIN
/*C1*/SET SCHEMA PUBLIC
CONNECT USER SA
CREATE TABLE controller_activation_dsg_customers_ale_services_ale (  time timestamp,  frontend double,  backend double,  appserver double,  controller double,  avgJob double)
INSERT INTO CONTROLLER_ACTIVATION_DSG_CUSTOMERS_ALE_SERVICES_ALE VALUES('2013-11-02 14:44:39.000000000',1.0E0,1.0E0,1.0E0,1.0E0,0.0E0)
INSERT INTO CONTROLLER_ACTIVATION_DSG_CUSTOMERS_ALE_SERVICES_ALE VALUES('2013-11-02 14:44:44.000000000',1.0E0,1.0E0,1.0E0,1.0E0,0.0E0)
INSERT INTO CONTROLLER_ACTIVATION_DSG_CUSTOMERS_ALE_SERVICES_ALE VALUES('2013-11-02 14:44:54.000000000',1.0E0,1.0E0,1.0E0,1.0E0,0.0E0)
INSERT INTO CONTROLLER_ACTIVATION_DSG_CUSTOMERS_ALE_SERVICES_ALE VALUES('2013-11-02 14:45:04.000000000',1.0E0,1.0E0,1.0E0,1.0E0,0.0E0)
INSERT INTO CONTROLLER_ACTIVATION_DSG_CUSTOMERS_ALE_SERVICES_ALE VALUES('2013-11-02 14:45:14.000000000',1.0E0,1.0E0,1.0E0,1.0E0,0.0E0)
INSERT INTO CONTROLLER_ACTIVATION_DSG_CUSTOMERS_ALE_SERVICES_ALE VALUES('2013-11-02 14:45:24.000000000',1.0E0,1.0E0,1.0E0,1.0E0,0.0E0)
INSERT INTO CONTROLLER_ACTIVATION_DSG_CUSTOMERS_ALE_SERVICES_ALE VALUES('2013-11-02 14:45:34.000000000',1.0E0,1.0E0,1.0E0,1.0E0,0.0E0)
INSERT INTO CONTROLLER_ACTIVATION_DSG_CUSTOMERS_ALE_SERVICES_ALE VALUES('2013-11-02 14:45:44.000000000',1.0E0,1.0E0,1.0E0,1.0E0,0.0E0)
INSERT INTO CONTROLLER_ACTIVATION_DSG_CUSTOMERS_ALE_SERVICES_ALE VALUES('2013-11-02 14:45:54.000000000',1.0E0,1.0E0,1.0E0,1.0E0,0.0E0)
INSERT INTO CONTROLLER_ACTIVATION_DSG_CUSTOMERS_ALE_SERVICES_ALE VALUES('2013-11-02 14:46:04.000000000',1.0E0,1.0E0,1.0E0,1.0E0,0.0E0)
INSERT INTO CONTROLLER_ACTIVATION_DSG_CUSTOMERS_ALE_SERVICES_ALE VALUES('2013-11-02 14:46:14.000000000',1.0E0,1.0E0,1.0E0,1.0E0,0.0E0)
INSERT INTO CONTROLLER_ACTIVATION_DSG_CUSTOMERS_ALE_SERVICES_ALE VALUES('2013-11-02 14:46:24.000000000',1.0E0,1.0E0,1.0E0,1.0E0,0.0E0)
INSERT INTO CONTROLLER_ACTIVATION_DSG_CUSTOMERS_ALE_SERVICES_ALE VALUES('2013-11-02 14:46:34.000000000',1.0E0,1.0E0,1.0E0,1.0E0,0.0E0)
INSERT INTO CONTROLLER_ACTIVATION_DSG_CUSTOMERS_ALE_SERVICES_ALE VALUES('2013-11-02 14:46:44.000000000',1.0E0,1.0E0,1.0E0,1.0E0,0.0E0)
INSERT INTO CONTROLLER_ACTIVATION_DSG_CUSTOMERS_ALE_SERVICES_ALE VALUES('2013-11-02 14:46:54.000000000',1.0E0,1.0E0,1.0E0,1.0E0,0.0E0)
INSERT INTO CONTROLLER_ACTIVATION_DSG_CUSTOMERS_ALE_SERVICES_ALE VALUES('2013-11-02 14:47:04.000000000',1.0E0,1.0E0,1.0E0,1.0E0,0.0E0)
INSERT INTO CONTROLLER_ACTIVATION_DSG_CUSTOMERS_ALE_SERVICES_ALE VALUES('2013-11-02 14:47:14.000000000',1.0E0,1.0E0,1.0E0,1.0E0,0.0E0)
INSERT INTO CONTROLLER_ACTIVATION_DSG_CUSTOMERS_ALE_SERVICES_ALE VALUES('2013-11-02 14:47:24.000000000',1.0E0,1.0E0,1.0E0,1.0E0,0.0E0)
INSERT INTO CONTROLLER_ACTIVATION_DSG_CUSTOMERS_ALE_SERVICES_ALE VALUES('2013-11-02 14:47:34.000000000',1.0E0,1.0E0,1.0E0,1.0E0,0.0E0)
INSERT INTO CONTROLLER_ACTIVATION_DSG_CUSTOMERS_ALE_SERVICES_ALE VALUES('2013-11-02 14:47:44.000000000',1.0E0,1.0E0,1.0E0,1.0E0,0.0E0)
INSERT INTO CONTROLLER_ACTIVATION_DSG_CUSTOMERS_ALE_SERVICES_ALE VALUES('2013-11-02 14:47:54.000000000',1.0E0,1.0E0,1.0E0,1.0E0,0.0E0)
INSERT INTO CONTROLLER_ACTIVATION_DSG_CUSTOMERS_ALE_SERVICES_ALE VALUES('2013-11-02 14:48:04.000000000',1.0E0,1.0E0,1.0E0,1.0E0,5.0E0)
INSERT INTO CONTROLLER_ACTIVATION_DSG_CUSTOMERS_ALE_SERVICES_ALE VALUES('2013-11-02 14:48:14.000000000',1.0E0,1.0E0,1.0E0,1.0E0,12.0E0)
INSERT INTO CONTROLLER_ACTIVATION_DSG_CUSTOMERS_ALE_SERVICES_ALE VALUES('2013-11-02 14:48:24.000000000',1.0E0,1.0E0,1.0E0,1.0E0,21.5E0)
INSERT INTO CONTROLLER_ACTIVATION_DSG_CUSTOMERS_ALE_SERVICES_ALE VALUES('2013-11-02 14:48:34.000000000',1.0E0,1.0E0,1.0E0,1.0E0,30.0E0)
INSERT INTO CONTROLLER_ACTIVATION_DSG_CUSTOMERS_ALE_SERVICES_ALE VALUES('2013-11-02 14:48:44.000000000',1.0E0,1.0E0,1.0E0,1.0E0,38.5E0)
INSERT INTO CONTROLLER_ACTIVATION_DSG_CUSTOMERS_ALE_SERVICES_ALE VALUES('2013-11-02 14:49:16.000000000',1.0E0,1.0E0,2.0E0,1.0E0,66.5E0)
INSERT INTO CONTROLLER_ACTIVATION_DSG_CUSTOMERS_ALE_SERVICES_ALE VALUES('2013-11-02 14:49:24.000000000',1.0E0,1.0E0,2.0E0,1.0E0,73.0E0)
INSERT INTO CONTROLLER_ACTIVATION_DSG_CUSTOMERS_ALE_SERVICES_ALE VALUES('2013-11-02 14:49:34.000000000',1.0E0,1.0E0,2.0E0,1.0E0,60.5E0)
INSERT INTO CONTROLLER_ACTIVATION_DSG_CUSTOMERS_ALE_SERVICES_ALE VALUES('2013-11-02 14:49:44.000000000',1.0E0,1.0E0,2.0E0,1.0E0,45.25E0)
INSERT INTO CONTROLLER_ACTIVATION_DSG_CUSTOMERS_ALE_SERVICES_ALE VALUES('2013-11-02 14:49:54.000000000',1.0E0,1.0E0,2.0E0,1.0E0,57.25E0)
INSERT INTO CONTROLLER_ACTIVATION_DSG_CUSTOMERS_ALE_SERVICES_ALE VALUES('2013-11-02 14:50:04.000000000',1.0E0,1.0E0,2.0E0,1.0E0,53.5E0)
INSERT INTO CONTROLLER_ACTIVATION_DSG_CUSTOMERS_ALE_SERVICES_ALE VALUES('2013-11-02 14:50:14.000000000',1.0E0,1.0E0,2.0E0,1.0E0,59.25E0)
INSERT INTO CONTROLLER_ACTIVATION_DSG_CUSTOMERS_ALE_SERVICES_ALE VALUES('2013-11-02 14:50:24.000000000',1.0E0,1.0E0,2.0E0,1.0E0,62.0E0)
INSERT INTO CONTROLLER_ACTIVATION_DSG_CUSTOMERS_ALE_SERVICES_ALE VALUES('2013-11-02 14:51:04.000000000',1.0E0,1.0E0,3.0E0,1.0E0,82.5E0)
INSERT INTO CONTROLLER_ACTIVATION_DSG_CUSTOMERS_ALE_SERVICES_ALE VALUES('2013-11-02 14:51:14.000000000',1.0E0,1.0E0,3.0E0,1.0E0,83.25E0)
INSERT INTO CONTROLLER_ACTIVATION_DSG_CUSTOMERS_ALE_SERVICES_ALE VALUES('2013-11-02 14:51:24.000000000',1.0E0,1.0E0,3.0E0,1.0E0,75.16666666666666E0)
INSERT INTO CONTROLLER_ACTIVATION_DSG_CUSTOMERS_ALE_SERVICES_ALE VALUES('2013-11-02 14:51:34.000000000',1.0E0,1.0E0,3.0E0,1.0E0,59.166666666666664E0)
INSERT INTO CONTROLLER_ACTIVATION_DSG_CUSTOMERS_ALE_SERVICES_ALE VALUES('2013-11-02 14:51:44.000000000',1.0E0,1.0E0,3.0E0,1.0E0,63.33333333333333E0)
INSERT INTO CONTROLLER_ACTIVATION_DSG_CUSTOMERS_ALE_SERVICES_ALE VALUES('2013-11-02 14:51:54.000000000',1.0E0,1.0E0,3.0E0,1.0E0,63.33333333333333E0)
INSERT INTO CONTROLLER_ACTIVATION_DSG_CUSTOMERS_ALE_SERVICES_ALE VALUES('2013-11-02 14:52:04.000000000',1.0E0,1.0E0,3.0E0,1.0E0,60.66666666666667E0)
INSERT INTO CONTROLLER_ACTIVATION_DSG_CUSTOMERS_ALE_SERVICES_ALE VALUES('2013-11-02 14:52:14.000000000',1.0E0,1.0E0,3.0E0,1.0E0,58.83333333333333E0)
INSERT INTO CONTROLLER_ACTIVATION_DSG_CUSTOMERS_ALE_SERVICES_ALE VALUES('2013-11-02 14:52:24.000000000',1.0E0,1.0E0,3.0E0,1.0E0,52.33333333333333E0)
INSERT INTO CONTROLLER_ACTIVATION_DSG_CUSTOMERS_ALE_SERVICES_ALE VALUES('2013-11-02 14:52:34.000000000',1.0E0,1.0E0,3.0E0,1.0E0,54.5E0)
INSERT INTO CONTROLLER_ACTIVATION_DSG_CUSTOMERS_ALE_SERVICES_ALE VALUES('2013-11-02 14:52:44.000000000',1.0E0,1.0E0,3.0E0,1.0E0,48.5E0)
INSERT INTO CONTROLLER_ACTIVATION_DSG_CUSTOMERS_ALE_SERVICES_ALE VALUES('2013-11-02 14:52:54.000000000',1.0E0,1.0E0,3.0E0,1.0E0,25.0E0)
INSERT INTO CONTROLLER_ACTIVATION_DSG_CUSTOMERS_ALE_SERVICES_ALE VALUES('2013-11-02 14:53:17.000000000',1.0E0,1.0E0,2.0E0,1.0E0,0.0E0)
INSERT INTO CONTROLLER_ACTIVATION_DSG_CUSTOMERS_ALE_SERVICES_ALE VALUES('2013-11-02 14:53:24.000000000',1.0E0,1.0E0,2.0E0,1.0E0,0.0E0)
INSERT INTO CONTROLLER_ACTIVATION_DSG_CUSTOMERS_ALE_SERVICES_ALE VALUES('2013-11-02 14:53:34.000000000',1.0E0,1.0E0,2.0E0,1.0E0,0.0E0)
INSERT INTO CONTROLLER_ACTIVATION_DSG_CUSTOMERS_ALE_SERVICES_ALE VALUES('2013-11-02 14:53:44.000000000',1.0E0,1.0E0,2.0E0,1.0E0,0.0E0)
INSERT INTO CONTROLLER_ACTIVATION_DSG_CUSTOMERS_ALE_SERVICES_ALE VALUES('2013-11-02 14:53:54.000000000',1.0E0,1.0E0,2.0E0,1.0E0,0.0E0)
INSERT INTO CONTROLLER_ACTIVATION_DSG_CUSTOMERS_ALE_SERVICES_ALE VALUES('2013-11-02 14:54:04.000000000',1.0E0,1.0E0,2.0E0,1.0E0,0.0E0)
INSERT INTO CONTROLLER_ACTIVATION_DSG_CUSTOMERS_ALE_SERVICES_ALE VALUES('2013-11-02 14:54:14.000000000',1.0E0,1.0E0,2.0E0,1.0E0,0.0E0)
INSERT INTO CONTROLLER_ACTIVATION_DSG_CUSTOMERS_ALE_SERVICES_ALE VALUES('2013-11-02 14:54:24.000000000',1.0E0,1.0E0,2.0E0,1.0E0,0.0E0)
INSERT INTO CONTROLLER_ACTIVATION_DSG_CUSTOMERS_ALE_SERVICES_ALE VALUES('2013-11-02 14:54:34.000000000',1.0E0,1.0E0,2.0E0,1.0E0,0.0E0)
INSERT INTO CONTROLLER_ACTIVATION_DSG_CUSTOMERS_ALE_SERVICES_ALE VALUES('2013-11-02 14:54:44.000000000',1.0E0,1.0E0,2.0E0,1.0E0,0.0E0)
INSERT INTO CONTROLLER_ACTIVATION_DSG_CUSTOMERS_ALE_SERVICES_ALE VALUES('2013-11-02 14:54:54.000000000',1.0E0,1.0E0,2.0E0,1.0E0,0.0E0)
INSERT INTO CONTROLLER_ACTIVATION_DSG_CUSTOMERS_ALE_SERVICES_ALE VALUES('2013-11-02 14:55:15.000000000',1.0E0,1.0E0,1.0E0,1.0E0,0.0E0)
INSERT INTO CONTROLLER_ACTIVATION_DSG_CUSTOMERS_ALE_SERVICES_ALE VALUES('2013-11-02 14:55:24.000000000',1.0E0,1.0E0,1.0E0,1.0E0,0.0E0)
INSERT INTO CONTROLLER_ACTIVATION_DSG_CUSTOMERS_ALE_SERVICES_ALE VALUES('2013-11-02 14:55:34.000000000',1.0E0,1.0E0,1.0E0,1.0E0,0.0E0)
INSERT INTO CONTROLLER_ACTIVATION_DSG_CUSTOMERS_ALE_SERVICES_ALE VALUES('2013-11-02 14:55:44.000000000',1.0E0,1.0E0,1.0E0,1.0E0,0.0E0)
INSERT INTO CONTROLLER_ACTIVATION_DSG_CUSTOMERS_ALE_SERVICES_ALE VALUES('2013-11-02 14:55:54.000000000',1.0E0,1.0E0,1.0E0,1.0E0,0.0E0)
INSERT INTO CONTROLLER_ACTIVATION_DSG_CUSTOMERS_ALE_SERVICES_ALE VALUES('2013-11-02 14:56:04.000000000',1.0E0,1.0E0,1.0E0,1.0E0,0.0E0)
INSERT INTO CONTROLLER_ACTIVATION_DSG_CUSTOMERS_ALE_SERVICES_ALE VALUES('2013-11-02 14:56:14.000000000',1.0E0,1.0E0,1.0E0,1.0E0,0.0E0)
INSERT INTO CONTROLLER_ACTIVATION_DSG_CUSTOMERS_ALE_SERVICES_ALE VALUES('2013-11-02 14:56:24.000000000',1.0E0,1.0E0,1.0E0,1.0E0,0.0E0)
INSERT INTO CONTROLLER_ACTIVATION_DSG_CUSTOMERS_ALE_SERVICES_ALE VALUES('2013-11-02 14:56:34.000000000',1.0E0,1.0E0,1.0E0,1.0E0,0.0E0)
INSERT INTO CONTROLLER_ACTIVATION_DSG_CUSTOMERS_ALE_SERVICES_ALE VALUES('2013-11-02 14:56:44.000000000',1.0E0,1.0E0,1.0E0,1.0E0,0.0E0)
INSERT INTO CONTROLLER_ACTIVATION_DSG_CUSTOMERS_ALE_SERVICES_ALE VALUES('2013-11-02 14:56:54.000000000',1.0E0,1.0E0,1.0E0,1.0E0,0.0E0)
INSERT INTO CONTROLLER_ACTIVATION_DSG_CUSTOMERS_ALE_SERVICES_ALE VALUES('2013-11-02 14:57:04.000000000',1.0E0,1.0E0,1.0E0,1.0E0,0.0E0)
INSERT INTO CONTROLLER_ACTIVATION_DSG_CUSTOMERS_ALE_SERVICES_ALE VALUES('2013-11-02 14:57:14.000000000',1.0E0,1.0E0,1.0E0,1.0E0,0.0E0)
INSERT INTO CONTROLLER_ACTIVATION_DSG_CUSTOMERS_ALE_SERVICES_ALE VALUES('2013-11-02 14:57:24.000000000',1.0E0,1.0E0,1.0E0,1.0E0,0.0E0)
INSERT INTO CONTROLLER_ACTIVATION_DSG_CUSTOMERS_ALE_SERVICES_ALE VALUES('2013-11-02 14:57:34.000000000',1.0E0,1.0E0,1.0E0,1.0E0,0.0E0)
INSERT INTO CONTROLLER_ACTIVATION_DSG_CUSTOMERS_ALE_SERVICES_ALE VALUES('2013-11-02 14:57:44.000000000',1.0E0,1.0E0,1.0E0,1.0E0,0.0E0)
INSERT INTO CONTROLLER_ACTIVATION_DSG_CUSTOMERS_ALE_SERVICES_ALE VALUES('2013-11-02 14:57:54.000000000',1.0E0,1.0E0,1.0E0,1.0E0,0.0E0)
INSERT INTO CONTROLLER_ACTIVATION_DSG_CUSTOMERS_ALE_SERVICES_ALE VALUES('2013-11-02 14:58:04.000000000',1.0E0,1.0E0,1.0E0,1.0E0,0.0E0)
INSERT INTO CONTROLLER_ACTIVATION_DSG_CUSTOMERS_ALE_SERVICES_ALE VALUES('2013-11-02 14:58:14.000000000',1.0E0,1.0E0,1.0E0,1.0E0,0.0E0)
INSERT INTO CONTROLLER_ACTIVATION_DSG_CUSTOMERS_ALE_SERVICES_ALE VALUES('2013-11-02 14:58:24.000000000',1.0E0,1.0E0,1.0E0,1.0E0,0.0E0)
INSERT INTO CONTROLLER_ACTIVATION_DSG_CUSTOMERS_ALE_SERVICES_ALE VALUES('2013-11-02 14:58:34.000000000',1.0E0,1.0E0,1.0E0,1.0E0,0.0E0)
INSERT INTO CONTROLLER_ACTIVATION_DSG_CUSTOMERS_ALE_SERVICES_ALE VALUES('2013-11-02 14:58:44.000000000',1.0E0,1.0E0,1.0E0,1.0E0,0.0E0)
INSERT INTO CONTROLLER_ACTIVATION_DSG_CUSTOMERS_ALE_SERVICES_ALE VALUES('2013-11-02 14:58:54.000000000',1.0E0,1.0E0,1.0E0,1.0E0,0.0E0)
INSERT INTO CONTROLLER_ACTIVATION_DSG_CUSTOMERS_ALE_SERVICES_ALE VALUES('2013-11-02 14:59:04.000000000',1.0E0,1.0E0,1.0E0,1.0E0,0.0E0)
INSERT INTO CONTROLLER_ACTIVATION_DSG_CUSTOMERS_ALE_SERVICES_ALE VALUES('2013-11-02 14:59:14.000000000',1.0E0,1.0E0,1.0E0,1.0E0,0.0E0)
INSERT INTO CONTROLLER_ACTIVATION_DSG_CUSTOMERS_ALE_SERVICES_ALE VALUES('2013-11-02 14:59:24.000000000',1.0E0,1.0E0,1.0E0,1.0E0,0.0E0)
INSERT INTO CONTROLLER_ACTIVATION_DSG_CUSTOMERS_ALE_SERVICES_ALE VALUES('2013-11-02 14:59:34.000000000',1.0E0,1.0E0,1.0E0,1.0E0,0.0E0)
INSERT INTO CONTROLLER_ACTIVATION_DSG_CUSTOMERS_ALE_SERVICES_ALE VALUES('2013-11-02 14:59:44.000000000',1.0E0,1.0E0,1.0E0,1.0E0,0.0E0)
INSERT INTO CONTROLLER_ACTIVATION_DSG_CUSTOMERS_ALE_SERVICES_ALE VALUES('2013-11-02 14:59:54.000000000',1.0E0,1.0E0,1.0E0,1.0E0,0.0E0)
INSERT INTO CONTROLLER_ACTIVATION_DSG_CUSTOMERS_ALE_SERVICES_ALE VALUES('2013-11-02 15:00:04.000000000',1.0E0,1.0E0,1.0E0,1.0E0,0.0E0)
CREATE TABLE controller_target_configuration_dsg_customers_ale_services_ale (  time timestamp,  frontend double,  backend double,  appserver double,  controller double)
INSERT INTO CONTROLLER_TARGET_CONFIGURATION_DSG_CUSTOMERS_ALE_SERVICES_ALE VALUES('2013-11-02 14:44:39.000000000',1.0E0,1.0E0,1.0E0,1.0E0)
INSERT INTO CONTROLLER_TARGET_CONFIGURATION_DSG_CUSTOMERS_ALE_SERVICES_ALE VALUES('2013-11-02 14:44:44.000000000',1.0E0,1.0E0,1.0E0,1.0E0)
INSERT INTO CONTROLLER_TARGET_CONFIGURATION_DSG_CUSTOMERS_ALE_SERVICES_ALE VALUES('2013-11-02 14:44:54.000000000',1.0E0,1.0E0,1.0E0,1.0E0)
INSERT INTO CONTROLLER_TARGET_CONFIGURATION_DSG_CUSTOMERS_ALE_SERVICES_ALE VALUES('2013-11-02 14:45:04.000000000',1.0E0,1.0E0,1.0E0,1.0E0)
INSERT INTO CONTROLLER_TARGET_CONFIGURATION_DSG_CUSTOMERS_ALE_SERVICES_ALE VALUES('2013-11-02 14:45:14.000000000',1.0E0,1.0E0,1.0E0,1.0E0)
INSERT INTO CONTROLLER_TARGET_CONFIGURATION_DSG_CUSTOMERS_ALE_SERVICES_ALE VALUES('2013-11-02 14:45:24.000000000',1.0E0,1.0E0,1.0E0,1.0E0)
INSERT INTO CONTROLLER_TARGET_CONFIGURATION_DSG_CUSTOMERS_ALE_SERVICES_ALE VALUES('2013-11-02 14:45:34.000000000',1.0E0,1.0E0,1.0E0,1.0E0)
INSERT INTO CONTROLLER_TARGET_CONFIGURATION_DSG_CUSTOMERS_ALE_SERVICES_ALE VALUES('2013-11-02 14:45:44.000000000',1.0E0,1.0E0,1.0E0,1.0E0)
INSERT INTO CONTROLLER_TARGET_CONFIGURATION_DSG_CUSTOMERS_ALE_SERVICES_ALE VALUES('2013-11-02 14:45:54.000000000',1.0E0,1.0E0,1.0E0,1.0E0)
INSERT INTO CONTROLLER_TARGET_CONFIGURATION_DSG_CUSTOMERS_ALE_SERVICES_ALE VALUES('2013-11-02 14:46:04.000000000',1.0E0,1.0E0,1.0E0,1.0E0)
INSERT INTO CONTROLLER_TARGET_CONFIGURATION_DSG_CUSTOMERS_ALE_SERVICES_ALE VALUES('2013-11-02 14:46:14.000000000',1.0E0,1.0E0,1.0E0,1.0E0)
INSERT INTO CONTROLLER_TARGET_CONFIGURATION_DSG_CUSTOMERS_ALE_SERVICES_ALE VALUES('2013-11-02 14:46:24.000000000',1.0E0,1.0E0,1.0E0,1.0E0)
INSERT INTO CONTROLLER_TARGET_CONFIGURATION_DSG_CUSTOMERS_ALE_SERVICES_ALE VALUES('2013-11-02 14:46:34.000000000',1.0E0,1.0E0,1.0E0,1.0E0)
INSERT INTO CONTROLLER_TARGET_CONFIGURATION_DSG_CUSTOMERS_ALE_SERVICES_ALE VALUES('2013-11-02 14:46:44.000000000',1.0E0,1.0E0,1.0E0,1.0E0)
INSERT INTO CONTROLLER_TARGET_CONFIGURATION_DSG_CUSTOMERS_ALE_SERVICES_ALE VALUES('2013-11-02 14:46:54.000000000',1.0E0,1.0E0,1.0E0,1.0E0)
INSERT INTO CONTROLLER_TARGET_CONFIGURATION_DSG_CUSTOMERS_ALE_SERVICES_ALE VALUES('2013-11-02 14:47:04.000000000',1.0E0,1.0E0,1.0E0,1.0E0)
INSERT INTO CONTROLLER_TARGET_CONFIGURATION_DSG_CUSTOMERS_ALE_SERVICES_ALE VALUES('2013-11-02 14:47:14.000000000',1.0E0,1.0E0,1.0E0,1.0E0)
INSERT INTO CONTROLLER_TARGET_CONFIGURATION_DSG_CUSTOMERS_ALE_SERVICES_ALE VALUES('2013-11-02 14:47:24.000000000',1.0E0,1.0E0,1.0E0,1.0E0)
INSERT INTO CONTROLLER_TARGET_CONFIGURATION_DSG_CUSTOMERS_ALE_SERVICES_ALE VALUES('2013-11-02 14:47:34.000000000',1.0E0,1.0E0,1.0E0,1.0E0)
INSERT INTO CONTROLLER_TARGET_CONFIGURATION_DSG_CUSTOMERS_ALE_SERVICES_ALE VALUES('2013-11-02 14:47:44.000000000',1.0E0,1.0E0,1.0E0,1.0E0)
INSERT INTO CONTROLLER_TARGET_CONFIGURATION_DSG_CUSTOMERS_ALE_SERVICES_ALE VALUES('2013-11-02 14:47:54.000000000',1.0E0,1.0E0,1.0E0,1.0E0)
INSERT INTO CONTROLLER_TARGET_CONFIGURATION_DSG_CUSTOMERS_ALE_SERVICES_ALE VALUES('2013-11-02 14:48:04.000000000',1.0E0,1.0E0,1.0E0,1.0E0)
INSERT INTO CONTROLLER_TARGET_CONFIGURATION_DSG_CUSTOMERS_ALE_SERVICES_ALE VALUES('2013-11-02 14:48:14.000000000',1.0E0,1.0E0,1.0E0,1.0E0)
INSERT INTO CONTROLLER_TARGET_CONFIGURATION_DSG_CUSTOMERS_ALE_SERVICES_ALE VALUES('2013-11-02 14:48:24.000000000',1.0E0,1.0E0,1.0E0,1.0E0)
INSERT INTO CONTROLLER_TARGET_CONFIGURATION_DSG_CUSTOMERS_ALE_SERVICES_ALE VALUES('2013-11-02 14:48:34.000000000',1.0E0,1.0E0,1.0E0,1.0E0)
INSERT INTO CONTROLLER_TARGET_CONFIGURATION_DSG_CUSTOMERS_ALE_SERVICES_ALE VALUES('2013-11-02 14:48:44.000000000',1.0E0,1.0E0,2.0E0,1.0E0)
INSERT INTO CONTROLLER_TARGET_CONFIGURATION_DSG_CUSTOMERS_ALE_SERVICES_ALE VALUES('2013-11-02 14:49:16.000000000',1.0E0,1.0E0,2.0E0,1.0E0)
INSERT INTO CONTROLLER_TARGET_CONFIGURATION_DSG_CUSTOMERS_ALE_SERVICES_ALE VALUES('2013-11-02 14:49:24.000000000',1.0E0,1.0E0,2.0E0,1.0E0)
INSERT INTO CONTROLLER_TARGET_CONFIGURATION_DSG_CUSTOMERS_ALE_SERVICES_ALE VALUES('2013-11-02 14:49:34.000000000',1.0E0,1.0E0,2.0E0,1.0E0)
INSERT INTO CONTROLLER_TARGET_CONFIGURATION_DSG_CUSTOMERS_ALE_SERVICES_ALE VALUES('2013-11-02 14:49:44.000000000',1.0E0,1.0E0,2.0E0,1.0E0)
INSERT INTO CONTROLLER_TARGET_CONFIGURATION_DSG_CUSTOMERS_ALE_SERVICES_ALE VALUES('2013-11-02 14:49:54.000000000',1.0E0,1.0E0,2.0E0,1.0E0)
INSERT INTO CONTROLLER_TARGET_CONFIGURATION_DSG_CUSTOMERS_ALE_SERVICES_ALE VALUES('2013-11-02 14:50:04.000000000',1.0E0,1.0E0,2.0E0,1.0E0)
INSERT INTO CONTROLLER_TARGET_CONFIGURATION_DSG_CUSTOMERS_ALE_SERVICES_ALE VALUES('2013-11-02 14:50:14.000000000',1.0E0,1.0E0,2.0E0,1.0E0)
INSERT INTO CONTROLLER_TARGET_CONFIGURATION_DSG_CUSTOMERS_ALE_SERVICES_ALE VALUES('2013-11-02 14:50:24.000000000',1.0E0,1.0E0,3.0E0,1.0E0)
INSERT INTO CONTROLLER_TARGET_CONFIGURATION_DSG_CUSTOMERS_ALE_SERVICES_ALE VALUES('2013-11-02 14:51:04.000000000',1.0E0,1.0E0,3.0E0,1.0E0)
INSERT INTO CONTROLLER_TARGET_CONFIGURATION_DSG_CUSTOMERS_ALE_SERVICES_ALE VALUES('2013-11-02 14:51:14.000000000',1.0E0,1.0E0,3.0E0,1.0E0)
INSERT INTO CONTROLLER_TARGET_CONFIGURATION_DSG_CUSTOMERS_ALE_SERVICES_ALE VALUES('2013-11-02 14:51:24.000000000',1.0E0,1.0E0,3.0E0,1.0E0)
INSERT INTO CONTROLLER_TARGET_CONFIGURATION_DSG_CUSTOMERS_ALE_SERVICES_ALE VALUES('2013-11-02 14:51:34.000000000',1.0E0,1.0E0,3.0E0,1.0E0)
INSERT INTO CONTROLLER_TARGET_CONFIGURATION_DSG_CUSTOMERS_ALE_SERVICES_ALE VALUES('2013-11-02 14:51:44.000000000',1.0E0,1.0E0,3.0E0,1.0E0)
INSERT INTO CONTROLLER_TARGET_CONFIGURATION_DSG_CUSTOMERS_ALE_SERVICES_ALE VALUES('2013-11-02 14:51:54.000000000',1.0E0,1.0E0,3.0E0,1.0E0)
INSERT INTO CONTROLLER_TARGET_CONFIGURATION_DSG_CUSTOMERS_ALE_SERVICES_ALE VALUES('2013-11-02 14:52:04.000000000',1.0E0,1.0E0,3.0E0,1.0E0)
INSERT INTO CONTROLLER_TARGET_CONFIGURATION_DSG_CUSTOMERS_ALE_SERVICES_ALE VALUES('2013-11-02 14:52:14.000000000',1.0E0,1.0E0,3.0E0,1.0E0)
INSERT INTO CONTROLLER_TARGET_CONFIGURATION_DSG_CUSTOMERS_ALE_SERVICES_ALE VALUES('2013-11-02 14:52:24.000000000',1.0E0,1.0E0,3.0E0,1.0E0)
INSERT INTO CONTROLLER_TARGET_CONFIGURATION_DSG_CUSTOMERS_ALE_SERVICES_ALE VALUES('2013-11-02 14:52:34.000000000',1.0E0,1.0E0,3.0E0,1.0E0)
INSERT INTO CONTROLLER_TARGET_CONFIGURATION_DSG_CUSTOMERS_ALE_SERVICES_ALE VALUES('2013-11-02 14:52:44.000000000',1.0E0,1.0E0,3.0E0,1.0E0)
INSERT INTO CONTROLLER_TARGET_CONFIGURATION_DSG_CUSTOMERS_ALE_SERVICES_ALE VALUES('2013-11-02 14:52:54.000000000',1.0E0,1.0E0,2.0E0,1.0E0)
INSERT INTO CONTROLLER_TARGET_CONFIGURATION_DSG_CUSTOMERS_ALE_SERVICES_ALE VALUES('2013-11-02 14:53:17.000000000',1.0E0,1.0E0,2.0E0,1.0E0)
INSERT INTO CONTROLLER_TARGET_CONFIGURATION_DSG_CUSTOMERS_ALE_SERVICES_ALE VALUES('2013-11-02 14:53:24.000000000',1.0E0,1.0E0,2.0E0,1.0E0)
INSERT INTO CONTROLLER_TARGET_CONFIGURATION_DSG_CUSTOMERS_ALE_SERVICES_ALE VALUES('2013-11-02 14:53:34.000000000',1.0E0,1.0E0,2.0E0,1.0E0)
INSERT INTO CONTROLLER_TARGET_CONFIGURATION_DSG_CUSTOMERS_ALE_SERVICES_ALE VALUES('2013-11-02 14:53:44.000000000',1.0E0,1.0E0,2.0E0,1.0E0)
INSERT INTO CONTROLLER_TARGET_CONFIGURATION_DSG_CUSTOMERS_ALE_SERVICES_ALE VALUES('2013-11-02 14:53:54.000000000',1.0E0,1.0E0,2.0E0,1.0E0)
INSERT INTO CONTROLLER_TARGET_CONFIGURATION_DSG_CUSTOMERS_ALE_SERVICES_ALE VALUES('2013-11-02 14:54:04.000000000',1.0E0,1.0E0,2.0E0,1.0E0)
INSERT INTO CONTROLLER_TARGET_CONFIGURATION_DSG_CUSTOMERS_ALE_SERVICES_ALE VALUES('2013-11-02 14:54:14.000000000',1.0E0,1.0E0,2.0E0,1.0E0)
INSERT INTO CONTROLLER_TARGET_CONFIGURATION_DSG_CUSTOMERS_ALE_SERVICES_ALE VALUES('2013-11-02 14:54:24.000000000',1.0E0,1.0E0,2.0E0,1.0E0)
INSERT INTO CONTROLLER_TARGET_CONFIGURATION_DSG_CUSTOMERS_ALE_SERVICES_ALE VALUES('2013-11-02 14:54:34.000000000',1.0E0,1.0E0,2.0E0,1.0E0)
INSERT INTO CONTROLLER_TARGET_CONFIGURATION_DSG_CUSTOMERS_ALE_SERVICES_ALE VALUES('2013-11-02 14:54:44.000000000',1.0E0,1.0E0,2.0E0,1.0E0)
INSERT INTO CONTROLLER_TARGET_CONFIGURATION_DSG_CUSTOMERS_ALE_SERVICES_ALE VALUES('2013-11-02 14:54:54.000000000',1.0E0,1.0E0,1.0E0,1.0E0)
INSERT INTO CONTROLLER_TARGET_CONFIGURATION_DSG_CUSTOMERS_ALE_SERVICES_ALE VALUES('2013-11-02 14:55:15.000000000',1.0E0,1.0E0,1.0E0,1.0E0)
INSERT INTO CONTROLLER_TARGET_CONFIGURATION_DSG_CUSTOMERS_ALE_SERVICES_ALE VALUES('2013-11-02 14:55:24.000000000',1.0E0,1.0E0,1.0E0,1.0E0)
INSERT INTO CONTROLLER_TARGET_CONFIGURATION_DSG_CUSTOMERS_ALE_SERVICES_ALE VALUES('2013-11-02 14:55:34.000000000',1.0E0,1.0E0,1.0E0,1.0E0)
INSERT INTO CONTROLLER_TARGET_CONFIGURATION_DSG_CUSTOMERS_ALE_SERVICES_ALE VALUES('2013-11-02 14:55:44.000000000',1.0E0,1.0E0,1.0E0,1.0E0)
INSERT INTO CONTROLLER_TARGET_CONFIGURATION_DSG_CUSTOMERS_ALE_SERVICES_ALE VALUES('2013-11-02 14:55:54.000000000',1.0E0,1.0E0,1.0E0,1.0E0)
INSERT INTO CONTROLLER_TARGET_CONFIGURATION_DSG_CUSTOMERS_ALE_SERVICES_ALE VALUES('2013-11-02 14:56:04.000000000',1.0E0,1.0E0,1.0E0,1.0E0)
INSERT INTO CONTROLLER_TARGET_CONFIGURATION_DSG_CUSTOMERS_ALE_SERVICES_ALE VALUES('2013-11-02 14:56:14.000000000',1.0E0,1.0E0,1.0E0,1.0E0)
INSERT INTO CONTROLLER_TARGET_CONFIGURATION_DSG_CUSTOMERS_ALE_SERVICES_ALE VALUES('2013-11-02 14:56:24.000000000',1.0E0,1.0E0,1.0E0,1.0E0)
INSERT INTO CONTROLLER_TARGET_CONFIGURATION_DSG_CUSTOMERS_ALE_SERVICES_ALE VALUES('2013-11-02 14:56:34.000000000',1.0E0,1.0E0,1.0E0,1.0E0)
INSERT INTO CONTROLLER_TARGET_CONFIGURATION_DSG_CUSTOMERS_ALE_SERVICES_ALE VALUES('2013-11-02 14:56:44.000000000',1.0E0,1.0E0,1.0E0,1.0E0)
INSERT INTO CONTROLLER_TARGET_CONFIGURATION_DSG_CUSTOMERS_ALE_SERVICES_ALE VALUES('2013-11-02 14:56:54.000000000',1.0E0,1.0E0,1.0E0,1.0E0)
INSERT INTO CONTROLLER_TARGET_CONFIGURATION_DSG_CUSTOMERS_ALE_SERVICES_ALE VALUES('2013-11-02 14:57:04.000000000',1.0E0,1.0E0,1.0E0,1.0E0)
INSERT INTO CONTROLLER_TARGET_CONFIGURATION_DSG_CUSTOMERS_ALE_SERVICES_ALE VALUES('2013-11-02 14:57:14.000000000',1.0E0,1.0E0,1.0E0,1.0E0)
INSERT INTO CONTROLLER_TARGET_CONFIGURATION_DSG_CUSTOMERS_ALE_SERVICES_ALE VALUES('2013-11-02 14:57:24.000000000',1.0E0,1.0E0,1.0E0,1.0E0)
INSERT INTO CONTROLLER_TARGET_CONFIGURATION_DSG_CUSTOMERS_ALE_SERVICES_ALE VALUES('2013-11-02 14:57:34.000000000',1.0E0,1.0E0,1.0E0,1.0E0)
INSERT INTO CONTROLLER_TARGET_CONFIGURATION_DSG_CUSTOMERS_ALE_SERVICES_ALE VALUES('2013-11-02 14:57:44.000000000',1.0E0,1.0E0,1.0E0,1.0E0)
INSERT INTO CONTROLLER_TARGET_CONFIGURATION_DSG_CUSTOMERS_ALE_SERVICES_ALE VALUES('2013-11-02 14:57:54.000000000',1.0E0,1.0E0,1.0E0,1.0E0)
INSERT INTO CONTROLLER_TARGET_CONFIGURATION_DSG_CUSTOMERS_ALE_SERVICES_ALE VALUES('2013-11-02 14:58:04.000000000',1.0E0,1.0E0,1.0E0,1.0E0)
INSERT INTO CONTROLLER_TARGET_CONFIGURATION_DSG_CUSTOMERS_ALE_SERVICES_ALE VALUES('2013-11-02 14:58:14.000000000',1.0E0,1.0E0,1.0E0,1.0E0)
INSERT INTO CONTROLLER_TARGET_CONFIGURATION_DSG_CUSTOMERS_ALE_SERVICES_ALE VALUES('2013-11-02 14:58:24.000000000',1.0E0,1.0E0,1.0E0,1.0E0)
INSERT INTO CONTROLLER_TARGET_CONFIGURATION_DSG_CUSTOMERS_ALE_SERVICES_ALE VALUES('2013-11-02 14:58:34.000000000',1.0E0,1.0E0,1.0E0,1.0E0)
INSERT INTO CONTROLLER_TARGET_CONFIGURATION_DSG_CUSTOMERS_ALE_SERVICES_ALE VALUES('2013-11-02 14:58:44.000000000',1.0E0,1.0E0,1.0E0,1.0E0)
INSERT INTO CONTROLLER_TARGET_CONFIGURATION_DSG_CUSTOMERS_ALE_SERVICES_ALE VALUES('2013-11-02 14:58:54.000000000',1.0E0,1.0E0,1.0E0,1.0E0)
INSERT INTO CONTROLLER_TARGET_CONFIGURATION_DSG_CUSTOMERS_ALE_SERVICES_ALE VALUES('2013-11-02 14:59:04.000000000',1.0E0,1.0E0,1.0E0,1.0E0)
INSERT INTO CONTROLLER_TARGET_CONFIGURATION_DSG_CUSTOMERS_ALE_SERVICES_ALE VALUES('2013-11-02 14:59:14.000000000',1.0E0,1.0E0,1.0E0,1.0E0)
INSERT INTO CONTROLLER_TARGET_CONFIGURATION_DSG_CUSTOMERS_ALE_SERVICES_ALE VALUES('2013-11-02 14:59:24.000000000',1.0E0,1.0E0,1.0E0,1.0E0)
INSERT INTO CONTROLLER_TARGET_CONFIGURATION_DSG_CUSTOMERS_ALE_SERVICES_ALE VALUES('2013-11-02 14:59:34.000000000',1.0E0,1.0E0,1.0E0,1.0E0)
INSERT INTO CONTROLLER_TARGET_CONFIGURATION_DSG_CUSTOMERS_ALE_SERVICES_ALE VALUES('2013-11-02 14:59:44.000000000',1.0E0,1.0E0,1.0E0,1.0E0)
INSERT INTO CONTROLLER_TARGET_CONFIGURATION_DSG_CUSTOMERS_ALE_SERVICES_ALE VALUES('2013-11-02 14:59:54.000000000',1.0E0,1.0E0,1.0E0,1.0E0)
INSERT INTO CONTROLLER_TARGET_CONFIGURATION_DSG_CUSTOMERS_ALE_SERVICES_ALE VALUES('2013-11-02 15:00:04.000000000',1.0E0,1.0E0,1.0E0,1.0E0)
DISCONNECT
